[2025-12-10T15:36:42.017+0000] {processor.py:161} INFO - Started process (PID=89) to work on /opt/airflow/dags/ETL_Dag.py
[2025-12-10T15:36:42.021+0000] {processor.py:830} INFO - Processing file /opt/airflow/dags/ETL_Dag.py for tasks to queue
[2025-12-10T15:36:42.026+0000] {logging_mixin.py:188} INFO - [2025-12-10T15:36:42.025+0000] {dagbag.py:540} INFO - Filling up the DagBag from /opt/airflow/dags/ETL_Dag.py
[2025-12-10T15:36:42.201+0000] {processor.py:840} INFO - DAG(s) 'etl_sqlserver_to_postgres' retrieved from /opt/airflow/dags/ETL_Dag.py
[2025-12-10T15:36:42.382+0000] {logging_mixin.py:188} INFO - [2025-12-10T15:36:42.382+0000] {dag.py:3047} INFO - Sync 1 DAGs
[2025-12-10T15:36:42.437+0000] {logging_mixin.py:188} INFO - [2025-12-10T15:36:42.437+0000] {dag.py:3834} INFO - Setting next_dagrun for etl_sqlserver_to_postgres to None, run_after=None
[2025-12-10T15:36:42.539+0000] {processor.py:183} INFO - Processing /opt/airflow/dags/ETL_Dag.py took 0.534 seconds
[2025-12-10T15:37:12.918+0000] {processor.py:161} INFO - Started process (PID=96) to work on /opt/airflow/dags/ETL_Dag.py
[2025-12-10T15:37:12.923+0000] {processor.py:830} INFO - Processing file /opt/airflow/dags/ETL_Dag.py for tasks to queue
[2025-12-10T15:37:12.931+0000] {logging_mixin.py:188} INFO - [2025-12-10T15:37:12.930+0000] {dagbag.py:540} INFO - Filling up the DagBag from /opt/airflow/dags/ETL_Dag.py
[2025-12-10T15:37:13.145+0000] {processor.py:840} INFO - DAG(s) 'etl_sqlserver_to_postgres' retrieved from /opt/airflow/dags/ETL_Dag.py
[2025-12-10T15:37:13.259+0000] {logging_mixin.py:188} INFO - [2025-12-10T15:37:13.259+0000] {dag.py:3047} INFO - Sync 1 DAGs
[2025-12-10T15:37:13.316+0000] {logging_mixin.py:188} INFO - [2025-12-10T15:37:13.315+0000] {dag.py:3834} INFO - Setting next_dagrun for etl_sqlserver_to_postgres to None, run_after=None
[2025-12-10T15:37:13.408+0000] {processor.py:183} INFO - Processing /opt/airflow/dags/ETL_Dag.py took 0.507 seconds
[2025-12-10T15:37:43.789+0000] {processor.py:161} INFO - Started process (PID=103) to work on /opt/airflow/dags/ETL_Dag.py
[2025-12-10T15:37:43.793+0000] {processor.py:830} INFO - Processing file /opt/airflow/dags/ETL_Dag.py for tasks to queue
[2025-12-10T15:37:43.808+0000] {logging_mixin.py:188} INFO - [2025-12-10T15:37:43.807+0000] {dagbag.py:540} INFO - Filling up the DagBag from /opt/airflow/dags/ETL_Dag.py
[2025-12-10T15:37:44.029+0000] {processor.py:840} INFO - DAG(s) 'etl_sqlserver_to_postgres' retrieved from /opt/airflow/dags/ETL_Dag.py
[2025-12-10T15:37:44.192+0000] {logging_mixin.py:188} INFO - [2025-12-10T15:37:44.190+0000] {dag.py:3047} INFO - Sync 1 DAGs
[2025-12-10T15:37:44.272+0000] {logging_mixin.py:188} INFO - [2025-12-10T15:37:44.271+0000] {dag.py:3834} INFO - Setting next_dagrun for etl_sqlserver_to_postgres to None, run_after=None
[2025-12-10T15:37:44.364+0000] {processor.py:183} INFO - Processing /opt/airflow/dags/ETL_Dag.py took 0.593 seconds
