[2025-11-27T13:05:11.066+0000] {processor.py:161} INFO - Started process (PID=95) to work on /opt/airflow/dags/ETL_Dag.py
[2025-11-27T13:05:11.074+0000] {processor.py:830} INFO - Processing file /opt/airflow/dags/ETL_Dag.py for tasks to queue
[2025-11-27T13:05:11.087+0000] {logging_mixin.py:188} INFO - [2025-11-27T13:05:11.086+0000] {dagbag.py:540} INFO - Filling up the DagBag from /opt/airflow/dags/ETL_Dag.py
[2025-11-27T13:05:11.378+0000] {processor.py:840} INFO - DAG(s) 'etl_sqlserver_to_postgres' retrieved from /opt/airflow/dags/ETL_Dag.py
[2025-11-27T13:05:11.577+0000] {logging_mixin.py:188} INFO - [2025-11-27T13:05:11.576+0000] {dag.py:3047} INFO - Sync 1 DAGs
[2025-11-27T13:05:11.693+0000] {logging_mixin.py:188} INFO - [2025-11-27T13:05:11.693+0000] {dag.py:3834} INFO - Setting next_dagrun for etl_sqlserver_to_postgres to None, run_after=None
[2025-11-27T13:05:11.876+0000] {processor.py:183} INFO - Processing /opt/airflow/dags/ETL_Dag.py took 0.829 seconds
[2025-11-27T13:05:42.362+0000] {processor.py:161} INFO - Started process (PID=102) to work on /opt/airflow/dags/ETL_Dag.py
[2025-11-27T13:05:42.366+0000] {processor.py:830} INFO - Processing file /opt/airflow/dags/ETL_Dag.py for tasks to queue
[2025-11-27T13:05:42.371+0000] {logging_mixin.py:188} INFO - [2025-11-27T13:05:42.370+0000] {dagbag.py:540} INFO - Filling up the DagBag from /opt/airflow/dags/ETL_Dag.py
[2025-11-27T13:05:42.493+0000] {processor.py:840} INFO - DAG(s) 'etl_sqlserver_to_postgres' retrieved from /opt/airflow/dags/ETL_Dag.py
[2025-11-27T13:05:42.593+0000] {logging_mixin.py:188} INFO - [2025-11-27T13:05:42.592+0000] {dag.py:3047} INFO - Sync 1 DAGs
[2025-11-27T13:05:42.655+0000] {logging_mixin.py:188} INFO - [2025-11-27T13:05:42.654+0000] {dag.py:3834} INFO - Setting next_dagrun for etl_sqlserver_to_postgres to None, run_after=None
[2025-11-27T13:05:42.866+0000] {processor.py:183} INFO - Processing /opt/airflow/dags/ETL_Dag.py took 0.514 seconds
[2025-11-27T13:06:13.324+0000] {processor.py:161} INFO - Started process (PID=109) to work on /opt/airflow/dags/ETL_Dag.py
[2025-11-27T13:06:13.326+0000] {processor.py:830} INFO - Processing file /opt/airflow/dags/ETL_Dag.py for tasks to queue
[2025-11-27T13:06:13.328+0000] {logging_mixin.py:188} INFO - [2025-11-27T13:06:13.328+0000] {dagbag.py:540} INFO - Filling up the DagBag from /opt/airflow/dags/ETL_Dag.py
[2025-11-27T13:06:13.380+0000] {processor.py:840} INFO - DAG(s) 'etl_sqlserver_to_postgres' retrieved from /opt/airflow/dags/ETL_Dag.py
[2025-11-27T13:06:13.411+0000] {logging_mixin.py:188} INFO - [2025-11-27T13:06:13.411+0000] {dag.py:3047} INFO - Sync 1 DAGs
[2025-11-27T13:06:13.424+0000] {logging_mixin.py:188} INFO - [2025-11-27T13:06:13.424+0000] {dag.py:3834} INFO - Setting next_dagrun for etl_sqlserver_to_postgres to None, run_after=None
[2025-11-27T13:06:13.485+0000] {processor.py:183} INFO - Processing /opt/airflow/dags/ETL_Dag.py took 0.165 seconds
[2025-11-27T13:06:43.697+0000] {processor.py:161} INFO - Started process (PID=116) to work on /opt/airflow/dags/ETL_Dag.py
[2025-11-27T13:06:43.702+0000] {processor.py:830} INFO - Processing file /opt/airflow/dags/ETL_Dag.py for tasks to queue
[2025-11-27T13:06:43.709+0000] {logging_mixin.py:188} INFO - [2025-11-27T13:06:43.708+0000] {dagbag.py:540} INFO - Filling up the DagBag from /opt/airflow/dags/ETL_Dag.py
[2025-11-27T13:06:43.839+0000] {processor.py:840} INFO - DAG(s) 'etl_sqlserver_to_postgres' retrieved from /opt/airflow/dags/ETL_Dag.py
[2025-11-27T13:06:43.910+0000] {logging_mixin.py:188} INFO - [2025-11-27T13:06:43.909+0000] {dag.py:3047} INFO - Sync 1 DAGs
[2025-11-27T13:06:43.943+0000] {logging_mixin.py:188} INFO - [2025-11-27T13:06:43.942+0000] {dag.py:3834} INFO - Setting next_dagrun for etl_sqlserver_to_postgres to None, run_after=None
[2025-11-27T13:06:44.041+0000] {processor.py:183} INFO - Processing /opt/airflow/dags/ETL_Dag.py took 0.357 seconds
[2025-11-27T13:07:14.388+0000] {processor.py:161} INFO - Started process (PID=123) to work on /opt/airflow/dags/ETL_Dag.py
[2025-11-27T13:07:14.390+0000] {processor.py:830} INFO - Processing file /opt/airflow/dags/ETL_Dag.py for tasks to queue
[2025-11-27T13:07:14.395+0000] {logging_mixin.py:188} INFO - [2025-11-27T13:07:14.394+0000] {dagbag.py:540} INFO - Filling up the DagBag from /opt/airflow/dags/ETL_Dag.py
[2025-11-27T13:07:14.510+0000] {processor.py:840} INFO - DAG(s) 'etl_sqlserver_to_postgres' retrieved from /opt/airflow/dags/ETL_Dag.py
[2025-11-27T13:07:14.579+0000] {logging_mixin.py:188} INFO - [2025-11-27T13:07:14.578+0000] {dag.py:3047} INFO - Sync 1 DAGs
[2025-11-27T13:07:14.637+0000] {logging_mixin.py:188} INFO - [2025-11-27T13:07:14.637+0000] {dag.py:3834} INFO - Setting next_dagrun for etl_sqlserver_to_postgres to None, run_after=None
[2025-11-27T13:07:14.677+0000] {processor.py:183} INFO - Processing /opt/airflow/dags/ETL_Dag.py took 0.298 seconds
[2025-11-27T13:07:44.973+0000] {processor.py:161} INFO - Started process (PID=130) to work on /opt/airflow/dags/ETL_Dag.py
[2025-11-27T13:07:44.977+0000] {processor.py:830} INFO - Processing file /opt/airflow/dags/ETL_Dag.py for tasks to queue
[2025-11-27T13:07:44.982+0000] {logging_mixin.py:188} INFO - [2025-11-27T13:07:44.981+0000] {dagbag.py:540} INFO - Filling up the DagBag from /opt/airflow/dags/ETL_Dag.py
[2025-11-27T13:07:45.111+0000] {processor.py:840} INFO - DAG(s) 'etl_sqlserver_to_postgres' retrieved from /opt/airflow/dags/ETL_Dag.py
[2025-11-27T13:07:45.174+0000] {logging_mixin.py:188} INFO - [2025-11-27T13:07:45.173+0000] {dag.py:3047} INFO - Sync 1 DAGs
[2025-11-27T13:07:45.205+0000] {logging_mixin.py:188} INFO - [2025-11-27T13:07:45.205+0000] {dag.py:3834} INFO - Setting next_dagrun for etl_sqlserver_to_postgres to None, run_after=None
[2025-11-27T13:07:45.282+0000] {processor.py:183} INFO - Processing /opt/airflow/dags/ETL_Dag.py took 0.321 seconds
[2025-11-27T13:08:15.677+0000] {processor.py:161} INFO - Started process (PID=137) to work on /opt/airflow/dags/ETL_Dag.py
[2025-11-27T13:08:15.680+0000] {processor.py:830} INFO - Processing file /opt/airflow/dags/ETL_Dag.py for tasks to queue
[2025-11-27T13:08:15.684+0000] {logging_mixin.py:188} INFO - [2025-11-27T13:08:15.683+0000] {dagbag.py:540} INFO - Filling up the DagBag from /opt/airflow/dags/ETL_Dag.py
[2025-11-27T13:08:15.792+0000] {processor.py:840} INFO - DAG(s) 'etl_sqlserver_to_postgres' retrieved from /opt/airflow/dags/ETL_Dag.py
[2025-11-27T13:08:15.866+0000] {logging_mixin.py:188} INFO - [2025-11-27T13:08:15.865+0000] {dag.py:3047} INFO - Sync 1 DAGs
[2025-11-27T13:08:15.897+0000] {logging_mixin.py:188} INFO - [2025-11-27T13:08:15.896+0000] {dag.py:3834} INFO - Setting next_dagrun for etl_sqlserver_to_postgres to None, run_after=None
[2025-11-27T13:08:15.973+0000] {processor.py:183} INFO - Processing /opt/airflow/dags/ETL_Dag.py took 0.305 seconds
[2025-11-27T13:08:46.266+0000] {processor.py:161} INFO - Started process (PID=144) to work on /opt/airflow/dags/ETL_Dag.py
[2025-11-27T13:08:46.268+0000] {processor.py:830} INFO - Processing file /opt/airflow/dags/ETL_Dag.py for tasks to queue
[2025-11-27T13:08:46.271+0000] {logging_mixin.py:188} INFO - [2025-11-27T13:08:46.271+0000] {dagbag.py:540} INFO - Filling up the DagBag from /opt/airflow/dags/ETL_Dag.py
[2025-11-27T13:08:46.326+0000] {processor.py:840} INFO - DAG(s) 'etl_sqlserver_to_postgres' retrieved from /opt/airflow/dags/ETL_Dag.py
[2025-11-27T13:08:46.367+0000] {logging_mixin.py:188} INFO - [2025-11-27T13:08:46.367+0000] {dag.py:3047} INFO - Sync 1 DAGs
[2025-11-27T13:08:46.392+0000] {logging_mixin.py:188} INFO - [2025-11-27T13:08:46.392+0000] {dag.py:3834} INFO - Setting next_dagrun for etl_sqlserver_to_postgres to None, run_after=None
[2025-11-27T13:08:46.500+0000] {processor.py:183} INFO - Processing /opt/airflow/dags/ETL_Dag.py took 0.238 seconds
[2025-11-27T13:09:16.775+0000] {processor.py:161} INFO - Started process (PID=151) to work on /opt/airflow/dags/ETL_Dag.py
[2025-11-27T13:09:16.777+0000] {processor.py:830} INFO - Processing file /opt/airflow/dags/ETL_Dag.py for tasks to queue
[2025-11-27T13:09:16.779+0000] {logging_mixin.py:188} INFO - [2025-11-27T13:09:16.779+0000] {dagbag.py:540} INFO - Filling up the DagBag from /opt/airflow/dags/ETL_Dag.py
[2025-11-27T13:09:16.830+0000] {processor.py:840} INFO - DAG(s) 'etl_sqlserver_to_postgres' retrieved from /opt/airflow/dags/ETL_Dag.py
[2025-11-27T13:09:16.861+0000] {logging_mixin.py:188} INFO - [2025-11-27T13:09:16.861+0000] {dag.py:3047} INFO - Sync 1 DAGs
[2025-11-27T13:09:16.873+0000] {logging_mixin.py:188} INFO - [2025-11-27T13:09:16.873+0000] {dag.py:3834} INFO - Setting next_dagrun for etl_sqlserver_to_postgres to None, run_after=None
[2025-11-27T13:09:16.929+0000] {processor.py:183} INFO - Processing /opt/airflow/dags/ETL_Dag.py took 0.159 seconds
[2025-11-27T13:09:47.063+0000] {processor.py:161} INFO - Started process (PID=158) to work on /opt/airflow/dags/ETL_Dag.py
[2025-11-27T13:09:47.065+0000] {processor.py:830} INFO - Processing file /opt/airflow/dags/ETL_Dag.py for tasks to queue
[2025-11-27T13:09:47.067+0000] {logging_mixin.py:188} INFO - [2025-11-27T13:09:47.067+0000] {dagbag.py:540} INFO - Filling up the DagBag from /opt/airflow/dags/ETL_Dag.py
[2025-11-27T13:09:47.116+0000] {processor.py:840} INFO - DAG(s) 'etl_sqlserver_to_postgres' retrieved from /opt/airflow/dags/ETL_Dag.py
[2025-11-27T13:09:47.155+0000] {logging_mixin.py:188} INFO - [2025-11-27T13:09:47.154+0000] {dag.py:3047} INFO - Sync 1 DAGs
[2025-11-27T13:09:47.171+0000] {logging_mixin.py:188} INFO - [2025-11-27T13:09:47.171+0000] {dag.py:3834} INFO - Setting next_dagrun for etl_sqlserver_to_postgres to None, run_after=None
[2025-11-27T13:09:47.231+0000] {processor.py:183} INFO - Processing /opt/airflow/dags/ETL_Dag.py took 0.173 seconds
[2025-11-27T13:10:17.575+0000] {processor.py:161} INFO - Started process (PID=165) to work on /opt/airflow/dags/ETL_Dag.py
[2025-11-27T13:10:17.577+0000] {processor.py:830} INFO - Processing file /opt/airflow/dags/ETL_Dag.py for tasks to queue
[2025-11-27T13:10:17.582+0000] {logging_mixin.py:188} INFO - [2025-11-27T13:10:17.581+0000] {dagbag.py:540} INFO - Filling up the DagBag from /opt/airflow/dags/ETL_Dag.py
[2025-11-27T13:10:17.695+0000] {processor.py:840} INFO - DAG(s) 'etl_sqlserver_to_postgres' retrieved from /opt/airflow/dags/ETL_Dag.py
[2025-11-27T13:10:17.776+0000] {logging_mixin.py:188} INFO - [2025-11-27T13:10:17.776+0000] {dag.py:3047} INFO - Sync 1 DAGs
[2025-11-27T13:10:17.819+0000] {logging_mixin.py:188} INFO - [2025-11-27T13:10:17.818+0000] {dag.py:3834} INFO - Setting next_dagrun for etl_sqlserver_to_postgres to None, run_after=None
[2025-11-27T13:10:17.923+0000] {processor.py:183} INFO - Processing /opt/airflow/dags/ETL_Dag.py took 0.356 seconds
[2025-11-27T13:10:48.208+0000] {processor.py:161} INFO - Started process (PID=172) to work on /opt/airflow/dags/ETL_Dag.py
[2025-11-27T13:10:48.210+0000] {processor.py:830} INFO - Processing file /opt/airflow/dags/ETL_Dag.py for tasks to queue
[2025-11-27T13:10:48.212+0000] {logging_mixin.py:188} INFO - [2025-11-27T13:10:48.212+0000] {dagbag.py:540} INFO - Filling up the DagBag from /opt/airflow/dags/ETL_Dag.py
[2025-11-27T13:10:48.274+0000] {processor.py:840} INFO - DAG(s) 'etl_sqlserver_to_postgres' retrieved from /opt/airflow/dags/ETL_Dag.py
[2025-11-27T13:10:48.304+0000] {logging_mixin.py:188} INFO - [2025-11-27T13:10:48.304+0000] {dag.py:3047} INFO - Sync 1 DAGs
[2025-11-27T13:10:48.318+0000] {logging_mixin.py:188} INFO - [2025-11-27T13:10:48.317+0000] {dag.py:3834} INFO - Setting next_dagrun for etl_sqlserver_to_postgres to None, run_after=None
[2025-11-27T13:10:48.376+0000] {processor.py:183} INFO - Processing /opt/airflow/dags/ETL_Dag.py took 0.173 seconds
[2025-11-27T13:11:18.510+0000] {processor.py:161} INFO - Started process (PID=179) to work on /opt/airflow/dags/ETL_Dag.py
[2025-11-27T13:11:18.512+0000] {processor.py:830} INFO - Processing file /opt/airflow/dags/ETL_Dag.py for tasks to queue
[2025-11-27T13:11:18.514+0000] {logging_mixin.py:188} INFO - [2025-11-27T13:11:18.513+0000] {dagbag.py:540} INFO - Filling up the DagBag from /opt/airflow/dags/ETL_Dag.py
[2025-11-27T13:11:18.560+0000] {processor.py:840} INFO - DAG(s) 'etl_sqlserver_to_postgres' retrieved from /opt/airflow/dags/ETL_Dag.py
[2025-11-27T13:11:18.590+0000] {logging_mixin.py:188} INFO - [2025-11-27T13:11:18.590+0000] {dag.py:3047} INFO - Sync 1 DAGs
[2025-11-27T13:11:18.603+0000] {logging_mixin.py:188} INFO - [2025-11-27T13:11:18.602+0000] {dag.py:3834} INFO - Setting next_dagrun for etl_sqlserver_to_postgres to None, run_after=None
[2025-11-27T13:11:18.673+0000] {processor.py:183} INFO - Processing /opt/airflow/dags/ETL_Dag.py took 0.166 seconds
[2025-11-27T13:11:48.972+0000] {processor.py:161} INFO - Started process (PID=186) to work on /opt/airflow/dags/ETL_Dag.py
[2025-11-27T13:11:48.973+0000] {processor.py:830} INFO - Processing file /opt/airflow/dags/ETL_Dag.py for tasks to queue
[2025-11-27T13:11:48.975+0000] {logging_mixin.py:188} INFO - [2025-11-27T13:11:48.975+0000] {dagbag.py:540} INFO - Filling up the DagBag from /opt/airflow/dags/ETL_Dag.py
[2025-11-27T13:11:49.029+0000] {processor.py:840} INFO - DAG(s) 'etl_sqlserver_to_postgres' retrieved from /opt/airflow/dags/ETL_Dag.py
[2025-11-27T13:11:49.057+0000] {logging_mixin.py:188} INFO - [2025-11-27T13:11:49.057+0000] {dag.py:3047} INFO - Sync 1 DAGs
[2025-11-27T13:11:49.070+0000] {logging_mixin.py:188} INFO - [2025-11-27T13:11:49.070+0000] {dag.py:3834} INFO - Setting next_dagrun for etl_sqlserver_to_postgres to None, run_after=None
[2025-11-27T13:11:49.093+0000] {processor.py:183} INFO - Processing /opt/airflow/dags/ETL_Dag.py took 0.125 seconds
[2025-11-27T13:12:19.188+0000] {processor.py:161} INFO - Started process (PID=193) to work on /opt/airflow/dags/ETL_Dag.py
[2025-11-27T13:12:19.190+0000] {processor.py:830} INFO - Processing file /opt/airflow/dags/ETL_Dag.py for tasks to queue
[2025-11-27T13:12:19.192+0000] {logging_mixin.py:188} INFO - [2025-11-27T13:12:19.192+0000] {dagbag.py:540} INFO - Filling up the DagBag from /opt/airflow/dags/ETL_Dag.py
[2025-11-27T13:12:19.242+0000] {processor.py:840} INFO - DAG(s) 'etl_sqlserver_to_postgres' retrieved from /opt/airflow/dags/ETL_Dag.py
[2025-11-27T13:12:19.271+0000] {logging_mixin.py:188} INFO - [2025-11-27T13:12:19.270+0000] {dag.py:3047} INFO - Sync 1 DAGs
[2025-11-27T13:12:19.283+0000] {logging_mixin.py:188} INFO - [2025-11-27T13:12:19.283+0000] {dag.py:3834} INFO - Setting next_dagrun for etl_sqlserver_to_postgres to None, run_after=None
[2025-11-27T13:12:19.306+0000] {processor.py:183} INFO - Processing /opt/airflow/dags/ETL_Dag.py took 0.122 seconds
[2025-11-27T13:12:49.412+0000] {processor.py:161} INFO - Started process (PID=200) to work on /opt/airflow/dags/ETL_Dag.py
[2025-11-27T13:12:49.414+0000] {processor.py:830} INFO - Processing file /opt/airflow/dags/ETL_Dag.py for tasks to queue
[2025-11-27T13:12:49.417+0000] {logging_mixin.py:188} INFO - [2025-11-27T13:12:49.417+0000] {dagbag.py:540} INFO - Filling up the DagBag from /opt/airflow/dags/ETL_Dag.py
[2025-11-27T13:12:49.480+0000] {processor.py:840} INFO - DAG(s) 'etl_sqlserver_to_postgres' retrieved from /opt/airflow/dags/ETL_Dag.py
[2025-11-27T13:12:49.509+0000] {logging_mixin.py:188} INFO - [2025-11-27T13:12:49.509+0000] {dag.py:3047} INFO - Sync 1 DAGs
[2025-11-27T13:12:49.522+0000] {logging_mixin.py:188} INFO - [2025-11-27T13:12:49.522+0000] {dag.py:3834} INFO - Setting next_dagrun for etl_sqlserver_to_postgres to None, run_after=None
[2025-11-27T13:12:49.545+0000] {processor.py:183} INFO - Processing /opt/airflow/dags/ETL_Dag.py took 0.138 seconds
[2025-11-27T13:13:19.810+0000] {processor.py:161} INFO - Started process (PID=207) to work on /opt/airflow/dags/ETL_Dag.py
[2025-11-27T13:13:19.811+0000] {processor.py:830} INFO - Processing file /opt/airflow/dags/ETL_Dag.py for tasks to queue
[2025-11-27T13:13:19.813+0000] {logging_mixin.py:188} INFO - [2025-11-27T13:13:19.813+0000] {dagbag.py:540} INFO - Filling up the DagBag from /opt/airflow/dags/ETL_Dag.py
[2025-11-27T13:13:19.859+0000] {processor.py:840} INFO - DAG(s) 'etl_sqlserver_to_postgres' retrieved from /opt/airflow/dags/ETL_Dag.py
[2025-11-27T13:13:19.889+0000] {logging_mixin.py:188} INFO - [2025-11-27T13:13:19.888+0000] {dag.py:3047} INFO - Sync 1 DAGs
[2025-11-27T13:13:19.919+0000] {logging_mixin.py:188} INFO - [2025-11-27T13:13:19.919+0000] {dag.py:3834} INFO - Setting next_dagrun for etl_sqlserver_to_postgres to None, run_after=None
[2025-11-27T13:13:19.945+0000] {processor.py:183} INFO - Processing /opt/airflow/dags/ETL_Dag.py took 0.139 seconds
[2025-11-27T13:13:50.076+0000] {processor.py:161} INFO - Started process (PID=214) to work on /opt/airflow/dags/ETL_Dag.py
[2025-11-27T13:13:50.077+0000] {processor.py:830} INFO - Processing file /opt/airflow/dags/ETL_Dag.py for tasks to queue
[2025-11-27T13:13:50.080+0000] {logging_mixin.py:188} INFO - [2025-11-27T13:13:50.079+0000] {dagbag.py:540} INFO - Filling up the DagBag from /opt/airflow/dags/ETL_Dag.py
[2025-11-27T13:13:50.130+0000] {processor.py:840} INFO - DAG(s) 'etl_sqlserver_to_postgres' retrieved from /opt/airflow/dags/ETL_Dag.py
[2025-11-27T13:13:50.161+0000] {logging_mixin.py:188} INFO - [2025-11-27T13:13:50.160+0000] {dag.py:3047} INFO - Sync 1 DAGs
[2025-11-27T13:13:50.174+0000] {logging_mixin.py:188} INFO - [2025-11-27T13:13:50.174+0000] {dag.py:3834} INFO - Setting next_dagrun for etl_sqlserver_to_postgres to None, run_after=None
[2025-11-27T13:13:50.198+0000] {processor.py:183} INFO - Processing /opt/airflow/dags/ETL_Dag.py took 0.127 seconds
[2025-11-27T13:14:20.499+0000] {processor.py:161} INFO - Started process (PID=221) to work on /opt/airflow/dags/ETL_Dag.py
[2025-11-27T13:14:20.500+0000] {processor.py:830} INFO - Processing file /opt/airflow/dags/ETL_Dag.py for tasks to queue
[2025-11-27T13:14:20.502+0000] {logging_mixin.py:188} INFO - [2025-11-27T13:14:20.502+0000] {dagbag.py:540} INFO - Filling up the DagBag from /opt/airflow/dags/ETL_Dag.py
[2025-11-27T13:14:20.566+0000] {processor.py:840} INFO - DAG(s) 'etl_sqlserver_to_postgres' retrieved from /opt/airflow/dags/ETL_Dag.py
[2025-11-27T13:14:20.596+0000] {logging_mixin.py:188} INFO - [2025-11-27T13:14:20.596+0000] {dag.py:3047} INFO - Sync 1 DAGs
[2025-11-27T13:14:20.609+0000] {logging_mixin.py:188} INFO - [2025-11-27T13:14:20.609+0000] {dag.py:3834} INFO - Setting next_dagrun for etl_sqlserver_to_postgres to None, run_after=None
[2025-11-27T13:14:20.632+0000] {processor.py:183} INFO - Processing /opt/airflow/dags/ETL_Dag.py took 0.137 seconds
[2025-11-27T13:14:50.855+0000] {processor.py:161} INFO - Started process (PID=228) to work on /opt/airflow/dags/ETL_Dag.py
[2025-11-27T13:14:50.857+0000] {processor.py:830} INFO - Processing file /opt/airflow/dags/ETL_Dag.py for tasks to queue
[2025-11-27T13:14:50.859+0000] {logging_mixin.py:188} INFO - [2025-11-27T13:14:50.859+0000] {dagbag.py:540} INFO - Filling up the DagBag from /opt/airflow/dags/ETL_Dag.py
[2025-11-27T13:14:50.912+0000] {processor.py:840} INFO - DAG(s) 'etl_sqlserver_to_postgres' retrieved from /opt/airflow/dags/ETL_Dag.py
[2025-11-27T13:14:50.941+0000] {logging_mixin.py:188} INFO - [2025-11-27T13:14:50.940+0000] {dag.py:3047} INFO - Sync 1 DAGs
[2025-11-27T13:14:50.960+0000] {logging_mixin.py:188} INFO - [2025-11-27T13:14:50.960+0000] {dag.py:3834} INFO - Setting next_dagrun for etl_sqlserver_to_postgres to None, run_after=None
[2025-11-27T13:14:50.982+0000] {processor.py:183} INFO - Processing /opt/airflow/dags/ETL_Dag.py took 0.131 seconds
[2025-11-27T13:15:21.269+0000] {processor.py:161} INFO - Started process (PID=235) to work on /opt/airflow/dags/ETL_Dag.py
[2025-11-27T13:15:21.272+0000] {processor.py:830} INFO - Processing file /opt/airflow/dags/ETL_Dag.py for tasks to queue
[2025-11-27T13:15:21.277+0000] {logging_mixin.py:188} INFO - [2025-11-27T13:15:21.276+0000] {dagbag.py:540} INFO - Filling up the DagBag from /opt/airflow/dags/ETL_Dag.py
[2025-11-27T13:15:21.394+0000] {processor.py:840} INFO - DAG(s) 'etl_sqlserver_to_postgres' retrieved from /opt/airflow/dags/ETL_Dag.py
[2025-11-27T13:15:21.457+0000] {logging_mixin.py:188} INFO - [2025-11-27T13:15:21.456+0000] {dag.py:3047} INFO - Sync 1 DAGs
[2025-11-27T13:15:21.501+0000] {logging_mixin.py:188} INFO - [2025-11-27T13:15:21.500+0000] {dag.py:3834} INFO - Setting next_dagrun for etl_sqlserver_to_postgres to None, run_after=None
[2025-11-27T13:15:21.541+0000] {processor.py:183} INFO - Processing /opt/airflow/dags/ETL_Dag.py took 0.281 seconds
[2025-11-27T13:15:51.973+0000] {processor.py:161} INFO - Started process (PID=249) to work on /opt/airflow/dags/ETL_Dag.py
[2025-11-27T13:15:51.977+0000] {processor.py:830} INFO - Processing file /opt/airflow/dags/ETL_Dag.py for tasks to queue
[2025-11-27T13:15:51.984+0000] {logging_mixin.py:188} INFO - [2025-11-27T13:15:51.983+0000] {dagbag.py:540} INFO - Filling up the DagBag from /opt/airflow/dags/ETL_Dag.py
[2025-11-27T13:15:52.176+0000] {processor.py:840} INFO - DAG(s) 'etl_sqlserver_to_postgres' retrieved from /opt/airflow/dags/ETL_Dag.py
[2025-11-27T13:15:52.279+0000] {logging_mixin.py:188} INFO - [2025-11-27T13:15:52.279+0000] {dag.py:3047} INFO - Sync 1 DAGs
[2025-11-27T13:15:52.330+0000] {logging_mixin.py:188} INFO - [2025-11-27T13:15:52.329+0000] {dag.py:3834} INFO - Setting next_dagrun for etl_sqlserver_to_postgres to None, run_after=None
[2025-11-27T13:15:52.464+0000] {processor.py:183} INFO - Processing /opt/airflow/dags/ETL_Dag.py took 0.507 seconds
[2025-11-27T13:16:22.793+0000] {processor.py:161} INFO - Started process (PID=256) to work on /opt/airflow/dags/ETL_Dag.py
[2025-11-27T13:16:22.794+0000] {processor.py:830} INFO - Processing file /opt/airflow/dags/ETL_Dag.py for tasks to queue
[2025-11-27T13:16:22.797+0000] {logging_mixin.py:188} INFO - [2025-11-27T13:16:22.796+0000] {dagbag.py:540} INFO - Filling up the DagBag from /opt/airflow/dags/ETL_Dag.py
[2025-11-27T13:16:22.850+0000] {processor.py:840} INFO - DAG(s) 'etl_sqlserver_to_postgres' retrieved from /opt/airflow/dags/ETL_Dag.py
[2025-11-27T13:16:22.879+0000] {logging_mixin.py:188} INFO - [2025-11-27T13:16:22.879+0000] {dag.py:3047} INFO - Sync 1 DAGs
[2025-11-27T13:16:22.893+0000] {logging_mixin.py:188} INFO - [2025-11-27T13:16:22.893+0000] {dag.py:3834} INFO - Setting next_dagrun for etl_sqlserver_to_postgres to None, run_after=None
[2025-11-27T13:16:22.956+0000] {processor.py:183} INFO - Processing /opt/airflow/dags/ETL_Dag.py took 0.167 seconds
[2025-11-27T13:16:53.076+0000] {processor.py:161} INFO - Started process (PID=263) to work on /opt/airflow/dags/ETL_Dag.py
[2025-11-27T13:16:53.079+0000] {processor.py:830} INFO - Processing file /opt/airflow/dags/ETL_Dag.py for tasks to queue
[2025-11-27T13:16:53.083+0000] {logging_mixin.py:188} INFO - [2025-11-27T13:16:53.083+0000] {dagbag.py:540} INFO - Filling up the DagBag from /opt/airflow/dags/ETL_Dag.py
[2025-11-27T13:16:53.185+0000] {processor.py:840} INFO - DAG(s) 'etl_sqlserver_to_postgres' retrieved from /opt/airflow/dags/ETL_Dag.py
[2025-11-27T13:16:53.243+0000] {logging_mixin.py:188} INFO - [2025-11-27T13:16:53.243+0000] {dag.py:3047} INFO - Sync 1 DAGs
[2025-11-27T13:16:53.269+0000] {logging_mixin.py:188} INFO - [2025-11-27T13:16:53.269+0000] {dag.py:3834} INFO - Setting next_dagrun for etl_sqlserver_to_postgres to None, run_after=None
[2025-11-27T13:16:53.342+0000] {processor.py:183} INFO - Processing /opt/airflow/dags/ETL_Dag.py took 0.275 seconds
[2025-11-27T13:17:23.598+0000] {processor.py:161} INFO - Started process (PID=270) to work on /opt/airflow/dags/ETL_Dag.py
[2025-11-27T13:17:23.601+0000] {processor.py:830} INFO - Processing file /opt/airflow/dags/ETL_Dag.py for tasks to queue
[2025-11-27T13:17:23.605+0000] {logging_mixin.py:188} INFO - [2025-11-27T13:17:23.604+0000] {dagbag.py:540} INFO - Filling up the DagBag from /opt/airflow/dags/ETL_Dag.py
[2025-11-27T13:17:23.714+0000] {processor.py:840} INFO - DAG(s) 'etl_sqlserver_to_postgres' retrieved from /opt/airflow/dags/ETL_Dag.py
[2025-11-27T13:17:23.770+0000] {logging_mixin.py:188} INFO - [2025-11-27T13:17:23.769+0000] {dag.py:3047} INFO - Sync 1 DAGs
[2025-11-27T13:17:23.795+0000] {logging_mixin.py:188} INFO - [2025-11-27T13:17:23.794+0000] {dag.py:3834} INFO - Setting next_dagrun for etl_sqlserver_to_postgres to None, run_after=None
[2025-11-27T13:17:23.872+0000] {processor.py:183} INFO - Processing /opt/airflow/dags/ETL_Dag.py took 0.282 seconds
[2025-11-27T13:17:53.977+0000] {processor.py:161} INFO - Started process (PID=277) to work on /opt/airflow/dags/ETL_Dag.py
[2025-11-27T13:17:53.980+0000] {processor.py:830} INFO - Processing file /opt/airflow/dags/ETL_Dag.py for tasks to queue
[2025-11-27T13:17:53.985+0000] {logging_mixin.py:188} INFO - [2025-11-27T13:17:53.984+0000] {dagbag.py:540} INFO - Filling up the DagBag from /opt/airflow/dags/ETL_Dag.py
[2025-11-27T13:17:54.088+0000] {processor.py:840} INFO - DAG(s) 'etl_sqlserver_to_postgres' retrieved from /opt/airflow/dags/ETL_Dag.py
[2025-11-27T13:17:54.145+0000] {logging_mixin.py:188} INFO - [2025-11-27T13:17:54.145+0000] {dag.py:3047} INFO - Sync 1 DAGs
[2025-11-27T13:17:54.171+0000] {logging_mixin.py:188} INFO - [2025-11-27T13:17:54.171+0000] {dag.py:3834} INFO - Setting next_dagrun for etl_sqlserver_to_postgres to None, run_after=None
[2025-11-27T13:17:54.238+0000] {processor.py:183} INFO - Processing /opt/airflow/dags/ETL_Dag.py took 0.270 seconds
[2025-11-27T13:18:24.554+0000] {processor.py:161} INFO - Started process (PID=284) to work on /opt/airflow/dags/ETL_Dag.py
[2025-11-27T13:18:24.557+0000] {processor.py:830} INFO - Processing file /opt/airflow/dags/ETL_Dag.py for tasks to queue
[2025-11-27T13:18:24.562+0000] {logging_mixin.py:188} INFO - [2025-11-27T13:18:24.561+0000] {dagbag.py:540} INFO - Filling up the DagBag from /opt/airflow/dags/ETL_Dag.py
[2025-11-27T13:18:24.735+0000] {processor.py:840} INFO - DAG(s) 'etl_sqlserver_to_postgres' retrieved from /opt/airflow/dags/ETL_Dag.py
[2025-11-27T13:18:24.801+0000] {logging_mixin.py:188} INFO - [2025-11-27T13:18:24.801+0000] {dag.py:3047} INFO - Sync 1 DAGs
[2025-11-27T13:18:24.836+0000] {logging_mixin.py:188} INFO - [2025-11-27T13:18:24.836+0000] {dag.py:3834} INFO - Setting next_dagrun for etl_sqlserver_to_postgres to None, run_after=None
[2025-11-27T13:18:24.898+0000] {processor.py:183} INFO - Processing /opt/airflow/dags/ETL_Dag.py took 0.353 seconds
[2025-11-27T13:18:55.231+0000] {processor.py:161} INFO - Started process (PID=292) to work on /opt/airflow/dags/ETL_Dag.py
[2025-11-27T13:18:55.234+0000] {processor.py:830} INFO - Processing file /opt/airflow/dags/ETL_Dag.py for tasks to queue
[2025-11-27T13:18:55.238+0000] {logging_mixin.py:188} INFO - [2025-11-27T13:18:55.237+0000] {dagbag.py:540} INFO - Filling up the DagBag from /opt/airflow/dags/ETL_Dag.py
[2025-11-27T13:18:55.302+0000] {processor.py:840} INFO - DAG(s) 'etl_sqlserver_to_postgres' retrieved from /opt/airflow/dags/ETL_Dag.py
[2025-11-27T13:18:55.342+0000] {logging_mixin.py:188} INFO - [2025-11-27T13:18:55.342+0000] {dag.py:3047} INFO - Sync 1 DAGs
[2025-11-27T13:18:55.360+0000] {logging_mixin.py:188} INFO - [2025-11-27T13:18:55.360+0000] {dag.py:3834} INFO - Setting next_dagrun for etl_sqlserver_to_postgres to None, run_after=None
[2025-11-27T13:18:55.394+0000] {processor.py:183} INFO - Processing /opt/airflow/dags/ETL_Dag.py took 0.169 seconds
[2025-11-27T13:19:25.552+0000] {processor.py:161} INFO - Started process (PID=299) to work on /opt/airflow/dags/ETL_Dag.py
[2025-11-27T13:19:25.556+0000] {processor.py:830} INFO - Processing file /opt/airflow/dags/ETL_Dag.py for tasks to queue
[2025-11-27T13:19:25.561+0000] {logging_mixin.py:188} INFO - [2025-11-27T13:19:25.561+0000] {dagbag.py:540} INFO - Filling up the DagBag from /opt/airflow/dags/ETL_Dag.py
[2025-11-27T13:19:25.682+0000] {processor.py:840} INFO - DAG(s) 'etl_sqlserver_to_postgres' retrieved from /opt/airflow/dags/ETL_Dag.py
[2025-11-27T13:19:25.748+0000] {logging_mixin.py:188} INFO - [2025-11-27T13:19:25.747+0000] {dag.py:3047} INFO - Sync 1 DAGs
[2025-11-27T13:19:25.779+0000] {logging_mixin.py:188} INFO - [2025-11-27T13:19:25.779+0000] {dag.py:3834} INFO - Setting next_dagrun for etl_sqlserver_to_postgres to None, run_after=None
[2025-11-27T13:19:25.823+0000] {processor.py:183} INFO - Processing /opt/airflow/dags/ETL_Dag.py took 0.282 seconds
[2025-11-27T13:19:56.002+0000] {processor.py:161} INFO - Started process (PID=306) to work on /opt/airflow/dags/ETL_Dag.py
[2025-11-27T13:19:56.009+0000] {processor.py:830} INFO - Processing file /opt/airflow/dags/ETL_Dag.py for tasks to queue
[2025-11-27T13:19:56.015+0000] {logging_mixin.py:188} INFO - [2025-11-27T13:19:56.014+0000] {dagbag.py:540} INFO - Filling up the DagBag from /opt/airflow/dags/ETL_Dag.py
[2025-11-27T13:19:56.157+0000] {processor.py:840} INFO - DAG(s) 'etl_sqlserver_to_postgres' retrieved from /opt/airflow/dags/ETL_Dag.py
[2025-11-27T13:19:56.251+0000] {logging_mixin.py:188} INFO - [2025-11-27T13:19:56.250+0000] {dag.py:3047} INFO - Sync 1 DAGs
[2025-11-27T13:19:56.294+0000] {logging_mixin.py:188} INFO - [2025-11-27T13:19:56.293+0000] {dag.py:3834} INFO - Setting next_dagrun for etl_sqlserver_to_postgres to None, run_after=None
[2025-11-27T13:19:56.344+0000] {processor.py:183} INFO - Processing /opt/airflow/dags/ETL_Dag.py took 0.361 seconds
[2025-11-27T13:20:26.669+0000] {processor.py:161} INFO - Started process (PID=313) to work on /opt/airflow/dags/ETL_Dag.py
[2025-11-27T13:20:26.672+0000] {processor.py:830} INFO - Processing file /opt/airflow/dags/ETL_Dag.py for tasks to queue
[2025-11-27T13:20:26.677+0000] {logging_mixin.py:188} INFO - [2025-11-27T13:20:26.676+0000] {dagbag.py:540} INFO - Filling up the DagBag from /opt/airflow/dags/ETL_Dag.py
[2025-11-27T13:20:26.788+0000] {processor.py:840} INFO - DAG(s) 'etl_sqlserver_to_postgres' retrieved from /opt/airflow/dags/ETL_Dag.py
[2025-11-27T13:20:26.852+0000] {logging_mixin.py:188} INFO - [2025-11-27T13:20:26.852+0000] {dag.py:3047} INFO - Sync 1 DAGs
[2025-11-27T13:20:26.883+0000] {logging_mixin.py:188} INFO - [2025-11-27T13:20:26.882+0000] {dag.py:3834} INFO - Setting next_dagrun for etl_sqlserver_to_postgres to None, run_after=None
[2025-11-27T13:20:26.946+0000] {processor.py:183} INFO - Processing /opt/airflow/dags/ETL_Dag.py took 0.284 seconds
[2025-11-27T13:20:57.289+0000] {processor.py:161} INFO - Started process (PID=320) to work on /opt/airflow/dags/ETL_Dag.py
[2025-11-27T13:20:57.291+0000] {processor.py:830} INFO - Processing file /opt/airflow/dags/ETL_Dag.py for tasks to queue
[2025-11-27T13:20:57.294+0000] {logging_mixin.py:188} INFO - [2025-11-27T13:20:57.294+0000] {dagbag.py:540} INFO - Filling up the DagBag from /opt/airflow/dags/ETL_Dag.py
[2025-11-27T13:20:57.357+0000] {processor.py:840} INFO - DAG(s) 'etl_sqlserver_to_postgres' retrieved from /opt/airflow/dags/ETL_Dag.py
[2025-11-27T13:20:57.391+0000] {logging_mixin.py:188} INFO - [2025-11-27T13:20:57.391+0000] {dag.py:3047} INFO - Sync 1 DAGs
[2025-11-27T13:20:57.406+0000] {logging_mixin.py:188} INFO - [2025-11-27T13:20:57.405+0000] {dag.py:3834} INFO - Setting next_dagrun for etl_sqlserver_to_postgres to None, run_after=None
[2025-11-27T13:20:57.427+0000] {processor.py:183} INFO - Processing /opt/airflow/dags/ETL_Dag.py took 0.144 seconds
[2025-11-27T13:21:27.616+0000] {processor.py:161} INFO - Started process (PID=327) to work on /opt/airflow/dags/ETL_Dag.py
[2025-11-27T13:21:27.619+0000] {processor.py:830} INFO - Processing file /opt/airflow/dags/ETL_Dag.py for tasks to queue
[2025-11-27T13:21:27.623+0000] {logging_mixin.py:188} INFO - [2025-11-27T13:21:27.622+0000] {dagbag.py:540} INFO - Filling up the DagBag from /opt/airflow/dags/ETL_Dag.py
[2025-11-27T13:21:27.730+0000] {processor.py:840} INFO - DAG(s) 'etl_sqlserver_to_postgres' retrieved from /opt/airflow/dags/ETL_Dag.py
[2025-11-27T13:21:27.794+0000] {logging_mixin.py:188} INFO - [2025-11-27T13:21:27.793+0000] {dag.py:3047} INFO - Sync 1 DAGs
[2025-11-27T13:21:27.826+0000] {logging_mixin.py:188} INFO - [2025-11-27T13:21:27.825+0000] {dag.py:3834} INFO - Setting next_dagrun for etl_sqlserver_to_postgres to None, run_after=None
[2025-11-27T13:21:27.887+0000] {processor.py:183} INFO - Processing /opt/airflow/dags/ETL_Dag.py took 0.280 seconds
[2025-11-27T13:21:58.027+0000] {processor.py:161} INFO - Started process (PID=334) to work on /opt/airflow/dags/ETL_Dag.py
[2025-11-27T13:21:58.029+0000] {processor.py:830} INFO - Processing file /opt/airflow/dags/ETL_Dag.py for tasks to queue
[2025-11-27T13:21:58.032+0000] {logging_mixin.py:188} INFO - [2025-11-27T13:21:58.031+0000] {dagbag.py:540} INFO - Filling up the DagBag from /opt/airflow/dags/ETL_Dag.py
[2025-11-27T13:21:58.085+0000] {processor.py:840} INFO - DAG(s) 'etl_sqlserver_to_postgres' retrieved from /opt/airflow/dags/ETL_Dag.py
[2025-11-27T13:21:58.118+0000] {logging_mixin.py:188} INFO - [2025-11-27T13:21:58.118+0000] {dag.py:3047} INFO - Sync 1 DAGs
[2025-11-27T13:21:58.133+0000] {logging_mixin.py:188} INFO - [2025-11-27T13:21:58.133+0000] {dag.py:3834} INFO - Setting next_dagrun for etl_sqlserver_to_postgres to None, run_after=None
[2025-11-27T13:21:58.158+0000] {processor.py:183} INFO - Processing /opt/airflow/dags/ETL_Dag.py took 0.136 seconds
[2025-11-27T13:22:28.375+0000] {processor.py:161} INFO - Started process (PID=342) to work on /opt/airflow/dags/ETL_Dag.py
[2025-11-27T13:22:28.378+0000] {processor.py:830} INFO - Processing file /opt/airflow/dags/ETL_Dag.py for tasks to queue
[2025-11-27T13:22:28.382+0000] {logging_mixin.py:188} INFO - [2025-11-27T13:22:28.382+0000] {dagbag.py:540} INFO - Filling up the DagBag from /opt/airflow/dags/ETL_Dag.py
[2025-11-27T13:22:28.489+0000] {processor.py:840} INFO - DAG(s) 'etl_sqlserver_to_postgres' retrieved from /opt/airflow/dags/ETL_Dag.py
[2025-11-27T13:22:28.522+0000] {logging_mixin.py:188} INFO - [2025-11-27T13:22:28.521+0000] {dag.py:3047} INFO - Sync 1 DAGs
[2025-11-27T13:22:28.536+0000] {logging_mixin.py:188} INFO - [2025-11-27T13:22:28.536+0000] {dag.py:3834} INFO - Setting next_dagrun for etl_sqlserver_to_postgres to None, run_after=None
[2025-11-27T13:22:28.563+0000] {processor.py:183} INFO - Processing /opt/airflow/dags/ETL_Dag.py took 0.197 seconds
[2025-11-27T13:22:58.773+0000] {processor.py:161} INFO - Started process (PID=349) to work on /opt/airflow/dags/ETL_Dag.py
[2025-11-27T13:22:58.776+0000] {processor.py:830} INFO - Processing file /opt/airflow/dags/ETL_Dag.py for tasks to queue
[2025-11-27T13:22:58.780+0000] {logging_mixin.py:188} INFO - [2025-11-27T13:22:58.779+0000] {dagbag.py:540} INFO - Filling up the DagBag from /opt/airflow/dags/ETL_Dag.py
[2025-11-27T13:22:58.886+0000] {processor.py:840} INFO - DAG(s) 'etl_sqlserver_to_postgres' retrieved from /opt/airflow/dags/ETL_Dag.py
[2025-11-27T13:22:58.946+0000] {logging_mixin.py:188} INFO - [2025-11-27T13:22:58.945+0000] {dag.py:3047} INFO - Sync 1 DAGs
[2025-11-27T13:22:58.981+0000] {logging_mixin.py:188} INFO - [2025-11-27T13:22:58.980+0000] {dag.py:3834} INFO - Setting next_dagrun for etl_sqlserver_to_postgres to None, run_after=None
[2025-11-27T13:22:59.050+0000] {processor.py:183} INFO - Processing /opt/airflow/dags/ETL_Dag.py took 0.287 seconds
[2025-11-27T13:23:29.305+0000] {processor.py:161} INFO - Started process (PID=357) to work on /opt/airflow/dags/ETL_Dag.py
[2025-11-27T13:23:29.309+0000] {processor.py:830} INFO - Processing file /opt/airflow/dags/ETL_Dag.py for tasks to queue
[2025-11-27T13:23:29.318+0000] {logging_mixin.py:188} INFO - [2025-11-27T13:23:29.317+0000] {dagbag.py:540} INFO - Filling up the DagBag from /opt/airflow/dags/ETL_Dag.py
[2025-11-27T13:23:29.451+0000] {processor.py:840} INFO - DAG(s) 'etl_sqlserver_to_postgres' retrieved from /opt/airflow/dags/ETL_Dag.py
[2025-11-27T13:23:29.552+0000] {logging_mixin.py:188} INFO - [2025-11-27T13:23:29.552+0000] {dag.py:3047} INFO - Sync 1 DAGs
[2025-11-27T13:23:29.591+0000] {logging_mixin.py:188} INFO - [2025-11-27T13:23:29.591+0000] {dag.py:3834} INFO - Setting next_dagrun for etl_sqlserver_to_postgres to None, run_after=None
[2025-11-27T13:23:29.653+0000] {processor.py:183} INFO - Processing /opt/airflow/dags/ETL_Dag.py took 0.372 seconds
[2025-11-27T13:24:00.026+0000] {processor.py:161} INFO - Started process (PID=365) to work on /opt/airflow/dags/ETL_Dag.py
[2025-11-27T13:24:00.030+0000] {processor.py:830} INFO - Processing file /opt/airflow/dags/ETL_Dag.py for tasks to queue
[2025-11-27T13:24:00.036+0000] {logging_mixin.py:188} INFO - [2025-11-27T13:24:00.035+0000] {dagbag.py:540} INFO - Filling up the DagBag from /opt/airflow/dags/ETL_Dag.py
[2025-11-27T13:24:00.204+0000] {processor.py:840} INFO - DAG(s) 'etl_sqlserver_to_postgres' retrieved from /opt/airflow/dags/ETL_Dag.py
[2025-11-27T13:24:00.291+0000] {logging_mixin.py:188} INFO - [2025-11-27T13:24:00.291+0000] {dag.py:3047} INFO - Sync 1 DAGs
[2025-11-27T13:24:00.327+0000] {logging_mixin.py:188} INFO - [2025-11-27T13:24:00.327+0000] {dag.py:3834} INFO - Setting next_dagrun for etl_sqlserver_to_postgres to None, run_after=None
[2025-11-27T13:24:00.384+0000] {processor.py:183} INFO - Processing /opt/airflow/dags/ETL_Dag.py took 0.375 seconds
[2025-11-27T13:24:30.779+0000] {processor.py:161} INFO - Started process (PID=372) to work on /opt/airflow/dags/ETL_Dag.py
[2025-11-27T13:24:30.780+0000] {processor.py:830} INFO - Processing file /opt/airflow/dags/ETL_Dag.py for tasks to queue
[2025-11-27T13:24:30.783+0000] {logging_mixin.py:188} INFO - [2025-11-27T13:24:30.782+0000] {dagbag.py:540} INFO - Filling up the DagBag from /opt/airflow/dags/ETL_Dag.py
[2025-11-27T13:24:30.838+0000] {processor.py:840} INFO - DAG(s) 'etl_sqlserver_to_postgres' retrieved from /opt/airflow/dags/ETL_Dag.py
[2025-11-27T13:24:30.868+0000] {logging_mixin.py:188} INFO - [2025-11-27T13:24:30.867+0000] {dag.py:3047} INFO - Sync 1 DAGs
[2025-11-27T13:24:30.881+0000] {logging_mixin.py:188} INFO - [2025-11-27T13:24:30.881+0000] {dag.py:3834} INFO - Setting next_dagrun for etl_sqlserver_to_postgres to None, run_after=None
[2025-11-27T13:24:30.903+0000] {processor.py:183} INFO - Processing /opt/airflow/dags/ETL_Dag.py took 0.129 seconds
[2025-11-27T13:25:01.181+0000] {processor.py:161} INFO - Started process (PID=380) to work on /opt/airflow/dags/ETL_Dag.py
[2025-11-27T13:25:01.185+0000] {processor.py:830} INFO - Processing file /opt/airflow/dags/ETL_Dag.py for tasks to queue
[2025-11-27T13:25:01.194+0000] {logging_mixin.py:188} INFO - [2025-11-27T13:25:01.192+0000] {dagbag.py:540} INFO - Filling up the DagBag from /opt/airflow/dags/ETL_Dag.py
[2025-11-27T13:25:01.390+0000] {processor.py:840} INFO - DAG(s) 'etl_sqlserver_to_postgres' retrieved from /opt/airflow/dags/ETL_Dag.py
[2025-11-27T13:25:01.468+0000] {logging_mixin.py:188} INFO - [2025-11-27T13:25:01.467+0000] {dag.py:3047} INFO - Sync 1 DAGs
[2025-11-27T13:25:01.498+0000] {logging_mixin.py:188} INFO - [2025-11-27T13:25:01.498+0000] {dag.py:3834} INFO - Setting next_dagrun for etl_sqlserver_to_postgres to None, run_after=None
[2025-11-27T13:25:01.544+0000] {processor.py:183} INFO - Processing /opt/airflow/dags/ETL_Dag.py took 0.375 seconds
[2025-11-27T13:25:31.775+0000] {processor.py:161} INFO - Started process (PID=387) to work on /opt/airflow/dags/ETL_Dag.py
[2025-11-27T13:25:31.779+0000] {processor.py:830} INFO - Processing file /opt/airflow/dags/ETL_Dag.py for tasks to queue
[2025-11-27T13:25:31.790+0000] {logging_mixin.py:188} INFO - [2025-11-27T13:25:31.789+0000] {dagbag.py:540} INFO - Filling up the DagBag from /opt/airflow/dags/ETL_Dag.py
[2025-11-27T13:25:31.920+0000] {processor.py:840} INFO - DAG(s) 'etl_sqlserver_to_postgres' retrieved from /opt/airflow/dags/ETL_Dag.py
[2025-11-27T13:25:31.984+0000] {logging_mixin.py:188} INFO - [2025-11-27T13:25:31.984+0000] {dag.py:3047} INFO - Sync 1 DAGs
[2025-11-27T13:25:32.013+0000] {logging_mixin.py:188} INFO - [2025-11-27T13:25:32.012+0000] {dag.py:3834} INFO - Setting next_dagrun for etl_sqlserver_to_postgres to None, run_after=None
[2025-11-27T13:25:32.071+0000] {processor.py:183} INFO - Processing /opt/airflow/dags/ETL_Dag.py took 0.306 seconds
[2025-11-27T13:26:02.492+0000] {processor.py:161} INFO - Started process (PID=394) to work on /opt/airflow/dags/ETL_Dag.py
[2025-11-27T13:26:02.495+0000] {processor.py:830} INFO - Processing file /opt/airflow/dags/ETL_Dag.py for tasks to queue
[2025-11-27T13:26:02.502+0000] {logging_mixin.py:188} INFO - [2025-11-27T13:26:02.500+0000] {dagbag.py:540} INFO - Filling up the DagBag from /opt/airflow/dags/ETL_Dag.py
[2025-11-27T13:26:02.618+0000] {processor.py:840} INFO - DAG(s) 'etl_sqlserver_to_postgres' retrieved from /opt/airflow/dags/ETL_Dag.py
[2025-11-27T13:26:02.684+0000] {logging_mixin.py:188} INFO - [2025-11-27T13:26:02.683+0000] {dag.py:3047} INFO - Sync 1 DAGs
[2025-11-27T13:26:02.710+0000] {logging_mixin.py:188} INFO - [2025-11-27T13:26:02.709+0000] {dag.py:3834} INFO - Setting next_dagrun for etl_sqlserver_to_postgres to None, run_after=None
[2025-11-27T13:26:02.754+0000] {processor.py:183} INFO - Processing /opt/airflow/dags/ETL_Dag.py took 0.272 seconds
[2025-11-27T13:26:33.027+0000] {processor.py:161} INFO - Started process (PID=401) to work on /opt/airflow/dags/ETL_Dag.py
[2025-11-27T13:26:33.030+0000] {processor.py:830} INFO - Processing file /opt/airflow/dags/ETL_Dag.py for tasks to queue
[2025-11-27T13:26:33.035+0000] {logging_mixin.py:188} INFO - [2025-11-27T13:26:33.034+0000] {dagbag.py:540} INFO - Filling up the DagBag from /opt/airflow/dags/ETL_Dag.py
[2025-11-27T13:26:33.147+0000] {processor.py:840} INFO - DAG(s) 'etl_sqlserver_to_postgres' retrieved from /opt/airflow/dags/ETL_Dag.py
[2025-11-27T13:26:33.210+0000] {logging_mixin.py:188} INFO - [2025-11-27T13:26:33.209+0000] {dag.py:3047} INFO - Sync 1 DAGs
[2025-11-27T13:26:33.245+0000] {logging_mixin.py:188} INFO - [2025-11-27T13:26:33.244+0000] {dag.py:3834} INFO - Setting next_dagrun for etl_sqlserver_to_postgres to None, run_after=None
[2025-11-27T13:26:33.291+0000] {processor.py:183} INFO - Processing /opt/airflow/dags/ETL_Dag.py took 0.273 seconds
[2025-11-27T13:27:03.383+0000] {processor.py:161} INFO - Started process (PID=408) to work on /opt/airflow/dags/ETL_Dag.py
[2025-11-27T13:27:03.385+0000] {processor.py:830} INFO - Processing file /opt/airflow/dags/ETL_Dag.py for tasks to queue
[2025-11-27T13:27:03.390+0000] {logging_mixin.py:188} INFO - [2025-11-27T13:27:03.389+0000] {dagbag.py:540} INFO - Filling up the DagBag from /opt/airflow/dags/ETL_Dag.py
[2025-11-27T13:27:03.498+0000] {processor.py:840} INFO - DAG(s) 'etl_sqlserver_to_postgres' retrieved from /opt/airflow/dags/ETL_Dag.py
[2025-11-27T13:27:03.556+0000] {logging_mixin.py:188} INFO - [2025-11-27T13:27:03.555+0000] {dag.py:3047} INFO - Sync 1 DAGs
[2025-11-27T13:27:03.582+0000] {logging_mixin.py:188} INFO - [2025-11-27T13:27:03.582+0000] {dag.py:3834} INFO - Setting next_dagrun for etl_sqlserver_to_postgres to None, run_after=None
[2025-11-27T13:27:03.626+0000] {processor.py:183} INFO - Processing /opt/airflow/dags/ETL_Dag.py took 0.253 seconds
[2025-11-27T13:27:33.894+0000] {processor.py:161} INFO - Started process (PID=415) to work on /opt/airflow/dags/ETL_Dag.py
[2025-11-27T13:27:33.899+0000] {processor.py:830} INFO - Processing file /opt/airflow/dags/ETL_Dag.py for tasks to queue
[2025-11-27T13:27:33.906+0000] {logging_mixin.py:188} INFO - [2025-11-27T13:27:33.906+0000] {dagbag.py:540} INFO - Filling up the DagBag from /opt/airflow/dags/ETL_Dag.py
[2025-11-27T13:27:34.020+0000] {processor.py:840} INFO - DAG(s) 'etl_sqlserver_to_postgres' retrieved from /opt/airflow/dags/ETL_Dag.py
[2025-11-27T13:27:34.086+0000] {logging_mixin.py:188} INFO - [2025-11-27T13:27:34.085+0000] {dag.py:3047} INFO - Sync 1 DAGs
[2025-11-27T13:27:34.118+0000] {logging_mixin.py:188} INFO - [2025-11-27T13:27:34.118+0000] {dag.py:3834} INFO - Setting next_dagrun for etl_sqlserver_to_postgres to None, run_after=None
[2025-11-27T13:27:34.169+0000] {processor.py:183} INFO - Processing /opt/airflow/dags/ETL_Dag.py took 0.287 seconds
[2025-11-27T13:28:04.262+0000] {processor.py:161} INFO - Started process (PID=422) to work on /opt/airflow/dags/ETL_Dag.py
[2025-11-27T13:28:04.265+0000] {processor.py:830} INFO - Processing file /opt/airflow/dags/ETL_Dag.py for tasks to queue
[2025-11-27T13:28:04.269+0000] {logging_mixin.py:188} INFO - [2025-11-27T13:28:04.269+0000] {dagbag.py:540} INFO - Filling up the DagBag from /opt/airflow/dags/ETL_Dag.py
[2025-11-27T13:28:04.372+0000] {processor.py:840} INFO - DAG(s) 'etl_sqlserver_to_postgres' retrieved from /opt/airflow/dags/ETL_Dag.py
[2025-11-27T13:28:04.437+0000] {logging_mixin.py:188} INFO - [2025-11-27T13:28:04.436+0000] {dag.py:3047} INFO - Sync 1 DAGs
[2025-11-27T13:28:04.465+0000] {logging_mixin.py:188} INFO - [2025-11-27T13:28:04.464+0000] {dag.py:3834} INFO - Setting next_dagrun for etl_sqlserver_to_postgres to None, run_after=None
[2025-11-27T13:28:04.507+0000] {processor.py:183} INFO - Processing /opt/airflow/dags/ETL_Dag.py took 0.254 seconds
[2025-11-27T13:28:34.864+0000] {processor.py:161} INFO - Started process (PID=429) to work on /opt/airflow/dags/ETL_Dag.py
[2025-11-27T13:28:34.866+0000] {processor.py:830} INFO - Processing file /opt/airflow/dags/ETL_Dag.py for tasks to queue
[2025-11-27T13:28:34.871+0000] {logging_mixin.py:188} INFO - [2025-11-27T13:28:34.870+0000] {dagbag.py:540} INFO - Filling up the DagBag from /opt/airflow/dags/ETL_Dag.py
[2025-11-27T13:28:34.977+0000] {processor.py:840} INFO - DAG(s) 'etl_sqlserver_to_postgres' retrieved from /opt/airflow/dags/ETL_Dag.py
[2025-11-27T13:28:35.033+0000] {logging_mixin.py:188} INFO - [2025-11-27T13:28:35.033+0000] {dag.py:3047} INFO - Sync 1 DAGs
[2025-11-27T13:28:35.059+0000] {logging_mixin.py:188} INFO - [2025-11-27T13:28:35.059+0000] {dag.py:3834} INFO - Setting next_dagrun for etl_sqlserver_to_postgres to None, run_after=None
[2025-11-27T13:28:35.130+0000] {processor.py:183} INFO - Processing /opt/airflow/dags/ETL_Dag.py took 0.274 seconds
[2025-11-27T13:29:05.472+0000] {processor.py:161} INFO - Started process (PID=436) to work on /opt/airflow/dags/ETL_Dag.py
[2025-11-27T13:29:05.474+0000] {processor.py:830} INFO - Processing file /opt/airflow/dags/ETL_Dag.py for tasks to queue
[2025-11-27T13:29:05.479+0000] {logging_mixin.py:188} INFO - [2025-11-27T13:29:05.479+0000] {dagbag.py:540} INFO - Filling up the DagBag from /opt/airflow/dags/ETL_Dag.py
[2025-11-27T13:29:05.586+0000] {processor.py:840} INFO - DAG(s) 'etl_sqlserver_to_postgres' retrieved from /opt/airflow/dags/ETL_Dag.py
[2025-11-27T13:29:05.647+0000] {logging_mixin.py:188} INFO - [2025-11-27T13:29:05.647+0000] {dag.py:3047} INFO - Sync 1 DAGs
[2025-11-27T13:29:05.674+0000] {logging_mixin.py:188} INFO - [2025-11-27T13:29:05.674+0000] {dag.py:3834} INFO - Setting next_dagrun for etl_sqlserver_to_postgres to None, run_after=None
[2025-11-27T13:29:05.786+0000] {processor.py:183} INFO - Processing /opt/airflow/dags/ETL_Dag.py took 0.327 seconds
[2025-11-27T13:29:36.126+0000] {processor.py:161} INFO - Started process (PID=443) to work on /opt/airflow/dags/ETL_Dag.py
[2025-11-27T13:29:36.129+0000] {processor.py:830} INFO - Processing file /opt/airflow/dags/ETL_Dag.py for tasks to queue
[2025-11-27T13:29:36.134+0000] {logging_mixin.py:188} INFO - [2025-11-27T13:29:36.134+0000] {dagbag.py:540} INFO - Filling up the DagBag from /opt/airflow/dags/ETL_Dag.py
[2025-11-27T13:29:36.238+0000] {processor.py:840} INFO - DAG(s) 'etl_sqlserver_to_postgres' retrieved from /opt/airflow/dags/ETL_Dag.py
[2025-11-27T13:29:36.298+0000] {logging_mixin.py:188} INFO - [2025-11-27T13:29:36.297+0000] {dag.py:3047} INFO - Sync 1 DAGs
[2025-11-27T13:29:36.324+0000] {logging_mixin.py:188} INFO - [2025-11-27T13:29:36.324+0000] {dag.py:3834} INFO - Setting next_dagrun for etl_sqlserver_to_postgres to None, run_after=None
[2025-11-27T13:29:36.454+0000] {processor.py:183} INFO - Processing /opt/airflow/dags/ETL_Dag.py took 0.337 seconds
[2025-11-27T13:30:06.843+0000] {processor.py:161} INFO - Started process (PID=450) to work on /opt/airflow/dags/ETL_Dag.py
[2025-11-27T13:30:06.847+0000] {processor.py:830} INFO - Processing file /opt/airflow/dags/ETL_Dag.py for tasks to queue
[2025-11-27T13:30:06.852+0000] {logging_mixin.py:188} INFO - [2025-11-27T13:30:06.852+0000] {dagbag.py:540} INFO - Filling up the DagBag from /opt/airflow/dags/ETL_Dag.py
[2025-11-27T13:30:06.962+0000] {processor.py:840} INFO - DAG(s) 'etl_sqlserver_to_postgres' retrieved from /opt/airflow/dags/ETL_Dag.py
[2025-11-27T13:30:07.026+0000] {logging_mixin.py:188} INFO - [2025-11-27T13:30:07.025+0000] {dag.py:3047} INFO - Sync 1 DAGs
[2025-11-27T13:30:07.061+0000] {logging_mixin.py:188} INFO - [2025-11-27T13:30:07.060+0000] {dag.py:3834} INFO - Setting next_dagrun for etl_sqlserver_to_postgres to None, run_after=None
[2025-11-27T13:30:07.173+0000] {processor.py:183} INFO - Processing /opt/airflow/dags/ETL_Dag.py took 0.339 seconds
[2025-11-27T13:30:37.589+0000] {processor.py:161} INFO - Started process (PID=457) to work on /opt/airflow/dags/ETL_Dag.py
[2025-11-27T13:30:37.595+0000] {processor.py:830} INFO - Processing file /opt/airflow/dags/ETL_Dag.py for tasks to queue
[2025-11-27T13:30:37.601+0000] {logging_mixin.py:188} INFO - [2025-11-27T13:30:37.600+0000] {dagbag.py:540} INFO - Filling up the DagBag from /opt/airflow/dags/ETL_Dag.py
[2025-11-27T13:30:37.707+0000] {processor.py:840} INFO - DAG(s) 'etl_sqlserver_to_postgres' retrieved from /opt/airflow/dags/ETL_Dag.py
[2025-11-27T13:30:37.771+0000] {logging_mixin.py:188} INFO - [2025-11-27T13:30:37.770+0000] {dag.py:3047} INFO - Sync 1 DAGs
[2025-11-27T13:30:37.801+0000] {logging_mixin.py:188} INFO - [2025-11-27T13:30:37.800+0000] {dag.py:3834} INFO - Setting next_dagrun for etl_sqlserver_to_postgres to None, run_after=None
[2025-11-27T13:30:37.853+0000] {processor.py:183} INFO - Processing /opt/airflow/dags/ETL_Dag.py took 0.275 seconds
[2025-11-27T13:31:08.221+0000] {processor.py:161} INFO - Started process (PID=464) to work on /opt/airflow/dags/ETL_Dag.py
[2025-11-27T13:31:08.225+0000] {processor.py:830} INFO - Processing file /opt/airflow/dags/ETL_Dag.py for tasks to queue
[2025-11-27T13:31:08.230+0000] {logging_mixin.py:188} INFO - [2025-11-27T13:31:08.229+0000] {dagbag.py:540} INFO - Filling up the DagBag from /opt/airflow/dags/ETL_Dag.py
[2025-11-27T13:31:08.366+0000] {processor.py:840} INFO - DAG(s) 'etl_sqlserver_to_postgres' retrieved from /opt/airflow/dags/ETL_Dag.py
[2025-11-27T13:31:08.476+0000] {logging_mixin.py:188} INFO - [2025-11-27T13:31:08.475+0000] {dag.py:3047} INFO - Sync 1 DAGs
[2025-11-27T13:31:08.504+0000] {logging_mixin.py:188} INFO - [2025-11-27T13:31:08.504+0000] {dag.py:3834} INFO - Setting next_dagrun for etl_sqlserver_to_postgres to None, run_after=None
[2025-11-27T13:31:08.549+0000] {processor.py:183} INFO - Processing /opt/airflow/dags/ETL_Dag.py took 0.347 seconds
[2025-11-27T13:31:38.923+0000] {processor.py:161} INFO - Started process (PID=471) to work on /opt/airflow/dags/ETL_Dag.py
[2025-11-27T13:31:38.927+0000] {processor.py:830} INFO - Processing file /opt/airflow/dags/ETL_Dag.py for tasks to queue
[2025-11-27T13:31:38.931+0000] {logging_mixin.py:188} INFO - [2025-11-27T13:31:38.931+0000] {dagbag.py:540} INFO - Filling up the DagBag from /opt/airflow/dags/ETL_Dag.py
[2025-11-27T13:31:39.067+0000] {processor.py:840} INFO - DAG(s) 'etl_sqlserver_to_postgres' retrieved from /opt/airflow/dags/ETL_Dag.py
[2025-11-27T13:31:39.133+0000] {logging_mixin.py:188} INFO - [2025-11-27T13:31:39.132+0000] {dag.py:3047} INFO - Sync 1 DAGs
[2025-11-27T13:31:39.175+0000] {logging_mixin.py:188} INFO - [2025-11-27T13:31:39.175+0000] {dag.py:3834} INFO - Setting next_dagrun for etl_sqlserver_to_postgres to None, run_after=None
[2025-11-27T13:31:39.271+0000] {processor.py:183} INFO - Processing /opt/airflow/dags/ETL_Dag.py took 0.357 seconds
[2025-11-27T13:32:09.690+0000] {processor.py:161} INFO - Started process (PID=478) to work on /opt/airflow/dags/ETL_Dag.py
[2025-11-27T13:32:09.693+0000] {processor.py:830} INFO - Processing file /opt/airflow/dags/ETL_Dag.py for tasks to queue
[2025-11-27T13:32:09.697+0000] {logging_mixin.py:188} INFO - [2025-11-27T13:32:09.697+0000] {dagbag.py:540} INFO - Filling up the DagBag from /opt/airflow/dags/ETL_Dag.py
[2025-11-27T13:32:09.800+0000] {processor.py:840} INFO - DAG(s) 'etl_sqlserver_to_postgres' retrieved from /opt/airflow/dags/ETL_Dag.py
[2025-11-27T13:32:09.863+0000] {logging_mixin.py:188} INFO - [2025-11-27T13:32:09.862+0000] {dag.py:3047} INFO - Sync 1 DAGs
[2025-11-27T13:32:09.892+0000] {logging_mixin.py:188} INFO - [2025-11-27T13:32:09.891+0000] {dag.py:3834} INFO - Setting next_dagrun for etl_sqlserver_to_postgres to None, run_after=None
[2025-11-27T13:32:09.941+0000] {processor.py:183} INFO - Processing /opt/airflow/dags/ETL_Dag.py took 0.261 seconds
[2025-11-27T13:32:40.253+0000] {processor.py:161} INFO - Started process (PID=485) to work on /opt/airflow/dags/ETL_Dag.py
[2025-11-27T13:32:40.255+0000] {processor.py:830} INFO - Processing file /opt/airflow/dags/ETL_Dag.py for tasks to queue
[2025-11-27T13:32:40.257+0000] {logging_mixin.py:188} INFO - [2025-11-27T13:32:40.257+0000] {dagbag.py:540} INFO - Filling up the DagBag from /opt/airflow/dags/ETL_Dag.py
[2025-11-27T13:32:40.310+0000] {processor.py:840} INFO - DAG(s) 'etl_sqlserver_to_postgres' retrieved from /opt/airflow/dags/ETL_Dag.py
[2025-11-27T13:32:40.349+0000] {logging_mixin.py:188} INFO - [2025-11-27T13:32:40.349+0000] {dag.py:3047} INFO - Sync 1 DAGs
[2025-11-27T13:32:40.363+0000] {logging_mixin.py:188} INFO - [2025-11-27T13:32:40.363+0000] {dag.py:3834} INFO - Setting next_dagrun for etl_sqlserver_to_postgres to None, run_after=None
[2025-11-27T13:32:40.388+0000] {processor.py:183} INFO - Processing /opt/airflow/dags/ETL_Dag.py took 0.139 seconds
[2025-11-27T13:33:10.624+0000] {processor.py:161} INFO - Started process (PID=492) to work on /opt/airflow/dags/ETL_Dag.py
[2025-11-27T13:33:10.640+0000] {processor.py:830} INFO - Processing file /opt/airflow/dags/ETL_Dag.py for tasks to queue
[2025-11-27T13:33:10.675+0000] {logging_mixin.py:188} INFO - [2025-11-27T13:33:10.674+0000] {dagbag.py:540} INFO - Filling up the DagBag from /opt/airflow/dags/ETL_Dag.py
[2025-11-27T13:33:10.966+0000] {processor.py:840} INFO - DAG(s) 'etl_sqlserver_to_postgres' retrieved from /opt/airflow/dags/ETL_Dag.py
[2025-11-27T13:33:11.056+0000] {logging_mixin.py:188} INFO - [2025-11-27T13:33:11.055+0000] {dag.py:3047} INFO - Sync 1 DAGs
[2025-11-27T13:33:11.100+0000] {logging_mixin.py:188} INFO - [2025-11-27T13:33:11.100+0000] {dag.py:3834} INFO - Setting next_dagrun for etl_sqlserver_to_postgres to None, run_after=None
[2025-11-27T13:33:11.154+0000] {processor.py:183} INFO - Processing /opt/airflow/dags/ETL_Dag.py took 0.582 seconds
[2025-11-27T13:33:41.523+0000] {processor.py:161} INFO - Started process (PID=499) to work on /opt/airflow/dags/ETL_Dag.py
[2025-11-27T13:33:41.526+0000] {processor.py:830} INFO - Processing file /opt/airflow/dags/ETL_Dag.py for tasks to queue
[2025-11-27T13:33:41.532+0000] {logging_mixin.py:188} INFO - [2025-11-27T13:33:41.531+0000] {dagbag.py:540} INFO - Filling up the DagBag from /opt/airflow/dags/ETL_Dag.py
[2025-11-27T13:33:41.633+0000] {processor.py:840} INFO - DAG(s) 'etl_sqlserver_to_postgres' retrieved from /opt/airflow/dags/ETL_Dag.py
[2025-11-27T13:33:41.701+0000] {logging_mixin.py:188} INFO - [2025-11-27T13:33:41.701+0000] {dag.py:3047} INFO - Sync 1 DAGs
[2025-11-27T13:33:41.734+0000] {logging_mixin.py:188} INFO - [2025-11-27T13:33:41.733+0000] {dag.py:3834} INFO - Setting next_dagrun for etl_sqlserver_to_postgres to None, run_after=None
[2025-11-27T13:33:41.782+0000] {processor.py:183} INFO - Processing /opt/airflow/dags/ETL_Dag.py took 0.269 seconds
[2025-11-27T13:34:11.906+0000] {processor.py:161} INFO - Started process (PID=507) to work on /opt/airflow/dags/ETL_Dag.py
[2025-11-27T13:34:11.911+0000] {processor.py:830} INFO - Processing file /opt/airflow/dags/ETL_Dag.py for tasks to queue
[2025-11-27T13:34:11.916+0000] {logging_mixin.py:188} INFO - [2025-11-27T13:34:11.915+0000] {dagbag.py:540} INFO - Filling up the DagBag from /opt/airflow/dags/ETL_Dag.py
[2025-11-27T13:34:12.014+0000] {processor.py:840} INFO - DAG(s) 'etl_sqlserver_to_postgres' retrieved from /opt/airflow/dags/ETL_Dag.py
[2025-11-27T13:34:12.080+0000] {logging_mixin.py:188} INFO - [2025-11-27T13:34:12.079+0000] {dag.py:3047} INFO - Sync 1 DAGs
[2025-11-27T13:34:12.110+0000] {logging_mixin.py:188} INFO - [2025-11-27T13:34:12.109+0000] {dag.py:3834} INFO - Setting next_dagrun for etl_sqlserver_to_postgres to None, run_after=None
[2025-11-27T13:34:12.158+0000] {processor.py:183} INFO - Processing /opt/airflow/dags/ETL_Dag.py took 0.268 seconds
[2025-11-27T13:34:42.462+0000] {processor.py:161} INFO - Started process (PID=514) to work on /opt/airflow/dags/ETL_Dag.py
[2025-11-27T13:34:42.465+0000] {processor.py:830} INFO - Processing file /opt/airflow/dags/ETL_Dag.py for tasks to queue
[2025-11-27T13:34:42.469+0000] {logging_mixin.py:188} INFO - [2025-11-27T13:34:42.469+0000] {dagbag.py:540} INFO - Filling up the DagBag from /opt/airflow/dags/ETL_Dag.py
[2025-11-27T13:34:42.580+0000] {processor.py:840} INFO - DAG(s) 'etl_sqlserver_to_postgres' retrieved from /opt/airflow/dags/ETL_Dag.py
[2025-11-27T13:34:42.642+0000] {logging_mixin.py:188} INFO - [2025-11-27T13:34:42.642+0000] {dag.py:3047} INFO - Sync 1 DAGs
[2025-11-27T13:34:42.678+0000] {logging_mixin.py:188} INFO - [2025-11-27T13:34:42.677+0000] {dag.py:3834} INFO - Setting next_dagrun for etl_sqlserver_to_postgres to None, run_after=None
[2025-11-27T13:34:42.731+0000] {processor.py:183} INFO - Processing /opt/airflow/dags/ETL_Dag.py took 0.277 seconds
[2025-11-27T13:35:13.202+0000] {processor.py:161} INFO - Started process (PID=521) to work on /opt/airflow/dags/ETL_Dag.py
[2025-11-27T13:35:13.206+0000] {processor.py:830} INFO - Processing file /opt/airflow/dags/ETL_Dag.py for tasks to queue
[2025-11-27T13:35:13.211+0000] {logging_mixin.py:188} INFO - [2025-11-27T13:35:13.211+0000] {dagbag.py:540} INFO - Filling up the DagBag from /opt/airflow/dags/ETL_Dag.py
[2025-11-27T13:35:13.328+0000] {processor.py:840} INFO - DAG(s) 'etl_sqlserver_to_postgres' retrieved from /opt/airflow/dags/ETL_Dag.py
[2025-11-27T13:35:13.404+0000] {logging_mixin.py:188} INFO - [2025-11-27T13:35:13.403+0000] {dag.py:3047} INFO - Sync 1 DAGs
[2025-11-27T13:35:13.434+0000] {logging_mixin.py:188} INFO - [2025-11-27T13:35:13.433+0000] {dag.py:3834} INFO - Setting next_dagrun for etl_sqlserver_to_postgres to None, run_after=None
[2025-11-27T13:35:13.487+0000] {processor.py:183} INFO - Processing /opt/airflow/dags/ETL_Dag.py took 0.296 seconds
[2025-11-27T13:35:43.755+0000] {processor.py:161} INFO - Started process (PID=529) to work on /opt/airflow/dags/ETL_Dag.py
[2025-11-27T13:35:43.760+0000] {processor.py:830} INFO - Processing file /opt/airflow/dags/ETL_Dag.py for tasks to queue
[2025-11-27T13:35:43.778+0000] {logging_mixin.py:188} INFO - [2025-11-27T13:35:43.776+0000] {dagbag.py:540} INFO - Filling up the DagBag from /opt/airflow/dags/ETL_Dag.py
[2025-11-27T13:35:44.092+0000] {processor.py:840} INFO - DAG(s) 'etl_sqlserver_to_postgres' retrieved from /opt/airflow/dags/ETL_Dag.py
[2025-11-27T13:35:44.197+0000] {logging_mixin.py:188} INFO - [2025-11-27T13:35:44.196+0000] {dag.py:3047} INFO - Sync 1 DAGs
[2025-11-27T13:35:44.243+0000] {logging_mixin.py:188} INFO - [2025-11-27T13:35:44.242+0000] {dag.py:3834} INFO - Setting next_dagrun for etl_sqlserver_to_postgres to None, run_after=None
[2025-11-27T13:35:44.303+0000] {processor.py:183} INFO - Processing /opt/airflow/dags/ETL_Dag.py took 0.585 seconds
[2025-11-27T13:36:14.663+0000] {processor.py:161} INFO - Started process (PID=536) to work on /opt/airflow/dags/ETL_Dag.py
[2025-11-27T13:36:14.666+0000] {processor.py:830} INFO - Processing file /opt/airflow/dags/ETL_Dag.py for tasks to queue
[2025-11-27T13:36:14.672+0000] {logging_mixin.py:188} INFO - [2025-11-27T13:36:14.671+0000] {dagbag.py:540} INFO - Filling up the DagBag from /opt/airflow/dags/ETL_Dag.py
[2025-11-27T13:36:14.783+0000] {processor.py:840} INFO - DAG(s) 'etl_sqlserver_to_postgres' retrieved from /opt/airflow/dags/ETL_Dag.py
[2025-11-27T13:36:14.854+0000] {logging_mixin.py:188} INFO - [2025-11-27T13:36:14.853+0000] {dag.py:3047} INFO - Sync 1 DAGs
[2025-11-27T13:36:14.890+0000] {logging_mixin.py:188} INFO - [2025-11-27T13:36:14.889+0000] {dag.py:3834} INFO - Setting next_dagrun for etl_sqlserver_to_postgres to None, run_after=None
[2025-11-27T13:36:14.940+0000] {processor.py:183} INFO - Processing /opt/airflow/dags/ETL_Dag.py took 0.287 seconds
[2025-11-27T13:36:45.316+0000] {processor.py:161} INFO - Started process (PID=543) to work on /opt/airflow/dags/ETL_Dag.py
[2025-11-27T13:36:45.319+0000] {processor.py:830} INFO - Processing file /opt/airflow/dags/ETL_Dag.py for tasks to queue
[2025-11-27T13:36:45.324+0000] {logging_mixin.py:188} INFO - [2025-11-27T13:36:45.323+0000] {dagbag.py:540} INFO - Filling up the DagBag from /opt/airflow/dags/ETL_Dag.py
[2025-11-27T13:36:45.433+0000] {processor.py:840} INFO - DAG(s) 'etl_sqlserver_to_postgres' retrieved from /opt/airflow/dags/ETL_Dag.py
[2025-11-27T13:36:45.492+0000] {logging_mixin.py:188} INFO - [2025-11-27T13:36:45.492+0000] {dag.py:3047} INFO - Sync 1 DAGs
[2025-11-27T13:36:45.521+0000] {logging_mixin.py:188} INFO - [2025-11-27T13:36:45.520+0000] {dag.py:3834} INFO - Setting next_dagrun for etl_sqlserver_to_postgres to None, run_after=None
[2025-11-27T13:36:45.566+0000] {processor.py:183} INFO - Processing /opt/airflow/dags/ETL_Dag.py took 0.259 seconds
[2025-11-27T13:37:15.983+0000] {processor.py:161} INFO - Started process (PID=550) to work on /opt/airflow/dags/ETL_Dag.py
[2025-11-27T13:37:15.986+0000] {processor.py:830} INFO - Processing file /opt/airflow/dags/ETL_Dag.py for tasks to queue
[2025-11-27T13:37:15.991+0000] {logging_mixin.py:188} INFO - [2025-11-27T13:37:15.990+0000] {dagbag.py:540} INFO - Filling up the DagBag from /opt/airflow/dags/ETL_Dag.py
[2025-11-27T13:37:16.115+0000] {processor.py:840} INFO - DAG(s) 'etl_sqlserver_to_postgres' retrieved from /opt/airflow/dags/ETL_Dag.py
[2025-11-27T13:37:16.186+0000] {logging_mixin.py:188} INFO - [2025-11-27T13:37:16.186+0000] {dag.py:3047} INFO - Sync 1 DAGs
[2025-11-27T13:37:16.217+0000] {logging_mixin.py:188} INFO - [2025-11-27T13:37:16.217+0000] {dag.py:3834} INFO - Setting next_dagrun for etl_sqlserver_to_postgres to None, run_after=None
[2025-11-27T13:37:16.263+0000] {processor.py:183} INFO - Processing /opt/airflow/dags/ETL_Dag.py took 0.290 seconds
[2025-11-27T13:37:46.597+0000] {processor.py:161} INFO - Started process (PID=557) to work on /opt/airflow/dags/ETL_Dag.py
[2025-11-27T13:37:46.601+0000] {processor.py:830} INFO - Processing file /opt/airflow/dags/ETL_Dag.py for tasks to queue
[2025-11-27T13:37:46.605+0000] {logging_mixin.py:188} INFO - [2025-11-27T13:37:46.605+0000] {dagbag.py:540} INFO - Filling up the DagBag from /opt/airflow/dags/ETL_Dag.py
[2025-11-27T13:37:46.712+0000] {processor.py:840} INFO - DAG(s) 'etl_sqlserver_to_postgres' retrieved from /opt/airflow/dags/ETL_Dag.py
[2025-11-27T13:37:46.774+0000] {logging_mixin.py:188} INFO - [2025-11-27T13:37:46.773+0000] {dag.py:3047} INFO - Sync 1 DAGs
[2025-11-27T13:37:46.800+0000] {logging_mixin.py:188} INFO - [2025-11-27T13:37:46.800+0000] {dag.py:3834} INFO - Setting next_dagrun for etl_sqlserver_to_postgres to None, run_after=None
[2025-11-27T13:37:46.995+0000] {processor.py:183} INFO - Processing /opt/airflow/dags/ETL_Dag.py took 0.406 seconds
[2025-11-27T13:38:17.384+0000] {processor.py:161} INFO - Started process (PID=564) to work on /opt/airflow/dags/ETL_Dag.py
[2025-11-27T13:38:17.387+0000] {processor.py:830} INFO - Processing file /opt/airflow/dags/ETL_Dag.py for tasks to queue
[2025-11-27T13:38:17.392+0000] {logging_mixin.py:188} INFO - [2025-11-27T13:38:17.391+0000] {dagbag.py:540} INFO - Filling up the DagBag from /opt/airflow/dags/ETL_Dag.py
[2025-11-27T13:38:17.507+0000] {processor.py:840} INFO - DAG(s) 'etl_sqlserver_to_postgres' retrieved from /opt/airflow/dags/ETL_Dag.py
[2025-11-27T13:38:17.581+0000] {logging_mixin.py:188} INFO - [2025-11-27T13:38:17.581+0000] {dag.py:3047} INFO - Sync 1 DAGs
[2025-11-27T13:38:17.616+0000] {logging_mixin.py:188} INFO - [2025-11-27T13:38:17.616+0000] {dag.py:3834} INFO - Setting next_dagrun for etl_sqlserver_to_postgres to None, run_after=None
[2025-11-27T13:38:17.705+0000] {processor.py:183} INFO - Processing /opt/airflow/dags/ETL_Dag.py took 0.330 seconds
[2025-11-27T13:38:48.123+0000] {processor.py:161} INFO - Started process (PID=571) to work on /opt/airflow/dags/ETL_Dag.py
[2025-11-27T13:38:48.126+0000] {processor.py:830} INFO - Processing file /opt/airflow/dags/ETL_Dag.py for tasks to queue
[2025-11-27T13:38:48.130+0000] {logging_mixin.py:188} INFO - [2025-11-27T13:38:48.130+0000] {dagbag.py:540} INFO - Filling up the DagBag from /opt/airflow/dags/ETL_Dag.py
[2025-11-27T13:38:48.242+0000] {processor.py:840} INFO - DAG(s) 'etl_sqlserver_to_postgres' retrieved from /opt/airflow/dags/ETL_Dag.py
[2025-11-27T13:38:48.302+0000] {logging_mixin.py:188} INFO - [2025-11-27T13:38:48.302+0000] {dag.py:3047} INFO - Sync 1 DAGs
[2025-11-27T13:38:48.329+0000] {logging_mixin.py:188} INFO - [2025-11-27T13:38:48.328+0000] {dag.py:3834} INFO - Setting next_dagrun for etl_sqlserver_to_postgres to None, run_after=None
[2025-11-27T13:38:48.407+0000] {processor.py:183} INFO - Processing /opt/airflow/dags/ETL_Dag.py took 0.294 seconds
[2025-11-27T13:39:18.788+0000] {processor.py:161} INFO - Started process (PID=578) to work on /opt/airflow/dags/ETL_Dag.py
[2025-11-27T13:39:18.792+0000] {processor.py:830} INFO - Processing file /opt/airflow/dags/ETL_Dag.py for tasks to queue
[2025-11-27T13:39:18.798+0000] {logging_mixin.py:188} INFO - [2025-11-27T13:39:18.797+0000] {dagbag.py:540} INFO - Filling up the DagBag from /opt/airflow/dags/ETL_Dag.py
[2025-11-27T13:39:18.932+0000] {processor.py:840} INFO - DAG(s) 'etl_sqlserver_to_postgres' retrieved from /opt/airflow/dags/ETL_Dag.py
[2025-11-27T13:39:18.990+0000] {logging_mixin.py:188} INFO - [2025-11-27T13:39:18.990+0000] {dag.py:3047} INFO - Sync 1 DAGs
[2025-11-27T13:39:19.017+0000] {logging_mixin.py:188} INFO - [2025-11-27T13:39:19.016+0000] {dag.py:3834} INFO - Setting next_dagrun for etl_sqlserver_to_postgres to None, run_after=None
[2025-11-27T13:39:19.087+0000] {processor.py:183} INFO - Processing /opt/airflow/dags/ETL_Dag.py took 0.312 seconds
[2025-11-27T13:39:49.396+0000] {processor.py:161} INFO - Started process (PID=585) to work on /opt/airflow/dags/ETL_Dag.py
[2025-11-27T13:39:49.397+0000] {processor.py:830} INFO - Processing file /opt/airflow/dags/ETL_Dag.py for tasks to queue
[2025-11-27T13:39:49.400+0000] {logging_mixin.py:188} INFO - [2025-11-27T13:39:49.400+0000] {dagbag.py:540} INFO - Filling up the DagBag from /opt/airflow/dags/ETL_Dag.py
[2025-11-27T13:39:49.450+0000] {processor.py:840} INFO - DAG(s) 'etl_sqlserver_to_postgres' retrieved from /opt/airflow/dags/ETL_Dag.py
[2025-11-27T13:39:49.483+0000] {logging_mixin.py:188} INFO - [2025-11-27T13:39:49.482+0000] {dag.py:3047} INFO - Sync 1 DAGs
[2025-11-27T13:39:49.496+0000] {logging_mixin.py:188} INFO - [2025-11-27T13:39:49.495+0000] {dag.py:3834} INFO - Setting next_dagrun for etl_sqlserver_to_postgres to None, run_after=None
[2025-11-27T13:39:49.548+0000] {processor.py:183} INFO - Processing /opt/airflow/dags/ETL_Dag.py took 0.157 seconds
[2025-11-27T13:40:19.745+0000] {processor.py:161} INFO - Started process (PID=592) to work on /opt/airflow/dags/ETL_Dag.py
[2025-11-27T13:40:19.748+0000] {processor.py:830} INFO - Processing file /opt/airflow/dags/ETL_Dag.py for tasks to queue
[2025-11-27T13:40:19.753+0000] {logging_mixin.py:188} INFO - [2025-11-27T13:40:19.752+0000] {dagbag.py:540} INFO - Filling up the DagBag from /opt/airflow/dags/ETL_Dag.py
[2025-11-27T13:40:19.890+0000] {processor.py:840} INFO - DAG(s) 'etl_sqlserver_to_postgres' retrieved from /opt/airflow/dags/ETL_Dag.py
[2025-11-27T13:40:19.987+0000] {logging_mixin.py:188} INFO - [2025-11-27T13:40:19.986+0000] {dag.py:3047} INFO - Sync 1 DAGs
[2025-11-27T13:40:20.077+0000] {logging_mixin.py:188} INFO - [2025-11-27T13:40:20.074+0000] {dag.py:3834} INFO - Setting next_dagrun for etl_sqlserver_to_postgres to None, run_after=None
[2025-11-27T13:40:20.172+0000] {processor.py:183} INFO - Processing /opt/airflow/dags/ETL_Dag.py took 0.436 seconds
[2025-11-27T13:40:50.721+0000] {processor.py:161} INFO - Started process (PID=599) to work on /opt/airflow/dags/ETL_Dag.py
[2025-11-27T13:40:50.725+0000] {processor.py:830} INFO - Processing file /opt/airflow/dags/ETL_Dag.py for tasks to queue
[2025-11-27T13:40:50.733+0000] {logging_mixin.py:188} INFO - [2025-11-27T13:40:50.731+0000] {dagbag.py:540} INFO - Filling up the DagBag from /opt/airflow/dags/ETL_Dag.py
[2025-11-27T13:40:51.069+0000] {processor.py:840} INFO - DAG(s) 'etl_sqlserver_to_postgres' retrieved from /opt/airflow/dags/ETL_Dag.py
[2025-11-27T13:40:51.343+0000] {logging_mixin.py:188} INFO - [2025-11-27T13:40:51.343+0000] {dag.py:3047} INFO - Sync 1 DAGs
[2025-11-27T13:40:51.418+0000] {logging_mixin.py:188} INFO - [2025-11-27T13:40:51.418+0000] {dag.py:3834} INFO - Setting next_dagrun for etl_sqlserver_to_postgres to None, run_after=None
[2025-11-27T13:40:51.525+0000] {processor.py:183} INFO - Processing /opt/airflow/dags/ETL_Dag.py took 0.823 seconds
[2025-11-27T13:41:21.929+0000] {processor.py:161} INFO - Started process (PID=606) to work on /opt/airflow/dags/ETL_Dag.py
[2025-11-27T13:41:21.932+0000] {processor.py:830} INFO - Processing file /opt/airflow/dags/ETL_Dag.py for tasks to queue
[2025-11-27T13:41:21.937+0000] {logging_mixin.py:188} INFO - [2025-11-27T13:41:21.936+0000] {dagbag.py:540} INFO - Filling up the DagBag from /opt/airflow/dags/ETL_Dag.py
[2025-11-27T13:41:22.073+0000] {processor.py:840} INFO - DAG(s) 'etl_sqlserver_to_postgres' retrieved from /opt/airflow/dags/ETL_Dag.py
[2025-11-27T13:41:22.132+0000] {logging_mixin.py:188} INFO - [2025-11-27T13:41:22.132+0000] {dag.py:3047} INFO - Sync 1 DAGs
[2025-11-27T13:41:22.159+0000] {logging_mixin.py:188} INFO - [2025-11-27T13:41:22.159+0000] {dag.py:3834} INFO - Setting next_dagrun for etl_sqlserver_to_postgres to None, run_after=None
[2025-11-27T13:41:22.202+0000] {processor.py:183} INFO - Processing /opt/airflow/dags/ETL_Dag.py took 0.281 seconds
[2025-11-27T13:41:52.574+0000] {processor.py:161} INFO - Started process (PID=613) to work on /opt/airflow/dags/ETL_Dag.py
[2025-11-27T13:41:52.577+0000] {processor.py:830} INFO - Processing file /opt/airflow/dags/ETL_Dag.py for tasks to queue
[2025-11-27T13:41:52.582+0000] {logging_mixin.py:188} INFO - [2025-11-27T13:41:52.581+0000] {dagbag.py:540} INFO - Filling up the DagBag from /opt/airflow/dags/ETL_Dag.py
[2025-11-27T13:41:52.713+0000] {processor.py:840} INFO - DAG(s) 'etl_sqlserver_to_postgres' retrieved from /opt/airflow/dags/ETL_Dag.py
[2025-11-27T13:41:52.784+0000] {logging_mixin.py:188} INFO - [2025-11-27T13:41:52.784+0000] {dag.py:3047} INFO - Sync 1 DAGs
[2025-11-27T13:41:52.818+0000] {logging_mixin.py:188} INFO - [2025-11-27T13:41:52.817+0000] {dag.py:3834} INFO - Setting next_dagrun for etl_sqlserver_to_postgres to None, run_after=None
[2025-11-27T13:41:52.866+0000] {processor.py:183} INFO - Processing /opt/airflow/dags/ETL_Dag.py took 0.300 seconds
[2025-11-27T13:42:23.222+0000] {processor.py:161} INFO - Started process (PID=619) to work on /opt/airflow/dags/ETL_Dag.py
[2025-11-27T13:42:23.224+0000] {processor.py:830} INFO - Processing file /opt/airflow/dags/ETL_Dag.py for tasks to queue
[2025-11-27T13:42:23.226+0000] {logging_mixin.py:188} INFO - [2025-11-27T13:42:23.226+0000] {dagbag.py:540} INFO - Filling up the DagBag from /opt/airflow/dags/ETL_Dag.py
[2025-11-27T13:42:23.281+0000] {processor.py:840} INFO - DAG(s) 'etl_sqlserver_to_postgres' retrieved from /opt/airflow/dags/ETL_Dag.py
[2025-11-27T13:42:23.312+0000] {logging_mixin.py:188} INFO - [2025-11-27T13:42:23.311+0000] {dag.py:3047} INFO - Sync 1 DAGs
[2025-11-27T13:42:23.324+0000] {logging_mixin.py:188} INFO - [2025-11-27T13:42:23.324+0000] {dag.py:3834} INFO - Setting next_dagrun for etl_sqlserver_to_postgres to None, run_after=None
[2025-11-27T13:42:23.348+0000] {processor.py:183} INFO - Processing /opt/airflow/dags/ETL_Dag.py took 0.130 seconds
[2025-11-27T13:42:53.528+0000] {processor.py:161} INFO - Started process (PID=626) to work on /opt/airflow/dags/ETL_Dag.py
[2025-11-27T13:42:53.531+0000] {processor.py:830} INFO - Processing file /opt/airflow/dags/ETL_Dag.py for tasks to queue
[2025-11-27T13:42:53.537+0000] {logging_mixin.py:188} INFO - [2025-11-27T13:42:53.536+0000] {dagbag.py:540} INFO - Filling up the DagBag from /opt/airflow/dags/ETL_Dag.py
[2025-11-27T13:42:53.645+0000] {processor.py:840} INFO - DAG(s) 'etl_sqlserver_to_postgres' retrieved from /opt/airflow/dags/ETL_Dag.py
[2025-11-27T13:42:53.706+0000] {logging_mixin.py:188} INFO - [2025-11-27T13:42:53.705+0000] {dag.py:3047} INFO - Sync 1 DAGs
[2025-11-27T13:42:53.733+0000] {logging_mixin.py:188} INFO - [2025-11-27T13:42:53.732+0000] {dag.py:3834} INFO - Setting next_dagrun for etl_sqlserver_to_postgres to None, run_after=None
[2025-11-27T13:42:53.775+0000] {processor.py:183} INFO - Processing /opt/airflow/dags/ETL_Dag.py took 0.255 seconds
[2025-11-27T13:43:23.992+0000] {processor.py:161} INFO - Started process (PID=634) to work on /opt/airflow/dags/ETL_Dag.py
[2025-11-27T13:43:23.995+0000] {processor.py:830} INFO - Processing file /opt/airflow/dags/ETL_Dag.py for tasks to queue
[2025-11-27T13:43:24.001+0000] {logging_mixin.py:188} INFO - [2025-11-27T13:43:24.000+0000] {dagbag.py:540} INFO - Filling up the DagBag from /opt/airflow/dags/ETL_Dag.py
[2025-11-27T13:43:24.112+0000] {processor.py:840} INFO - DAG(s) 'etl_sqlserver_to_postgres' retrieved from /opt/airflow/dags/ETL_Dag.py
[2025-11-27T13:43:24.171+0000] {logging_mixin.py:188} INFO - [2025-11-27T13:43:24.170+0000] {dag.py:3047} INFO - Sync 1 DAGs
[2025-11-27T13:43:24.199+0000] {logging_mixin.py:188} INFO - [2025-11-27T13:43:24.199+0000] {dag.py:3834} INFO - Setting next_dagrun for etl_sqlserver_to_postgres to None, run_after=None
[2025-11-27T13:43:24.251+0000] {processor.py:183} INFO - Processing /opt/airflow/dags/ETL_Dag.py took 0.270 seconds
[2025-11-27T13:43:54.392+0000] {processor.py:161} INFO - Started process (PID=641) to work on /opt/airflow/dags/ETL_Dag.py
[2025-11-27T13:43:54.395+0000] {processor.py:830} INFO - Processing file /opt/airflow/dags/ETL_Dag.py for tasks to queue
[2025-11-27T13:43:54.401+0000] {logging_mixin.py:188} INFO - [2025-11-27T13:43:54.400+0000] {dagbag.py:540} INFO - Filling up the DagBag from /opt/airflow/dags/ETL_Dag.py
[2025-11-27T13:43:54.522+0000] {processor.py:840} INFO - DAG(s) 'etl_sqlserver_to_postgres' retrieved from /opt/airflow/dags/ETL_Dag.py
[2025-11-27T13:43:54.586+0000] {logging_mixin.py:188} INFO - [2025-11-27T13:43:54.585+0000] {dag.py:3047} INFO - Sync 1 DAGs
[2025-11-27T13:43:54.614+0000] {logging_mixin.py:188} INFO - [2025-11-27T13:43:54.613+0000] {dag.py:3834} INFO - Setting next_dagrun for etl_sqlserver_to_postgres to None, run_after=None
[2025-11-27T13:43:54.658+0000] {processor.py:183} INFO - Processing /opt/airflow/dags/ETL_Dag.py took 0.275 seconds
[2025-11-27T13:44:24.962+0000] {processor.py:161} INFO - Started process (PID=648) to work on /opt/airflow/dags/ETL_Dag.py
[2025-11-27T13:44:24.964+0000] {processor.py:830} INFO - Processing file /opt/airflow/dags/ETL_Dag.py for tasks to queue
[2025-11-27T13:44:24.970+0000] {logging_mixin.py:188} INFO - [2025-11-27T13:44:24.969+0000] {dagbag.py:540} INFO - Filling up the DagBag from /opt/airflow/dags/ETL_Dag.py
[2025-11-27T13:44:25.103+0000] {processor.py:840} INFO - DAG(s) 'etl_sqlserver_to_postgres' retrieved from /opt/airflow/dags/ETL_Dag.py
[2025-11-27T13:44:25.170+0000] {logging_mixin.py:188} INFO - [2025-11-27T13:44:25.169+0000] {dag.py:3047} INFO - Sync 1 DAGs
[2025-11-27T13:44:25.197+0000] {logging_mixin.py:188} INFO - [2025-11-27T13:44:25.196+0000] {dag.py:3834} INFO - Setting next_dagrun for etl_sqlserver_to_postgres to None, run_after=None
[2025-11-27T13:44:25.245+0000] {processor.py:183} INFO - Processing /opt/airflow/dags/ETL_Dag.py took 0.293 seconds
[2025-11-27T13:44:55.427+0000] {processor.py:161} INFO - Started process (PID=655) to work on /opt/airflow/dags/ETL_Dag.py
[2025-11-27T13:44:55.430+0000] {processor.py:830} INFO - Processing file /opt/airflow/dags/ETL_Dag.py for tasks to queue
[2025-11-27T13:44:55.435+0000] {logging_mixin.py:188} INFO - [2025-11-27T13:44:55.434+0000] {dagbag.py:540} INFO - Filling up the DagBag from /opt/airflow/dags/ETL_Dag.py
[2025-11-27T13:44:55.546+0000] {processor.py:840} INFO - DAG(s) 'etl_sqlserver_to_postgres' retrieved from /opt/airflow/dags/ETL_Dag.py
[2025-11-27T13:44:55.615+0000] {logging_mixin.py:188} INFO - [2025-11-27T13:44:55.614+0000] {dag.py:3047} INFO - Sync 1 DAGs
[2025-11-27T13:44:55.650+0000] {logging_mixin.py:188} INFO - [2025-11-27T13:44:55.649+0000] {dag.py:3834} INFO - Setting next_dagrun for etl_sqlserver_to_postgres to None, run_after=None
[2025-11-27T13:44:55.697+0000] {processor.py:183} INFO - Processing /opt/airflow/dags/ETL_Dag.py took 0.278 seconds
[2025-11-27T13:45:26.085+0000] {processor.py:161} INFO - Started process (PID=662) to work on /opt/airflow/dags/ETL_Dag.py
[2025-11-27T13:45:26.087+0000] {processor.py:830} INFO - Processing file /opt/airflow/dags/ETL_Dag.py for tasks to queue
[2025-11-27T13:45:26.092+0000] {logging_mixin.py:188} INFO - [2025-11-27T13:45:26.091+0000] {dagbag.py:540} INFO - Filling up the DagBag from /opt/airflow/dags/ETL_Dag.py
[2025-11-27T13:45:26.197+0000] {processor.py:840} INFO - DAG(s) 'etl_sqlserver_to_postgres' retrieved from /opt/airflow/dags/ETL_Dag.py
[2025-11-27T13:45:26.255+0000] {logging_mixin.py:188} INFO - [2025-11-27T13:45:26.255+0000] {dag.py:3047} INFO - Sync 1 DAGs
[2025-11-27T13:45:26.309+0000] {logging_mixin.py:188} INFO - [2025-11-27T13:45:26.308+0000] {dag.py:3834} INFO - Setting next_dagrun for etl_sqlserver_to_postgres to None, run_after=None
[2025-11-27T13:45:26.371+0000] {processor.py:183} INFO - Processing /opt/airflow/dags/ETL_Dag.py took 0.293 seconds
[2025-11-27T13:45:56.957+0000] {processor.py:161} INFO - Started process (PID=669) to work on /opt/airflow/dags/ETL_Dag.py
[2025-11-27T13:45:56.960+0000] {processor.py:830} INFO - Processing file /opt/airflow/dags/ETL_Dag.py for tasks to queue
[2025-11-27T13:45:56.965+0000] {logging_mixin.py:188} INFO - [2025-11-27T13:45:56.964+0000] {dagbag.py:540} INFO - Filling up the DagBag from /opt/airflow/dags/ETL_Dag.py
[2025-11-27T13:45:57.080+0000] {processor.py:840} INFO - DAG(s) 'etl_sqlserver_to_postgres' retrieved from /opt/airflow/dags/ETL_Dag.py
[2025-11-27T13:45:57.144+0000] {logging_mixin.py:188} INFO - [2025-11-27T13:45:57.143+0000] {dag.py:3047} INFO - Sync 1 DAGs
[2025-11-27T13:45:57.170+0000] {logging_mixin.py:188} INFO - [2025-11-27T13:45:57.170+0000] {dag.py:3834} INFO - Setting next_dagrun for etl_sqlserver_to_postgres to None, run_after=None
[2025-11-27T13:45:57.213+0000] {processor.py:183} INFO - Processing /opt/airflow/dags/ETL_Dag.py took 0.266 seconds
[2025-11-27T13:46:27.584+0000] {processor.py:161} INFO - Started process (PID=676) to work on /opt/airflow/dags/ETL_Dag.py
[2025-11-27T13:46:27.587+0000] {processor.py:830} INFO - Processing file /opt/airflow/dags/ETL_Dag.py for tasks to queue
[2025-11-27T13:46:27.591+0000] {logging_mixin.py:188} INFO - [2025-11-27T13:46:27.591+0000] {dagbag.py:540} INFO - Filling up the DagBag from /opt/airflow/dags/ETL_Dag.py
[2025-11-27T13:46:27.696+0000] {processor.py:840} INFO - DAG(s) 'etl_sqlserver_to_postgres' retrieved from /opt/airflow/dags/ETL_Dag.py
[2025-11-27T13:46:27.755+0000] {logging_mixin.py:188} INFO - [2025-11-27T13:46:27.754+0000] {dag.py:3047} INFO - Sync 1 DAGs
[2025-11-27T13:46:27.781+0000] {logging_mixin.py:188} INFO - [2025-11-27T13:46:27.780+0000] {dag.py:3834} INFO - Setting next_dagrun for etl_sqlserver_to_postgres to None, run_after=None
[2025-11-27T13:46:27.825+0000] {processor.py:183} INFO - Processing /opt/airflow/dags/ETL_Dag.py took 0.251 seconds
[2025-11-27T13:46:57.922+0000] {processor.py:161} INFO - Started process (PID=683) to work on /opt/airflow/dags/ETL_Dag.py
[2025-11-27T13:46:57.926+0000] {processor.py:830} INFO - Processing file /opt/airflow/dags/ETL_Dag.py for tasks to queue
[2025-11-27T13:46:57.933+0000] {logging_mixin.py:188} INFO - [2025-11-27T13:46:57.932+0000] {dagbag.py:540} INFO - Filling up the DagBag from /opt/airflow/dags/ETL_Dag.py
[2025-11-27T13:46:58.086+0000] {processor.py:840} INFO - DAG(s) 'etl_sqlserver_to_postgres' retrieved from /opt/airflow/dags/ETL_Dag.py
[2025-11-27T13:46:58.212+0000] {logging_mixin.py:188} INFO - [2025-11-27T13:46:58.211+0000] {dag.py:3047} INFO - Sync 1 DAGs
[2025-11-27T13:46:58.274+0000] {logging_mixin.py:188} INFO - [2025-11-27T13:46:58.273+0000] {dag.py:3834} INFO - Setting next_dagrun for etl_sqlserver_to_postgres to None, run_after=None
[2025-11-27T13:46:58.395+0000] {processor.py:183} INFO - Processing /opt/airflow/dags/ETL_Dag.py took 0.489 seconds
[2025-11-27T13:47:28.644+0000] {processor.py:161} INFO - Started process (PID=690) to work on /opt/airflow/dags/ETL_Dag.py
[2025-11-27T13:47:28.645+0000] {processor.py:830} INFO - Processing file /opt/airflow/dags/ETL_Dag.py for tasks to queue
[2025-11-27T13:47:28.648+0000] {logging_mixin.py:188} INFO - [2025-11-27T13:47:28.647+0000] {dagbag.py:540} INFO - Filling up the DagBag from /opt/airflow/dags/ETL_Dag.py
[2025-11-27T13:47:28.698+0000] {processor.py:840} INFO - DAG(s) 'etl_sqlserver_to_postgres' retrieved from /opt/airflow/dags/ETL_Dag.py
[2025-11-27T13:47:28.728+0000] {logging_mixin.py:188} INFO - [2025-11-27T13:47:28.728+0000] {dag.py:3047} INFO - Sync 1 DAGs
[2025-11-27T13:47:28.740+0000] {logging_mixin.py:188} INFO - [2025-11-27T13:47:28.739+0000] {dag.py:3834} INFO - Setting next_dagrun for etl_sqlserver_to_postgres to None, run_after=None
[2025-11-27T13:47:28.761+0000] {processor.py:183} INFO - Processing /opt/airflow/dags/ETL_Dag.py took 0.122 seconds
[2025-11-27T13:47:59.134+0000] {processor.py:161} INFO - Started process (PID=698) to work on /opt/airflow/dags/ETL_Dag.py
[2025-11-27T13:47:59.139+0000] {processor.py:830} INFO - Processing file /opt/airflow/dags/ETL_Dag.py for tasks to queue
[2025-11-27T13:47:59.144+0000] {logging_mixin.py:188} INFO - [2025-11-27T13:47:59.144+0000] {dagbag.py:540} INFO - Filling up the DagBag from /opt/airflow/dags/ETL_Dag.py
[2025-11-27T13:47:59.248+0000] {processor.py:840} INFO - DAG(s) 'etl_sqlserver_to_postgres' retrieved from /opt/airflow/dags/ETL_Dag.py
[2025-11-27T13:47:59.288+0000] {logging_mixin.py:188} INFO - [2025-11-27T13:47:59.287+0000] {dag.py:3047} INFO - Sync 1 DAGs
[2025-11-27T13:47:59.302+0000] {logging_mixin.py:188} INFO - [2025-11-27T13:47:59.302+0000] {dag.py:3834} INFO - Setting next_dagrun for etl_sqlserver_to_postgres to None, run_after=None
[2025-11-27T13:47:59.331+0000] {processor.py:183} INFO - Processing /opt/airflow/dags/ETL_Dag.py took 0.204 seconds
[2025-11-27T13:48:29.464+0000] {processor.py:161} INFO - Started process (PID=705) to work on /opt/airflow/dags/ETL_Dag.py
[2025-11-27T13:48:29.466+0000] {processor.py:830} INFO - Processing file /opt/airflow/dags/ETL_Dag.py for tasks to queue
[2025-11-27T13:48:29.469+0000] {logging_mixin.py:188} INFO - [2025-11-27T13:48:29.468+0000] {dagbag.py:540} INFO - Filling up the DagBag from /opt/airflow/dags/ETL_Dag.py
[2025-11-27T13:48:29.533+0000] {processor.py:840} INFO - DAG(s) 'etl_sqlserver_to_postgres' retrieved from /opt/airflow/dags/ETL_Dag.py
[2025-11-27T13:48:29.573+0000] {logging_mixin.py:188} INFO - [2025-11-27T13:48:29.573+0000] {dag.py:3047} INFO - Sync 1 DAGs
[2025-11-27T13:48:29.587+0000] {logging_mixin.py:188} INFO - [2025-11-27T13:48:29.586+0000] {dag.py:3834} INFO - Setting next_dagrun for etl_sqlserver_to_postgres to None, run_after=None
[2025-11-27T13:48:29.609+0000] {processor.py:183} INFO - Processing /opt/airflow/dags/ETL_Dag.py took 0.150 seconds
[2025-11-27T13:48:59.848+0000] {processor.py:161} INFO - Started process (PID=712) to work on /opt/airflow/dags/ETL_Dag.py
[2025-11-27T13:48:59.852+0000] {processor.py:830} INFO - Processing file /opt/airflow/dags/ETL_Dag.py for tasks to queue
[2025-11-27T13:48:59.862+0000] {logging_mixin.py:188} INFO - [2025-11-27T13:48:59.861+0000] {dagbag.py:540} INFO - Filling up the DagBag from /opt/airflow/dags/ETL_Dag.py
[2025-11-27T13:48:59.931+0000] {processor.py:840} INFO - DAG(s) 'etl_sqlserver_to_postgres' retrieved from /opt/airflow/dags/ETL_Dag.py
[2025-11-27T13:48:59.975+0000] {logging_mixin.py:188} INFO - [2025-11-27T13:48:59.975+0000] {dag.py:3047} INFO - Sync 1 DAGs
[2025-11-27T13:48:59.990+0000] {logging_mixin.py:188} INFO - [2025-11-27T13:48:59.989+0000] {dag.py:3834} INFO - Setting next_dagrun for etl_sqlserver_to_postgres to None, run_after=None
[2025-11-27T13:49:00.024+0000] {processor.py:183} INFO - Processing /opt/airflow/dags/ETL_Dag.py took 0.186 seconds
[2025-11-27T13:49:30.235+0000] {processor.py:161} INFO - Started process (PID=719) to work on /opt/airflow/dags/ETL_Dag.py
[2025-11-27T13:49:30.236+0000] {processor.py:830} INFO - Processing file /opt/airflow/dags/ETL_Dag.py for tasks to queue
[2025-11-27T13:49:30.239+0000] {logging_mixin.py:188} INFO - [2025-11-27T13:49:30.238+0000] {dagbag.py:540} INFO - Filling up the DagBag from /opt/airflow/dags/ETL_Dag.py
[2025-11-27T13:49:30.314+0000] {processor.py:840} INFO - DAG(s) 'etl_sqlserver_to_postgres' retrieved from /opt/airflow/dags/ETL_Dag.py
[2025-11-27T13:49:30.370+0000] {logging_mixin.py:188} INFO - [2025-11-27T13:49:30.369+0000] {dag.py:3047} INFO - Sync 1 DAGs
[2025-11-27T13:49:30.401+0000] {logging_mixin.py:188} INFO - [2025-11-27T13:49:30.401+0000] {dag.py:3834} INFO - Setting next_dagrun for etl_sqlserver_to_postgres to None, run_after=None
[2025-11-27T13:49:30.439+0000] {processor.py:183} INFO - Processing /opt/airflow/dags/ETL_Dag.py took 0.210 seconds
[2025-11-27T13:50:01.053+0000] {processor.py:161} INFO - Started process (PID=726) to work on /opt/airflow/dags/ETL_Dag.py
[2025-11-27T13:50:01.056+0000] {processor.py:830} INFO - Processing file /opt/airflow/dags/ETL_Dag.py for tasks to queue
[2025-11-27T13:50:01.061+0000] {logging_mixin.py:188} INFO - [2025-11-27T13:50:01.060+0000] {dagbag.py:540} INFO - Filling up the DagBag from /opt/airflow/dags/ETL_Dag.py
[2025-11-27T13:50:01.186+0000] {processor.py:840} INFO - DAG(s) 'etl_sqlserver_to_postgres' retrieved from /opt/airflow/dags/ETL_Dag.py
[2025-11-27T13:50:01.274+0000] {logging_mixin.py:188} INFO - [2025-11-27T13:50:01.273+0000] {dag.py:3047} INFO - Sync 1 DAGs
[2025-11-27T13:50:01.314+0000] {logging_mixin.py:188} INFO - [2025-11-27T13:50:01.314+0000] {dag.py:3834} INFO - Setting next_dagrun for etl_sqlserver_to_postgres to None, run_after=None
[2025-11-27T13:50:01.367+0000] {processor.py:183} INFO - Processing /opt/airflow/dags/ETL_Dag.py took 0.322 seconds
[2025-11-27T13:50:31.550+0000] {processor.py:161} INFO - Started process (PID=734) to work on /opt/airflow/dags/ETL_Dag.py
[2025-11-27T13:50:31.557+0000] {processor.py:830} INFO - Processing file /opt/airflow/dags/ETL_Dag.py for tasks to queue
[2025-11-27T13:50:31.569+0000] {logging_mixin.py:188} INFO - [2025-11-27T13:50:31.567+0000] {dagbag.py:540} INFO - Filling up the DagBag from /opt/airflow/dags/ETL_Dag.py
[2025-11-27T13:50:31.791+0000] {processor.py:840} INFO - DAG(s) 'etl_sqlserver_to_postgres' retrieved from /opt/airflow/dags/ETL_Dag.py
[2025-11-27T13:50:31.931+0000] {logging_mixin.py:188} INFO - [2025-11-27T13:50:31.930+0000] {dag.py:3047} INFO - Sync 1 DAGs
[2025-11-27T13:50:32.001+0000] {logging_mixin.py:188} INFO - [2025-11-27T13:50:32.000+0000] {dag.py:3834} INFO - Setting next_dagrun for etl_sqlserver_to_postgres to None, run_after=None
[2025-11-27T13:50:32.075+0000] {processor.py:183} INFO - Processing /opt/airflow/dags/ETL_Dag.py took 0.546 seconds
[2025-11-27T13:51:02.563+0000] {processor.py:161} INFO - Started process (PID=742) to work on /opt/airflow/dags/ETL_Dag.py
[2025-11-27T13:51:02.566+0000] {processor.py:830} INFO - Processing file /opt/airflow/dags/ETL_Dag.py for tasks to queue
[2025-11-27T13:51:02.570+0000] {logging_mixin.py:188} INFO - [2025-11-27T13:51:02.569+0000] {dagbag.py:540} INFO - Filling up the DagBag from /opt/airflow/dags/ETL_Dag.py
[2025-11-27T13:51:02.673+0000] {processor.py:840} INFO - DAG(s) 'etl_sqlserver_to_postgres' retrieved from /opt/airflow/dags/ETL_Dag.py
[2025-11-27T13:51:02.730+0000] {logging_mixin.py:188} INFO - [2025-11-27T13:51:02.729+0000] {dag.py:3047} INFO - Sync 1 DAGs
[2025-11-27T13:51:02.755+0000] {logging_mixin.py:188} INFO - [2025-11-27T13:51:02.755+0000] {dag.py:3834} INFO - Setting next_dagrun for etl_sqlserver_to_postgres to None, run_after=None
[2025-11-27T13:51:02.835+0000] {processor.py:183} INFO - Processing /opt/airflow/dags/ETL_Dag.py took 0.281 seconds
[2025-11-27T13:51:33.156+0000] {processor.py:161} INFO - Started process (PID=749) to work on /opt/airflow/dags/ETL_Dag.py
[2025-11-27T13:51:33.159+0000] {processor.py:830} INFO - Processing file /opt/airflow/dags/ETL_Dag.py for tasks to queue
[2025-11-27T13:51:33.165+0000] {logging_mixin.py:188} INFO - [2025-11-27T13:51:33.164+0000] {dagbag.py:540} INFO - Filling up the DagBag from /opt/airflow/dags/ETL_Dag.py
[2025-11-27T13:51:33.274+0000] {processor.py:840} INFO - DAG(s) 'etl_sqlserver_to_postgres' retrieved from /opt/airflow/dags/ETL_Dag.py
[2025-11-27T13:51:33.337+0000] {logging_mixin.py:188} INFO - [2025-11-27T13:51:33.337+0000] {dag.py:3047} INFO - Sync 1 DAGs
[2025-11-27T13:51:33.363+0000] {logging_mixin.py:188} INFO - [2025-11-27T13:51:33.362+0000] {dag.py:3834} INFO - Setting next_dagrun for etl_sqlserver_to_postgres to None, run_after=None
[2025-11-27T13:51:33.530+0000] {processor.py:183} INFO - Processing /opt/airflow/dags/ETL_Dag.py took 0.383 seconds
