[2025-11-14T02:19:33.992+0000] {taskinstance.py:1979} INFO - Dependencies all met for dep_context=non-requeueable deps ti=<TaskInstance: etl_sqlserver_to_postgres.extract manual__2025-11-14T02:19:31.097099+00:00 [queued]>
[2025-11-14T02:19:34.059+0000] {taskinstance.py:1979} INFO - Dependencies all met for dep_context=requeueable deps ti=<TaskInstance: etl_sqlserver_to_postgres.extract manual__2025-11-14T02:19:31.097099+00:00 [queued]>
[2025-11-14T02:19:34.084+0000] {taskinstance.py:2193} INFO - Starting attempt 1 of 2
[2025-11-14T02:19:34.294+0000] {taskinstance.py:2217} INFO - Executing <Task(_PythonDecoratedOperator): extract> on 2025-11-14 02:19:31.097099+00:00
[2025-11-14T02:19:34.307+0000] {standard_task_runner.py:60} INFO - Started process 246 to run task
[2025-11-14T02:19:34.315+0000] {standard_task_runner.py:87} INFO - Running: ['***', 'tasks', 'run', 'etl_sqlserver_to_postgres', 'extract', 'manual__2025-11-14T02:19:31.097099+00:00', '--job-id', '62', '--raw', '--subdir', 'DAGS_FOLDER/ETL_Dag.py', '--cfg-path', '/tmp/tmp1x6k7gyd']
[2025-11-14T02:19:34.319+0000] {standard_task_runner.py:88} INFO - Job 62: Subtask extract
[2025-11-14T02:19:34.556+0000] {task_command.py:423} INFO - Running <TaskInstance: etl_sqlserver_to_postgres.extract manual__2025-11-14T02:19:31.097099+00:00 [running]> on host 19f297e328e4
[2025-11-14T02:19:34.963+0000] {taskinstance.py:2513} INFO - Exporting env vars: AIRFLOW_CTX_DAG_OWNER='***' AIRFLOW_CTX_DAG_ID='etl_sqlserver_to_postgres' AIRFLOW_CTX_TASK_ID='extract' AIRFLOW_CTX_EXECUTION_DATE='2025-11-14T02:19:31.097099+00:00' AIRFLOW_CTX_TRY_NUMBER='1' AIRFLOW_CTX_DAG_RUN_ID='manual__2025-11-14T02:19:31.097099+00:00'
[2025-11-14T02:19:34.970+0000] {__init__.py:439} INFO - Opening socket to host.docker.internal:1433
[2025-11-14T02:19:34.981+0000] {utils.py:37} INFO - Work attempt failed
Traceback (most recent call last):
  File "/home/airflow/.local/lib/python3.8/site-packages/pytds/utils.py", line 35, in exponential_backoff
    return work(try_time)
  File "/home/airflow/.local/lib/python3.8/site-packages/pytds/__init__.py", line 362, in attempt
    return _connect(
  File "/home/airflow/.local/lib/python3.8/site-packages/pytds/__init__.py", line 440, in _connect
    sock = socket.create_connection((host, resolved_port), timeout)
  File "/usr/local/lib/python3.8/socket.py", line 808, in create_connection
    raise err
  File "/usr/local/lib/python3.8/socket.py", line 796, in create_connection
    sock.connect(sa)
ConnectionRefusedError: [Errno 111] Connection refused
[2025-11-14T02:19:34.985+0000] {utils.py:48} INFO - Will retry after 1.184807 seconds
[2025-11-14T02:19:36.177+0000] {__init__.py:439} INFO - Opening socket to host.docker.internal:1433
[2025-11-14T02:19:36.188+0000] {utils.py:37} INFO - Work attempt failed
Traceback (most recent call last):
  File "/home/airflow/.local/lib/python3.8/site-packages/pytds/utils.py", line 35, in exponential_backoff
    return work(try_time)
  File "/home/airflow/.local/lib/python3.8/site-packages/pytds/__init__.py", line 362, in attempt
    return _connect(
  File "/home/airflow/.local/lib/python3.8/site-packages/pytds/__init__.py", line 440, in _connect
    sock = socket.create_connection((host, resolved_port), timeout)
  File "/usr/local/lib/python3.8/socket.py", line 808, in create_connection
    raise err
  File "/usr/local/lib/python3.8/socket.py", line 796, in create_connection
    sock.connect(sa)
ConnectionRefusedError: [Errno 111] Connection refused
[2025-11-14T02:19:36.190+0000] {utils.py:48} INFO - Will retry after 2.386656 seconds
[2025-11-14T02:19:38.581+0000] {__init__.py:439} INFO - Opening socket to host.docker.internal:1433
[2025-11-14T02:19:38.590+0000] {utils.py:37} INFO - Work attempt failed
Traceback (most recent call last):
  File "/home/airflow/.local/lib/python3.8/site-packages/pytds/utils.py", line 35, in exponential_backoff
    return work(try_time)
  File "/home/airflow/.local/lib/python3.8/site-packages/pytds/__init__.py", line 362, in attempt
    return _connect(
  File "/home/airflow/.local/lib/python3.8/site-packages/pytds/__init__.py", line 440, in _connect
    sock = socket.create_connection((host, resolved_port), timeout)
  File "/usr/local/lib/python3.8/socket.py", line 808, in create_connection
    raise err
  File "/usr/local/lib/python3.8/socket.py", line 796, in create_connection
    sock.connect(sa)
ConnectionRefusedError: [Errno 111] Connection refused
[2025-11-14T02:19:38.592+0000] {utils.py:48} INFO - Will retry after 4.789340 seconds
[2025-11-14T02:19:43.387+0000] {__init__.py:439} INFO - Opening socket to host.docker.internal:1433
[2025-11-14T02:19:43.395+0000] {utils.py:37} INFO - Work attempt failed
Traceback (most recent call last):
  File "/home/airflow/.local/lib/python3.8/site-packages/pytds/utils.py", line 35, in exponential_backoff
    return work(try_time)
  File "/home/airflow/.local/lib/python3.8/site-packages/pytds/__init__.py", line 362, in attempt
    return _connect(
  File "/home/airflow/.local/lib/python3.8/site-packages/pytds/__init__.py", line 440, in _connect
    sock = socket.create_connection((host, resolved_port), timeout)
  File "/usr/local/lib/python3.8/socket.py", line 808, in create_connection
    raise err
  File "/usr/local/lib/python3.8/socket.py", line 796, in create_connection
    sock.connect(sa)
ConnectionRefusedError: [Errno 111] Connection refused
[2025-11-14T02:19:43.397+0000] {utils.py:48} INFO - Will retry after 6.578899 seconds
[2025-11-14T02:19:49.982+0000] {taskinstance.py:2731} ERROR - Task failed with exception
Traceback (most recent call last):
  File "/home/airflow/.local/lib/python3.8/site-packages/pytds/utils.py", line 35, in exponential_backoff
    return work(try_time)
  File "/home/airflow/.local/lib/python3.8/site-packages/pytds/__init__.py", line 362, in attempt
    return _connect(
  File "/home/airflow/.local/lib/python3.8/site-packages/pytds/__init__.py", line 440, in _connect
    sock = socket.create_connection((host, resolved_port), timeout)
  File "/usr/local/lib/python3.8/socket.py", line 808, in create_connection
    raise err
  File "/usr/local/lib/python3.8/socket.py", line 796, in create_connection
    sock.connect(sa)
ConnectionRefusedError: [Errno 111] Connection refused

The above exception was the direct cause of the following exception:

Traceback (most recent call last):
  File "/home/airflow/.local/lib/python3.8/site-packages/airflow/models/taskinstance.py", line 444, in _execute_task
    result = _execute_callable(context=context, **execute_callable_kwargs)
  File "/home/airflow/.local/lib/python3.8/site-packages/airflow/models/taskinstance.py", line 414, in _execute_callable
    return execute_callable(context=context, **execute_callable_kwargs)
  File "/home/airflow/.local/lib/python3.8/site-packages/airflow/decorators/base.py", line 241, in execute
    return_value = super().execute(context)
  File "/home/airflow/.local/lib/python3.8/site-packages/airflow/operators/python.py", line 200, in execute
    return_value = self.execute_callable()
  File "/home/airflow/.local/lib/python3.8/site-packages/airflow/operators/python.py", line 217, in execute_callable
    return self.python_callable(*self.op_args, **self.op_kwargs)
  File "/opt/airflow/dags/ETL_Dag.py", line 30, in extract
    conn = pytds.connect(
  File "/home/airflow/.local/lib/python3.8/site-packages/pytds/__init__.py", line 403, in connect
    return utils.exponential_backoff(
  File "/home/airflow/.local/lib/python3.8/site-packages/pytds/utils.py", line 53, in exponential_backoff
    raise TimeoutError() from ex
TimeoutError
[2025-11-14T02:19:50.008+0000] {taskinstance.py:1149} INFO - Marking task as UP_FOR_RETRY. dag_id=etl_sqlserver_to_postgres, task_id=extract, execution_date=20251114T021931, start_date=20251114T021933, end_date=20251114T021950
[2025-11-14T02:19:50.163+0000] {standard_task_runner.py:107} ERROR - Failed to execute job 62 for task extract (; 246)
[2025-11-14T02:19:50.213+0000] {local_task_job_runner.py:234} INFO - Task exited with return code 1
[2025-11-14T02:19:50.264+0000] {taskinstance.py:3312} INFO - 0 downstream tasks scheduled from follow-on schedule check
