[2025-11-14T02:24:04.064+0000] {taskinstance.py:1979} INFO - Dependencies all met for dep_context=non-requeueable deps ti=<TaskInstance: etl_sqlserver_to_postgres.extract manual__2025-11-14T02:18:41.681512+00:00 [queued]>
[2025-11-14T02:24:04.116+0000] {taskinstance.py:1979} INFO - Dependencies all met for dep_context=requeueable deps ti=<TaskInstance: etl_sqlserver_to_postgres.extract manual__2025-11-14T02:18:41.681512+00:00 [queued]>
[2025-11-14T02:24:04.127+0000] {taskinstance.py:2193} INFO - Starting attempt 2 of 2
[2025-11-14T02:24:04.215+0000] {taskinstance.py:2217} INFO - Executing <Task(_PythonDecoratedOperator): extract> on 2025-11-14 02:18:41.681512+00:00
[2025-11-14T02:24:04.258+0000] {standard_task_runner.py:60} INFO - Started process 305 to run task
[2025-11-14T02:24:04.280+0000] {standard_task_runner.py:87} INFO - Running: ['***', 'tasks', 'run', 'etl_sqlserver_to_postgres', 'extract', 'manual__2025-11-14T02:18:41.681512+00:00', '--job-id', '63', '--raw', '--subdir', 'DAGS_FOLDER/ETL_Dag.py', '--cfg-path', '/tmp/tmp19rnofxw']
[2025-11-14T02:24:04.285+0000] {standard_task_runner.py:88} INFO - Job 63: Subtask extract
[2025-11-14T02:24:04.674+0000] {task_command.py:423} INFO - Running <TaskInstance: etl_sqlserver_to_postgres.extract manual__2025-11-14T02:18:41.681512+00:00 [running]> on host 19f297e328e4
[2025-11-14T02:24:05.216+0000] {taskinstance.py:2513} INFO - Exporting env vars: AIRFLOW_CTX_DAG_OWNER='***' AIRFLOW_CTX_DAG_ID='etl_sqlserver_to_postgres' AIRFLOW_CTX_TASK_ID='extract' AIRFLOW_CTX_EXECUTION_DATE='2025-11-14T02:18:41.681512+00:00' AIRFLOW_CTX_TRY_NUMBER='2' AIRFLOW_CTX_DAG_RUN_ID='manual__2025-11-14T02:18:41.681512+00:00'
[2025-11-14T02:24:05.233+0000] {__init__.py:439} INFO - Opening socket to host.docker.internal:1433
[2025-11-14T02:24:05.251+0000] {utils.py:37} INFO - Work attempt failed
Traceback (most recent call last):
  File "/home/airflow/.local/lib/python3.8/site-packages/pytds/utils.py", line 35, in exponential_backoff
    return work(try_time)
  File "/home/airflow/.local/lib/python3.8/site-packages/pytds/__init__.py", line 362, in attempt
    return _connect(
  File "/home/airflow/.local/lib/python3.8/site-packages/pytds/__init__.py", line 440, in _connect
    sock = socket.create_connection((host, resolved_port), timeout)
  File "/usr/local/lib/python3.8/socket.py", line 808, in create_connection
    raise err
  File "/usr/local/lib/python3.8/socket.py", line 796, in create_connection
    sock.connect(sa)
ConnectionRefusedError: [Errno 111] Connection refused
[2025-11-14T02:24:05.257+0000] {utils.py:48} INFO - Will retry after 1.176000 seconds
[2025-11-14T02:24:06.449+0000] {__init__.py:439} INFO - Opening socket to host.docker.internal:1433
[2025-11-14T02:24:06.459+0000] {utils.py:37} INFO - Work attempt failed
Traceback (most recent call last):
  File "/home/airflow/.local/lib/python3.8/site-packages/pytds/utils.py", line 35, in exponential_backoff
    return work(try_time)
  File "/home/airflow/.local/lib/python3.8/site-packages/pytds/__init__.py", line 362, in attempt
    return _connect(
  File "/home/airflow/.local/lib/python3.8/site-packages/pytds/__init__.py", line 440, in _connect
    sock = socket.create_connection((host, resolved_port), timeout)
  File "/usr/local/lib/python3.8/socket.py", line 808, in create_connection
    raise err
  File "/usr/local/lib/python3.8/socket.py", line 796, in create_connection
    sock.connect(sa)
ConnectionRefusedError: [Errno 111] Connection refused
[2025-11-14T02:24:06.461+0000] {utils.py:48} INFO - Will retry after 2.388014 seconds
[2025-11-14T02:24:08.854+0000] {__init__.py:439} INFO - Opening socket to host.docker.internal:1433
[2025-11-14T02:24:08.872+0000] {utils.py:37} INFO - Work attempt failed
Traceback (most recent call last):
  File "/home/airflow/.local/lib/python3.8/site-packages/pytds/utils.py", line 35, in exponential_backoff
    return work(try_time)
  File "/home/airflow/.local/lib/python3.8/site-packages/pytds/__init__.py", line 362, in attempt
    return _connect(
  File "/home/airflow/.local/lib/python3.8/site-packages/pytds/__init__.py", line 440, in _connect
    sock = socket.create_connection((host, resolved_port), timeout)
  File "/usr/local/lib/python3.8/socket.py", line 808, in create_connection
    raise err
  File "/usr/local/lib/python3.8/socket.py", line 796, in create_connection
    sock.connect(sa)
ConnectionRefusedError: [Errno 111] Connection refused
[2025-11-14T02:24:08.874+0000] {utils.py:48} INFO - Will retry after 4.779657 seconds
[2025-11-14T02:24:13.660+0000] {__init__.py:439} INFO - Opening socket to host.docker.internal:1433
[2025-11-14T02:24:13.674+0000] {utils.py:37} INFO - Work attempt failed
Traceback (most recent call last):
  File "/home/airflow/.local/lib/python3.8/site-packages/pytds/utils.py", line 35, in exponential_backoff
    return work(try_time)
  File "/home/airflow/.local/lib/python3.8/site-packages/pytds/__init__.py", line 362, in attempt
    return _connect(
  File "/home/airflow/.local/lib/python3.8/site-packages/pytds/__init__.py", line 440, in _connect
    sock = socket.create_connection((host, resolved_port), timeout)
  File "/usr/local/lib/python3.8/socket.py", line 808, in create_connection
    raise err
  File "/usr/local/lib/python3.8/socket.py", line 796, in create_connection
    sock.connect(sa)
ConnectionRefusedError: [Errno 111] Connection refused
[2025-11-14T02:24:13.676+0000] {utils.py:48} INFO - Will retry after 6.562680 seconds
[2025-11-14T02:24:20.246+0000] {taskinstance.py:2731} ERROR - Task failed with exception
Traceback (most recent call last):
  File "/home/airflow/.local/lib/python3.8/site-packages/pytds/utils.py", line 35, in exponential_backoff
    return work(try_time)
  File "/home/airflow/.local/lib/python3.8/site-packages/pytds/__init__.py", line 362, in attempt
    return _connect(
  File "/home/airflow/.local/lib/python3.8/site-packages/pytds/__init__.py", line 440, in _connect
    sock = socket.create_connection((host, resolved_port), timeout)
  File "/usr/local/lib/python3.8/socket.py", line 808, in create_connection
    raise err
  File "/usr/local/lib/python3.8/socket.py", line 796, in create_connection
    sock.connect(sa)
ConnectionRefusedError: [Errno 111] Connection refused

The above exception was the direct cause of the following exception:

Traceback (most recent call last):
  File "/home/airflow/.local/lib/python3.8/site-packages/airflow/models/taskinstance.py", line 444, in _execute_task
    result = _execute_callable(context=context, **execute_callable_kwargs)
  File "/home/airflow/.local/lib/python3.8/site-packages/airflow/models/taskinstance.py", line 414, in _execute_callable
    return execute_callable(context=context, **execute_callable_kwargs)
  File "/home/airflow/.local/lib/python3.8/site-packages/airflow/decorators/base.py", line 241, in execute
    return_value = super().execute(context)
  File "/home/airflow/.local/lib/python3.8/site-packages/airflow/operators/python.py", line 200, in execute
    return_value = self.execute_callable()
  File "/home/airflow/.local/lib/python3.8/site-packages/airflow/operators/python.py", line 217, in execute_callable
    return self.python_callable(*self.op_args, **self.op_kwargs)
  File "/opt/airflow/dags/ETL_Dag.py", line 30, in extract
    conn = pytds.connect(
  File "/home/airflow/.local/lib/python3.8/site-packages/pytds/__init__.py", line 403, in connect
    return utils.exponential_backoff(
  File "/home/airflow/.local/lib/python3.8/site-packages/pytds/utils.py", line 53, in exponential_backoff
    raise TimeoutError() from ex
TimeoutError
[2025-11-14T02:24:20.297+0000] {taskinstance.py:1149} INFO - Marking task as FAILED. dag_id=etl_sqlserver_to_postgres, task_id=extract, execution_date=20251114T021841, start_date=20251114T022404, end_date=20251114T022420
[2025-11-14T02:24:20.367+0000] {standard_task_runner.py:107} ERROR - Failed to execute job 63 for task extract (; 305)
[2025-11-14T02:24:20.400+0000] {local_task_job_runner.py:234} INFO - Task exited with return code 1
[2025-11-14T02:24:20.474+0000] {taskinstance.py:3312} INFO - 0 downstream tasks scheduled from follow-on schedule check
