[2025-11-14T00:00:28.963+0000] {processor.py:161} INFO - Started process (PID=1354) to work on /opt/airflow/dags/firstdag.py
[2025-11-14T00:00:28.967+0000] {processor.py:830} INFO - Processing file /opt/airflow/dags/firstdag.py for tasks to queue
[2025-11-14T00:00:28.970+0000] {logging_mixin.py:188} INFO - [2025-11-14T00:00:28.969+0000] {dagbag.py:540} INFO - Filling up the DagBag from /opt/airflow/dags/firstdag.py
[2025-11-14T00:00:29.008+0000] {logging_mixin.py:188} INFO - [2025-11-14T00:00:29.001+0000] {dagbag.py:350} ERROR - Failed to import: /opt/airflow/dags/firstdag.py
Traceback (most recent call last):
  File "/home/airflow/.local/lib/python3.8/site-packages/airflow/models/dagbag.py", line 346, in parse
    loader.exec_module(new_module)
  File "<frozen importlib._bootstrap_external>", line 843, in exec_module
  File "<frozen importlib._bootstrap>", line 219, in _call_with_frames_removed
  File "/opt/airflow/dags/firstdag.py", line 19, in <module>
    dagrun_timeout=timedelta(minutes=45),
NameError: name 'timedelta' is not defined
[2025-11-14T00:00:29.012+0000] {processor.py:842} WARNING - No viable dags retrieved from /opt/airflow/dags/firstdag.py
[2025-11-14T00:00:29.060+0000] {processor.py:183} INFO - Processing /opt/airflow/dags/firstdag.py took 0.108 seconds
[2025-11-14T00:00:59.341+0000] {processor.py:161} INFO - Started process (PID=1361) to work on /opt/airflow/dags/firstdag.py
[2025-11-14T00:00:59.344+0000] {processor.py:830} INFO - Processing file /opt/airflow/dags/firstdag.py for tasks to queue
[2025-11-14T00:00:59.347+0000] {logging_mixin.py:188} INFO - [2025-11-14T00:00:59.346+0000] {dagbag.py:540} INFO - Filling up the DagBag from /opt/airflow/dags/firstdag.py
[2025-11-14T00:00:59.390+0000] {logging_mixin.py:188} INFO - [2025-11-14T00:00:59.382+0000] {dagbag.py:350} ERROR - Failed to import: /opt/airflow/dags/firstdag.py
Traceback (most recent call last):
  File "/home/airflow/.local/lib/python3.8/site-packages/airflow/models/dagbag.py", line 346, in parse
    loader.exec_module(new_module)
  File "<frozen importlib._bootstrap_external>", line 843, in exec_module
  File "<frozen importlib._bootstrap>", line 219, in _call_with_frames_removed
  File "/opt/airflow/dags/firstdag.py", line 19, in <module>
    dagrun_timeout=timedelta(minutes=45),
NameError: name 'timedelta' is not defined
[2025-11-14T00:00:59.393+0000] {processor.py:842} WARNING - No viable dags retrieved from /opt/airflow/dags/firstdag.py
[2025-11-14T00:00:59.439+0000] {processor.py:183} INFO - Processing /opt/airflow/dags/firstdag.py took 0.108 seconds
[2025-11-14T00:01:29.740+0000] {processor.py:161} INFO - Started process (PID=1368) to work on /opt/airflow/dags/firstdag.py
[2025-11-14T00:01:29.742+0000] {processor.py:830} INFO - Processing file /opt/airflow/dags/firstdag.py for tasks to queue
[2025-11-14T00:01:29.743+0000] {logging_mixin.py:188} INFO - [2025-11-14T00:01:29.743+0000] {dagbag.py:540} INFO - Filling up the DagBag from /opt/airflow/dags/firstdag.py
[2025-11-14T00:01:29.768+0000] {logging_mixin.py:188} INFO - [2025-11-14T00:01:29.764+0000] {dagbag.py:350} ERROR - Failed to import: /opt/airflow/dags/firstdag.py
Traceback (most recent call last):
  File "/home/airflow/.local/lib/python3.8/site-packages/airflow/models/dagbag.py", line 346, in parse
    loader.exec_module(new_module)
  File "<frozen importlib._bootstrap_external>", line 843, in exec_module
  File "<frozen importlib._bootstrap>", line 219, in _call_with_frames_removed
  File "/opt/airflow/dags/firstdag.py", line 19, in <module>
    dagrun_timeout=timedelta(minutes=45),
NameError: name 'timedelta' is not defined
[2025-11-14T00:01:29.769+0000] {processor.py:842} WARNING - No viable dags retrieved from /opt/airflow/dags/firstdag.py
[2025-11-14T00:01:29.790+0000] {processor.py:183} INFO - Processing /opt/airflow/dags/firstdag.py took 0.055 seconds
[2025-11-14T00:02:00.043+0000] {processor.py:161} INFO - Started process (PID=1376) to work on /opt/airflow/dags/firstdag.py
[2025-11-14T00:02:00.044+0000] {processor.py:830} INFO - Processing file /opt/airflow/dags/firstdag.py for tasks to queue
[2025-11-14T00:02:00.045+0000] {logging_mixin.py:188} INFO - [2025-11-14T00:02:00.045+0000] {dagbag.py:540} INFO - Filling up the DagBag from /opt/airflow/dags/firstdag.py
[2025-11-14T00:02:00.063+0000] {logging_mixin.py:188} INFO - [2025-11-14T00:02:00.060+0000] {dagbag.py:350} ERROR - Failed to import: /opt/airflow/dags/firstdag.py
Traceback (most recent call last):
  File "/home/airflow/.local/lib/python3.8/site-packages/airflow/models/dagbag.py", line 346, in parse
    loader.exec_module(new_module)
  File "<frozen importlib._bootstrap_external>", line 843, in exec_module
  File "<frozen importlib._bootstrap>", line 219, in _call_with_frames_removed
  File "/opt/airflow/dags/firstdag.py", line 19, in <module>
    dagrun_timeout=timedelta(minutes=45),
NameError: name 'timedelta' is not defined
[2025-11-14T00:02:00.064+0000] {processor.py:842} WARNING - No viable dags retrieved from /opt/airflow/dags/firstdag.py
[2025-11-14T00:02:00.088+0000] {processor.py:183} INFO - Processing /opt/airflow/dags/firstdag.py took 0.050 seconds
[2025-11-14T00:02:30.378+0000] {processor.py:161} INFO - Started process (PID=1383) to work on /opt/airflow/dags/firstdag.py
[2025-11-14T00:02:30.379+0000] {processor.py:830} INFO - Processing file /opt/airflow/dags/firstdag.py for tasks to queue
[2025-11-14T00:02:30.381+0000] {logging_mixin.py:188} INFO - [2025-11-14T00:02:30.381+0000] {dagbag.py:540} INFO - Filling up the DagBag from /opt/airflow/dags/firstdag.py
[2025-11-14T00:02:30.401+0000] {logging_mixin.py:188} INFO - [2025-11-14T00:02:30.397+0000] {dagbag.py:350} ERROR - Failed to import: /opt/airflow/dags/firstdag.py
Traceback (most recent call last):
  File "/home/airflow/.local/lib/python3.8/site-packages/airflow/models/dagbag.py", line 346, in parse
    loader.exec_module(new_module)
  File "<frozen importlib._bootstrap_external>", line 843, in exec_module
  File "<frozen importlib._bootstrap>", line 219, in _call_with_frames_removed
  File "/opt/airflow/dags/firstdag.py", line 19, in <module>
    dagrun_timeout=timedelta(minutes=45),
NameError: name 'timedelta' is not defined
[2025-11-14T00:02:30.408+0000] {processor.py:842} WARNING - No viable dags retrieved from /opt/airflow/dags/firstdag.py
[2025-11-14T00:02:30.432+0000] {processor.py:183} INFO - Processing /opt/airflow/dags/firstdag.py took 0.058 seconds
[2025-11-14T00:03:00.801+0000] {processor.py:161} INFO - Started process (PID=1390) to work on /opt/airflow/dags/firstdag.py
[2025-11-14T00:03:00.804+0000] {processor.py:830} INFO - Processing file /opt/airflow/dags/firstdag.py for tasks to queue
[2025-11-14T00:03:00.807+0000] {logging_mixin.py:188} INFO - [2025-11-14T00:03:00.806+0000] {dagbag.py:540} INFO - Filling up the DagBag from /opt/airflow/dags/firstdag.py
[2025-11-14T00:03:00.849+0000] {logging_mixin.py:188} INFO - [2025-11-14T00:03:00.841+0000] {dagbag.py:350} ERROR - Failed to import: /opt/airflow/dags/firstdag.py
Traceback (most recent call last):
  File "/home/airflow/.local/lib/python3.8/site-packages/airflow/models/dagbag.py", line 346, in parse
    loader.exec_module(new_module)
  File "<frozen importlib._bootstrap_external>", line 843, in exec_module
  File "<frozen importlib._bootstrap>", line 219, in _call_with_frames_removed
  File "/opt/airflow/dags/firstdag.py", line 19, in <module>
    dagrun_timeout=timedelta(minutes=45),
NameError: name 'timedelta' is not defined
[2025-11-14T00:03:00.852+0000] {processor.py:842} WARNING - No viable dags retrieved from /opt/airflow/dags/firstdag.py
[2025-11-14T00:03:00.896+0000] {processor.py:183} INFO - Processing /opt/airflow/dags/firstdag.py took 0.106 seconds
[2025-11-14T00:03:31.166+0000] {processor.py:161} INFO - Started process (PID=1397) to work on /opt/airflow/dags/firstdag.py
[2025-11-14T00:03:31.169+0000] {processor.py:830} INFO - Processing file /opt/airflow/dags/firstdag.py for tasks to queue
[2025-11-14T00:03:31.173+0000] {logging_mixin.py:188} INFO - [2025-11-14T00:03:31.172+0000] {dagbag.py:540} INFO - Filling up the DagBag from /opt/airflow/dags/firstdag.py
[2025-11-14T00:03:31.217+0000] {logging_mixin.py:188} INFO - [2025-11-14T00:03:31.207+0000] {dagbag.py:350} ERROR - Failed to import: /opt/airflow/dags/firstdag.py
Traceback (most recent call last):
  File "/home/airflow/.local/lib/python3.8/site-packages/airflow/models/dagbag.py", line 346, in parse
    loader.exec_module(new_module)
  File "<frozen importlib._bootstrap_external>", line 843, in exec_module
  File "<frozen importlib._bootstrap>", line 219, in _call_with_frames_removed
  File "/opt/airflow/dags/firstdag.py", line 19, in <module>
    dagrun_timeout=timedelta(minutes=45),
NameError: name 'timedelta' is not defined
[2025-11-14T00:03:31.220+0000] {processor.py:842} WARNING - No viable dags retrieved from /opt/airflow/dags/firstdag.py
[2025-11-14T00:03:31.272+0000] {processor.py:183} INFO - Processing /opt/airflow/dags/firstdag.py took 0.119 seconds
[2025-11-14T00:04:01.597+0000] {processor.py:161} INFO - Started process (PID=1404) to work on /opt/airflow/dags/firstdag.py
[2025-11-14T00:04:01.604+0000] {processor.py:830} INFO - Processing file /opt/airflow/dags/firstdag.py for tasks to queue
[2025-11-14T00:04:01.609+0000] {logging_mixin.py:188} INFO - [2025-11-14T00:04:01.607+0000] {dagbag.py:540} INFO - Filling up the DagBag from /opt/airflow/dags/firstdag.py
[2025-11-14T00:04:01.651+0000] {logging_mixin.py:188} INFO - [2025-11-14T00:04:01.642+0000] {dagbag.py:350} ERROR - Failed to import: /opt/airflow/dags/firstdag.py
Traceback (most recent call last):
  File "/home/airflow/.local/lib/python3.8/site-packages/airflow/models/dagbag.py", line 346, in parse
    loader.exec_module(new_module)
  File "<frozen importlib._bootstrap_external>", line 843, in exec_module
  File "<frozen importlib._bootstrap>", line 219, in _call_with_frames_removed
  File "/opt/airflow/dags/firstdag.py", line 19, in <module>
    dagrun_timeout=timedelta(minutes=45),
NameError: name 'timedelta' is not defined
[2025-11-14T00:04:01.654+0000] {processor.py:842} WARNING - No viable dags retrieved from /opt/airflow/dags/firstdag.py
[2025-11-14T00:04:01.701+0000] {processor.py:183} INFO - Processing /opt/airflow/dags/firstdag.py took 0.127 seconds
[2025-11-14T00:04:31.943+0000] {processor.py:161} INFO - Started process (PID=1411) to work on /opt/airflow/dags/firstdag.py
[2025-11-14T00:04:31.946+0000] {processor.py:830} INFO - Processing file /opt/airflow/dags/firstdag.py for tasks to queue
[2025-11-14T00:04:31.949+0000] {logging_mixin.py:188} INFO - [2025-11-14T00:04:31.948+0000] {dagbag.py:540} INFO - Filling up the DagBag from /opt/airflow/dags/firstdag.py
[2025-11-14T00:04:31.991+0000] {logging_mixin.py:188} INFO - [2025-11-14T00:04:31.982+0000] {dagbag.py:350} ERROR - Failed to import: /opt/airflow/dags/firstdag.py
Traceback (most recent call last):
  File "/home/airflow/.local/lib/python3.8/site-packages/airflow/models/dagbag.py", line 346, in parse
    loader.exec_module(new_module)
  File "<frozen importlib._bootstrap_external>", line 843, in exec_module
  File "<frozen importlib._bootstrap>", line 219, in _call_with_frames_removed
  File "/opt/airflow/dags/firstdag.py", line 19, in <module>
    dagrun_timeout=timedelta(minutes=45),
NameError: name 'timedelta' is not defined
[2025-11-14T00:04:31.994+0000] {processor.py:842} WARNING - No viable dags retrieved from /opt/airflow/dags/firstdag.py
[2025-11-14T00:04:32.037+0000] {processor.py:183} INFO - Processing /opt/airflow/dags/firstdag.py took 0.103 seconds
[2025-11-14T00:05:02.448+0000] {processor.py:161} INFO - Started process (PID=1418) to work on /opt/airflow/dags/firstdag.py
[2025-11-14T00:05:02.458+0000] {processor.py:830} INFO - Processing file /opt/airflow/dags/firstdag.py for tasks to queue
[2025-11-14T00:05:02.473+0000] {logging_mixin.py:188} INFO - [2025-11-14T00:05:02.468+0000] {dagbag.py:540} INFO - Filling up the DagBag from /opt/airflow/dags/firstdag.py
[2025-11-14T00:05:02.528+0000] {logging_mixin.py:188} INFO - [2025-11-14T00:05:02.521+0000] {dagbag.py:350} ERROR - Failed to import: /opt/airflow/dags/firstdag.py
Traceback (most recent call last):
  File "/home/airflow/.local/lib/python3.8/site-packages/airflow/models/dagbag.py", line 346, in parse
    loader.exec_module(new_module)
  File "<frozen importlib._bootstrap_external>", line 843, in exec_module
  File "<frozen importlib._bootstrap>", line 219, in _call_with_frames_removed
  File "/opt/airflow/dags/firstdag.py", line 19, in <module>
    dagrun_timeout=timedelta(minutes=45),
NameError: name 'timedelta' is not defined
[2025-11-14T00:05:02.531+0000] {processor.py:842} WARNING - No viable dags retrieved from /opt/airflow/dags/firstdag.py
[2025-11-14T00:05:02.574+0000] {processor.py:183} INFO - Processing /opt/airflow/dags/firstdag.py took 0.142 seconds
[2025-11-14T00:05:32.772+0000] {processor.py:161} INFO - Started process (PID=1425) to work on /opt/airflow/dags/firstdag.py
[2025-11-14T00:05:32.773+0000] {processor.py:830} INFO - Processing file /opt/airflow/dags/firstdag.py for tasks to queue
[2025-11-14T00:05:32.774+0000] {logging_mixin.py:188} INFO - [2025-11-14T00:05:32.774+0000] {dagbag.py:540} INFO - Filling up the DagBag from /opt/airflow/dags/firstdag.py
[2025-11-14T00:05:32.795+0000] {logging_mixin.py:188} INFO - [2025-11-14T00:05:32.791+0000] {dagbag.py:350} ERROR - Failed to import: /opt/airflow/dags/firstdag.py
Traceback (most recent call last):
  File "/home/airflow/.local/lib/python3.8/site-packages/airflow/models/dagbag.py", line 346, in parse
    loader.exec_module(new_module)
  File "<frozen importlib._bootstrap_external>", line 843, in exec_module
  File "<frozen importlib._bootstrap>", line 219, in _call_with_frames_removed
  File "/opt/airflow/dags/firstdag.py", line 19, in <module>
    dagrun_timeout=timedelta(minutes=45),
NameError: name 'timedelta' is not defined
[2025-11-14T00:05:32.796+0000] {processor.py:842} WARNING - No viable dags retrieved from /opt/airflow/dags/firstdag.py
[2025-11-14T00:05:32.821+0000] {processor.py:183} INFO - Processing /opt/airflow/dags/firstdag.py took 0.054 seconds
[2025-11-14T00:06:03.147+0000] {processor.py:161} INFO - Started process (PID=1432) to work on /opt/airflow/dags/firstdag.py
[2025-11-14T00:06:03.150+0000] {processor.py:830} INFO - Processing file /opt/airflow/dags/firstdag.py for tasks to queue
[2025-11-14T00:06:03.152+0000] {logging_mixin.py:188} INFO - [2025-11-14T00:06:03.151+0000] {dagbag.py:540} INFO - Filling up the DagBag from /opt/airflow/dags/firstdag.py
[2025-11-14T00:06:03.210+0000] {logging_mixin.py:188} INFO - [2025-11-14T00:06:03.192+0000] {dagbag.py:350} ERROR - Failed to import: /opt/airflow/dags/firstdag.py
Traceback (most recent call last):
  File "/home/airflow/.local/lib/python3.8/site-packages/airflow/models/dagbag.py", line 346, in parse
    loader.exec_module(new_module)
  File "<frozen importlib._bootstrap_external>", line 843, in exec_module
  File "<frozen importlib._bootstrap>", line 219, in _call_with_frames_removed
  File "/opt/airflow/dags/firstdag.py", line 19, in <module>
    dagrun_timeout=timedelta(minutes=45),
NameError: name 'timedelta' is not defined
[2025-11-14T00:06:03.214+0000] {processor.py:842} WARNING - No viable dags retrieved from /opt/airflow/dags/firstdag.py
[2025-11-14T00:06:03.272+0000] {processor.py:183} INFO - Processing /opt/airflow/dags/firstdag.py took 0.134 seconds
[2025-11-14T00:06:33.470+0000] {processor.py:161} INFO - Started process (PID=1439) to work on /opt/airflow/dags/firstdag.py
[2025-11-14T00:06:33.473+0000] {processor.py:830} INFO - Processing file /opt/airflow/dags/firstdag.py for tasks to queue
[2025-11-14T00:06:33.475+0000] {logging_mixin.py:188} INFO - [2025-11-14T00:06:33.475+0000] {dagbag.py:540} INFO - Filling up the DagBag from /opt/airflow/dags/firstdag.py
[2025-11-14T00:06:33.506+0000] {logging_mixin.py:188} INFO - [2025-11-14T00:06:33.500+0000] {dagbag.py:350} ERROR - Failed to import: /opt/airflow/dags/firstdag.py
Traceback (most recent call last):
  File "/home/airflow/.local/lib/python3.8/site-packages/airflow/models/dagbag.py", line 346, in parse
    loader.exec_module(new_module)
  File "<frozen importlib._bootstrap_external>", line 843, in exec_module
  File "<frozen importlib._bootstrap>", line 219, in _call_with_frames_removed
  File "/opt/airflow/dags/firstdag.py", line 19, in <module>
    dagrun_timeout=timedelta(minutes=45),
NameError: name 'timedelta' is not defined
[2025-11-14T00:06:33.508+0000] {processor.py:842} WARNING - No viable dags retrieved from /opt/airflow/dags/firstdag.py
[2025-11-14T00:06:33.551+0000] {processor.py:183} INFO - Processing /opt/airflow/dags/firstdag.py took 0.091 seconds
[2025-11-14T00:07:03.921+0000] {processor.py:161} INFO - Started process (PID=1446) to work on /opt/airflow/dags/firstdag.py
[2025-11-14T00:07:03.923+0000] {processor.py:830} INFO - Processing file /opt/airflow/dags/firstdag.py for tasks to queue
[2025-11-14T00:07:03.926+0000] {logging_mixin.py:188} INFO - [2025-11-14T00:07:03.925+0000] {dagbag.py:540} INFO - Filling up the DagBag from /opt/airflow/dags/firstdag.py
[2025-11-14T00:07:03.967+0000] {logging_mixin.py:188} INFO - [2025-11-14T00:07:03.959+0000] {dagbag.py:350} ERROR - Failed to import: /opt/airflow/dags/firstdag.py
Traceback (most recent call last):
  File "/home/airflow/.local/lib/python3.8/site-packages/airflow/models/dagbag.py", line 346, in parse
    loader.exec_module(new_module)
  File "<frozen importlib._bootstrap_external>", line 843, in exec_module
  File "<frozen importlib._bootstrap>", line 219, in _call_with_frames_removed
  File "/opt/airflow/dags/firstdag.py", line 19, in <module>
    dagrun_timeout=timedelta(minutes=45),
NameError: name 'timedelta' is not defined
[2025-11-14T00:07:03.970+0000] {processor.py:842} WARNING - No viable dags retrieved from /opt/airflow/dags/firstdag.py
[2025-11-14T00:07:04.011+0000] {processor.py:183} INFO - Processing /opt/airflow/dags/firstdag.py took 0.099 seconds
[2025-11-14T00:07:34.254+0000] {processor.py:161} INFO - Started process (PID=1453) to work on /opt/airflow/dags/firstdag.py
[2025-11-14T00:07:34.258+0000] {processor.py:830} INFO - Processing file /opt/airflow/dags/firstdag.py for tasks to queue
[2025-11-14T00:07:34.261+0000] {logging_mixin.py:188} INFO - [2025-11-14T00:07:34.260+0000] {dagbag.py:540} INFO - Filling up the DagBag from /opt/airflow/dags/firstdag.py
[2025-11-14T00:07:34.295+0000] {logging_mixin.py:188} INFO - [2025-11-14T00:07:34.289+0000] {dagbag.py:350} ERROR - Failed to import: /opt/airflow/dags/firstdag.py
Traceback (most recent call last):
  File "/home/airflow/.local/lib/python3.8/site-packages/airflow/models/dagbag.py", line 346, in parse
    loader.exec_module(new_module)
  File "<frozen importlib._bootstrap_external>", line 843, in exec_module
  File "<frozen importlib._bootstrap>", line 219, in _call_with_frames_removed
  File "/opt/airflow/dags/firstdag.py", line 19, in <module>
    dagrun_timeout=timedelta(minutes=45),
NameError: name 'timedelta' is not defined
[2025-11-14T00:07:34.298+0000] {processor.py:842} WARNING - No viable dags retrieved from /opt/airflow/dags/firstdag.py
[2025-11-14T00:07:34.342+0000] {processor.py:183} INFO - Processing /opt/airflow/dags/firstdag.py took 0.099 seconds
[2025-11-14T00:08:04.696+0000] {processor.py:161} INFO - Started process (PID=1460) to work on /opt/airflow/dags/firstdag.py
[2025-11-14T00:08:04.698+0000] {processor.py:830} INFO - Processing file /opt/airflow/dags/firstdag.py for tasks to queue
[2025-11-14T00:08:04.699+0000] {logging_mixin.py:188} INFO - [2025-11-14T00:08:04.699+0000] {dagbag.py:540} INFO - Filling up the DagBag from /opt/airflow/dags/firstdag.py
[2025-11-14T00:08:04.713+0000] {logging_mixin.py:188} INFO - [2025-11-14T00:08:04.710+0000] {dagbag.py:350} ERROR - Failed to import: /opt/airflow/dags/firstdag.py
Traceback (most recent call last):
  File "/home/airflow/.local/lib/python3.8/site-packages/airflow/models/dagbag.py", line 346, in parse
    loader.exec_module(new_module)
  File "<frozen importlib._bootstrap_external>", line 843, in exec_module
  File "<frozen importlib._bootstrap>", line 219, in _call_with_frames_removed
  File "/opt/airflow/dags/firstdag.py", line 19, in <module>
    dagrun_timeout=timedelta(minutes=45),
NameError: name 'timedelta' is not defined
[2025-11-14T00:08:04.714+0000] {processor.py:842} WARNING - No viable dags retrieved from /opt/airflow/dags/firstdag.py
[2025-11-14T00:08:04.736+0000] {processor.py:183} INFO - Processing /opt/airflow/dags/firstdag.py took 0.046 seconds
[2025-11-14T00:08:35.058+0000] {processor.py:161} INFO - Started process (PID=1473) to work on /opt/airflow/dags/firstdag.py
[2025-11-14T00:08:35.061+0000] {processor.py:830} INFO - Processing file /opt/airflow/dags/firstdag.py for tasks to queue
[2025-11-14T00:08:35.063+0000] {logging_mixin.py:188} INFO - [2025-11-14T00:08:35.062+0000] {dagbag.py:540} INFO - Filling up the DagBag from /opt/airflow/dags/firstdag.py
[2025-11-14T00:08:35.103+0000] {logging_mixin.py:188} INFO - [2025-11-14T00:08:35.094+0000] {dagbag.py:350} ERROR - Failed to import: /opt/airflow/dags/firstdag.py
Traceback (most recent call last):
  File "/home/airflow/.local/lib/python3.8/site-packages/airflow/models/dagbag.py", line 346, in parse
    loader.exec_module(new_module)
  File "<frozen importlib._bootstrap_external>", line 843, in exec_module
  File "<frozen importlib._bootstrap>", line 219, in _call_with_frames_removed
  File "/opt/airflow/dags/firstdag.py", line 19, in <module>
    dagrun_timeout=timedelta(minutes=45),
NameError: name 'timedelta' is not defined
[2025-11-14T00:08:35.106+0000] {processor.py:842} WARNING - No viable dags retrieved from /opt/airflow/dags/firstdag.py
[2025-11-14T00:08:35.150+0000] {processor.py:183} INFO - Processing /opt/airflow/dags/firstdag.py took 0.099 seconds
[2025-11-14T00:09:05.372+0000] {processor.py:161} INFO - Started process (PID=1480) to work on /opt/airflow/dags/firstdag.py
[2025-11-14T00:09:05.373+0000] {processor.py:830} INFO - Processing file /opt/airflow/dags/firstdag.py for tasks to queue
[2025-11-14T00:09:05.374+0000] {logging_mixin.py:188} INFO - [2025-11-14T00:09:05.374+0000] {dagbag.py:540} INFO - Filling up the DagBag from /opt/airflow/dags/firstdag.py
[2025-11-14T00:09:05.395+0000] {logging_mixin.py:188} INFO - [2025-11-14T00:09:05.390+0000] {dagbag.py:350} ERROR - Failed to import: /opt/airflow/dags/firstdag.py
Traceback (most recent call last):
  File "/home/airflow/.local/lib/python3.8/site-packages/airflow/models/dagbag.py", line 346, in parse
    loader.exec_module(new_module)
  File "<frozen importlib._bootstrap_external>", line 843, in exec_module
  File "<frozen importlib._bootstrap>", line 219, in _call_with_frames_removed
  File "/opt/airflow/dags/firstdag.py", line 19, in <module>
    dagrun_timeout=timedelta(minutes=45),
NameError: name 'timedelta' is not defined
[2025-11-14T00:09:05.396+0000] {processor.py:842} WARNING - No viable dags retrieved from /opt/airflow/dags/firstdag.py
[2025-11-14T00:09:05.420+0000] {processor.py:183} INFO - Processing /opt/airflow/dags/firstdag.py took 0.054 seconds
[2025-11-14T00:09:35.681+0000] {processor.py:161} INFO - Started process (PID=1487) to work on /opt/airflow/dags/firstdag.py
[2025-11-14T00:09:35.684+0000] {processor.py:830} INFO - Processing file /opt/airflow/dags/firstdag.py for tasks to queue
[2025-11-14T00:09:35.686+0000] {logging_mixin.py:188} INFO - [2025-11-14T00:09:35.685+0000] {dagbag.py:540} INFO - Filling up the DagBag from /opt/airflow/dags/firstdag.py
[2025-11-14T00:09:35.726+0000] {logging_mixin.py:188} INFO - [2025-11-14T00:09:35.718+0000] {dagbag.py:350} ERROR - Failed to import: /opt/airflow/dags/firstdag.py
Traceback (most recent call last):
  File "/home/airflow/.local/lib/python3.8/site-packages/airflow/models/dagbag.py", line 346, in parse
    loader.exec_module(new_module)
  File "<frozen importlib._bootstrap_external>", line 843, in exec_module
  File "<frozen importlib._bootstrap>", line 219, in _call_with_frames_removed
  File "/opt/airflow/dags/firstdag.py", line 19, in <module>
    dagrun_timeout=timedelta(minutes=45),
NameError: name 'timedelta' is not defined
[2025-11-14T00:09:35.728+0000] {processor.py:842} WARNING - No viable dags retrieved from /opt/airflow/dags/firstdag.py
[2025-11-14T00:09:35.770+0000] {processor.py:183} INFO - Processing /opt/airflow/dags/firstdag.py took 0.099 seconds
[2025-11-14T00:10:06.137+0000] {processor.py:161} INFO - Started process (PID=1494) to work on /opt/airflow/dags/firstdag.py
[2025-11-14T00:10:06.140+0000] {processor.py:830} INFO - Processing file /opt/airflow/dags/firstdag.py for tasks to queue
[2025-11-14T00:10:06.142+0000] {logging_mixin.py:188} INFO - [2025-11-14T00:10:06.141+0000] {dagbag.py:540} INFO - Filling up the DagBag from /opt/airflow/dags/firstdag.py
[2025-11-14T00:10:06.169+0000] {logging_mixin.py:188} INFO - [2025-11-14T00:10:06.163+0000] {dagbag.py:350} ERROR - Failed to import: /opt/airflow/dags/firstdag.py
Traceback (most recent call last):
  File "/home/airflow/.local/lib/python3.8/site-packages/airflow/models/dagbag.py", line 346, in parse
    loader.exec_module(new_module)
  File "<frozen importlib._bootstrap_external>", line 843, in exec_module
  File "<frozen importlib._bootstrap>", line 219, in _call_with_frames_removed
  File "/opt/airflow/dags/firstdag.py", line 19, in <module>
    dagrun_timeout=timedelta(minutes=45),
NameError: name 'timedelta' is not defined
[2025-11-14T00:10:06.171+0000] {processor.py:842} WARNING - No viable dags retrieved from /opt/airflow/dags/firstdag.py
[2025-11-14T00:10:06.207+0000] {processor.py:183} INFO - Processing /opt/airflow/dags/firstdag.py took 0.073 seconds
[2025-11-14T00:10:36.517+0000] {processor.py:161} INFO - Started process (PID=1501) to work on /opt/airflow/dags/firstdag.py
[2025-11-14T00:10:36.520+0000] {processor.py:830} INFO - Processing file /opt/airflow/dags/firstdag.py for tasks to queue
[2025-11-14T00:10:36.523+0000] {logging_mixin.py:188} INFO - [2025-11-14T00:10:36.522+0000] {dagbag.py:540} INFO - Filling up the DagBag from /opt/airflow/dags/firstdag.py
[2025-11-14T00:10:36.562+0000] {logging_mixin.py:188} INFO - [2025-11-14T00:10:36.554+0000] {dagbag.py:350} ERROR - Failed to import: /opt/airflow/dags/firstdag.py
Traceback (most recent call last):
  File "/home/airflow/.local/lib/python3.8/site-packages/airflow/models/dagbag.py", line 346, in parse
    loader.exec_module(new_module)
  File "<frozen importlib._bootstrap_external>", line 843, in exec_module
  File "<frozen importlib._bootstrap>", line 219, in _call_with_frames_removed
  File "/opt/airflow/dags/firstdag.py", line 19, in <module>
    dagrun_timeout=timedelta(minutes=45),
NameError: name 'timedelta' is not defined
[2025-11-14T00:10:36.565+0000] {processor.py:842} WARNING - No viable dags retrieved from /opt/airflow/dags/firstdag.py
[2025-11-14T00:10:36.607+0000] {processor.py:183} INFO - Processing /opt/airflow/dags/firstdag.py took 0.098 seconds
[2025-11-14T00:11:06.850+0000] {processor.py:161} INFO - Started process (PID=1508) to work on /opt/airflow/dags/firstdag.py
[2025-11-14T00:11:06.853+0000] {processor.py:830} INFO - Processing file /opt/airflow/dags/firstdag.py for tasks to queue
[2025-11-14T00:11:06.856+0000] {logging_mixin.py:188} INFO - [2025-11-14T00:11:06.855+0000] {dagbag.py:540} INFO - Filling up the DagBag from /opt/airflow/dags/firstdag.py
[2025-11-14T00:11:06.897+0000] {logging_mixin.py:188} INFO - [2025-11-14T00:11:06.888+0000] {dagbag.py:350} ERROR - Failed to import: /opt/airflow/dags/firstdag.py
Traceback (most recent call last):
  File "/home/airflow/.local/lib/python3.8/site-packages/airflow/models/dagbag.py", line 346, in parse
    loader.exec_module(new_module)
  File "<frozen importlib._bootstrap_external>", line 843, in exec_module
  File "<frozen importlib._bootstrap>", line 219, in _call_with_frames_removed
  File "/opt/airflow/dags/firstdag.py", line 19, in <module>
    dagrun_timeout=timedelta(minutes=45),
NameError: name 'timedelta' is not defined
[2025-11-14T00:11:06.900+0000] {processor.py:842} WARNING - No viable dags retrieved from /opt/airflow/dags/firstdag.py
[2025-11-14T00:11:06.947+0000] {processor.py:183} INFO - Processing /opt/airflow/dags/firstdag.py took 0.110 seconds
[2025-11-14T00:11:37.308+0000] {processor.py:161} INFO - Started process (PID=1515) to work on /opt/airflow/dags/firstdag.py
[2025-11-14T00:11:37.309+0000] {processor.py:830} INFO - Processing file /opt/airflow/dags/firstdag.py for tasks to queue
[2025-11-14T00:11:37.311+0000] {logging_mixin.py:188} INFO - [2025-11-14T00:11:37.310+0000] {dagbag.py:540} INFO - Filling up the DagBag from /opt/airflow/dags/firstdag.py
[2025-11-14T00:11:37.330+0000] {logging_mixin.py:188} INFO - [2025-11-14T00:11:37.327+0000] {dagbag.py:350} ERROR - Failed to import: /opt/airflow/dags/firstdag.py
Traceback (most recent call last):
  File "/home/airflow/.local/lib/python3.8/site-packages/airflow/models/dagbag.py", line 346, in parse
    loader.exec_module(new_module)
  File "<frozen importlib._bootstrap_external>", line 843, in exec_module
  File "<frozen importlib._bootstrap>", line 219, in _call_with_frames_removed
  File "/opt/airflow/dags/firstdag.py", line 19, in <module>
    dagrun_timeout=timedelta(minutes=45),
NameError: name 'timedelta' is not defined
[2025-11-14T00:11:37.331+0000] {processor.py:842} WARNING - No viable dags retrieved from /opt/airflow/dags/firstdag.py
[2025-11-14T00:11:37.353+0000] {processor.py:183} INFO - Processing /opt/airflow/dags/firstdag.py took 0.049 seconds
[2025-11-14T00:12:07.629+0000] {processor.py:161} INFO - Started process (PID=1522) to work on /opt/airflow/dags/firstdag.py
[2025-11-14T00:12:07.632+0000] {processor.py:830} INFO - Processing file /opt/airflow/dags/firstdag.py for tasks to queue
[2025-11-14T00:12:07.634+0000] {logging_mixin.py:188} INFO - [2025-11-14T00:12:07.633+0000] {dagbag.py:540} INFO - Filling up the DagBag from /opt/airflow/dags/firstdag.py
[2025-11-14T00:12:07.674+0000] {logging_mixin.py:188} INFO - [2025-11-14T00:12:07.666+0000] {dagbag.py:350} ERROR - Failed to import: /opt/airflow/dags/firstdag.py
Traceback (most recent call last):
  File "/home/airflow/.local/lib/python3.8/site-packages/airflow/models/dagbag.py", line 346, in parse
    loader.exec_module(new_module)
  File "<frozen importlib._bootstrap_external>", line 843, in exec_module
  File "<frozen importlib._bootstrap>", line 219, in _call_with_frames_removed
  File "/opt/airflow/dags/firstdag.py", line 19, in <module>
    dagrun_timeout=timedelta(minutes=45),
NameError: name 'timedelta' is not defined
[2025-11-14T00:12:07.677+0000] {processor.py:842} WARNING - No viable dags retrieved from /opt/airflow/dags/firstdag.py
[2025-11-14T00:12:07.727+0000] {processor.py:183} INFO - Processing /opt/airflow/dags/firstdag.py took 0.106 seconds
[2025-11-14T00:12:37.981+0000] {processor.py:161} INFO - Started process (PID=1529) to work on /opt/airflow/dags/firstdag.py
[2025-11-14T00:12:37.983+0000] {processor.py:830} INFO - Processing file /opt/airflow/dags/firstdag.py for tasks to queue
[2025-11-14T00:12:37.984+0000] {logging_mixin.py:188} INFO - [2025-11-14T00:12:37.984+0000] {dagbag.py:540} INFO - Filling up the DagBag from /opt/airflow/dags/firstdag.py
[2025-11-14T00:12:38.006+0000] {logging_mixin.py:188} INFO - [2025-11-14T00:12:38.002+0000] {dagbag.py:350} ERROR - Failed to import: /opt/airflow/dags/firstdag.py
Traceback (most recent call last):
  File "/home/airflow/.local/lib/python3.8/site-packages/airflow/models/dagbag.py", line 346, in parse
    loader.exec_module(new_module)
  File "<frozen importlib._bootstrap_external>", line 843, in exec_module
  File "<frozen importlib._bootstrap>", line 219, in _call_with_frames_removed
  File "/opt/airflow/dags/firstdag.py", line 19, in <module>
    dagrun_timeout=timedelta(minutes=45),
NameError: name 'timedelta' is not defined
[2025-11-14T00:12:38.007+0000] {processor.py:842} WARNING - No viable dags retrieved from /opt/airflow/dags/firstdag.py
[2025-11-14T00:12:38.030+0000] {processor.py:183} INFO - Processing /opt/airflow/dags/firstdag.py took 0.054 seconds
[2025-11-14T00:13:08.316+0000] {processor.py:161} INFO - Started process (PID=1536) to work on /opt/airflow/dags/firstdag.py
[2025-11-14T00:13:08.319+0000] {processor.py:830} INFO - Processing file /opt/airflow/dags/firstdag.py for tasks to queue
[2025-11-14T00:13:08.322+0000] {logging_mixin.py:188} INFO - [2025-11-14T00:13:08.321+0000] {dagbag.py:540} INFO - Filling up the DagBag from /opt/airflow/dags/firstdag.py
[2025-11-14T00:13:08.364+0000] {logging_mixin.py:188} INFO - [2025-11-14T00:13:08.355+0000] {dagbag.py:350} ERROR - Failed to import: /opt/airflow/dags/firstdag.py
Traceback (most recent call last):
  File "/home/airflow/.local/lib/python3.8/site-packages/airflow/models/dagbag.py", line 346, in parse
    loader.exec_module(new_module)
  File "<frozen importlib._bootstrap_external>", line 843, in exec_module
  File "<frozen importlib._bootstrap>", line 219, in _call_with_frames_removed
  File "/opt/airflow/dags/firstdag.py", line 19, in <module>
    dagrun_timeout=timedelta(minutes=45),
NameError: name 'timedelta' is not defined
[2025-11-14T00:13:08.367+0000] {processor.py:842} WARNING - No viable dags retrieved from /opt/airflow/dags/firstdag.py
[2025-11-14T00:13:08.413+0000] {processor.py:183} INFO - Processing /opt/airflow/dags/firstdag.py took 0.106 seconds
[2025-11-14T00:13:38.707+0000] {processor.py:161} INFO - Started process (PID=1543) to work on /opt/airflow/dags/firstdag.py
[2025-11-14T00:13:38.711+0000] {processor.py:830} INFO - Processing file /opt/airflow/dags/firstdag.py for tasks to queue
[2025-11-14T00:13:38.714+0000] {logging_mixin.py:188} INFO - [2025-11-14T00:13:38.713+0000] {dagbag.py:540} INFO - Filling up the DagBag from /opt/airflow/dags/firstdag.py
[2025-11-14T00:13:38.756+0000] {logging_mixin.py:188} INFO - [2025-11-14T00:13:38.748+0000] {dagbag.py:350} ERROR - Failed to import: /opt/airflow/dags/firstdag.py
Traceback (most recent call last):
  File "/home/airflow/.local/lib/python3.8/site-packages/airflow/models/dagbag.py", line 346, in parse
    loader.exec_module(new_module)
  File "<frozen importlib._bootstrap_external>", line 843, in exec_module
  File "<frozen importlib._bootstrap>", line 219, in _call_with_frames_removed
  File "/opt/airflow/dags/firstdag.py", line 19, in <module>
    dagrun_timeout=timedelta(minutes=45),
NameError: name 'timedelta' is not defined
[2025-11-14T00:13:38.759+0000] {processor.py:842} WARNING - No viable dags retrieved from /opt/airflow/dags/firstdag.py
[2025-11-14T00:13:38.801+0000] {processor.py:183} INFO - Processing /opt/airflow/dags/firstdag.py took 0.106 seconds
[2025-11-14T00:14:09.085+0000] {processor.py:161} INFO - Started process (PID=1551) to work on /opt/airflow/dags/firstdag.py
[2025-11-14T00:14:09.088+0000] {processor.py:830} INFO - Processing file /opt/airflow/dags/firstdag.py for tasks to queue
[2025-11-14T00:14:09.090+0000] {logging_mixin.py:188} INFO - [2025-11-14T00:14:09.090+0000] {dagbag.py:540} INFO - Filling up the DagBag from /opt/airflow/dags/firstdag.py
[2025-11-14T00:14:09.132+0000] {logging_mixin.py:188} INFO - [2025-11-14T00:14:09.124+0000] {dagbag.py:350} ERROR - Failed to import: /opt/airflow/dags/firstdag.py
Traceback (most recent call last):
  File "/home/airflow/.local/lib/python3.8/site-packages/airflow/models/dagbag.py", line 346, in parse
    loader.exec_module(new_module)
  File "<frozen importlib._bootstrap_external>", line 843, in exec_module
  File "<frozen importlib._bootstrap>", line 219, in _call_with_frames_removed
  File "/opt/airflow/dags/firstdag.py", line 19, in <module>
    dagrun_timeout=timedelta(minutes=45),
NameError: name 'timedelta' is not defined
[2025-11-14T00:14:09.136+0000] {processor.py:842} WARNING - No viable dags retrieved from /opt/airflow/dags/firstdag.py
[2025-11-14T00:14:09.178+0000] {processor.py:183} INFO - Processing /opt/airflow/dags/firstdag.py took 0.104 seconds
[2025-11-14T00:14:39.471+0000] {processor.py:161} INFO - Started process (PID=1558) to work on /opt/airflow/dags/firstdag.py
[2025-11-14T00:14:39.472+0000] {processor.py:830} INFO - Processing file /opt/airflow/dags/firstdag.py for tasks to queue
[2025-11-14T00:14:39.474+0000] {logging_mixin.py:188} INFO - [2025-11-14T00:14:39.473+0000] {dagbag.py:540} INFO - Filling up the DagBag from /opt/airflow/dags/firstdag.py
[2025-11-14T00:14:39.494+0000] {logging_mixin.py:188} INFO - [2025-11-14T00:14:39.490+0000] {dagbag.py:350} ERROR - Failed to import: /opt/airflow/dags/firstdag.py
Traceback (most recent call last):
  File "/home/airflow/.local/lib/python3.8/site-packages/airflow/models/dagbag.py", line 346, in parse
    loader.exec_module(new_module)
  File "<frozen importlib._bootstrap_external>", line 843, in exec_module
  File "<frozen importlib._bootstrap>", line 219, in _call_with_frames_removed
  File "/opt/airflow/dags/firstdag.py", line 19, in <module>
    dagrun_timeout=timedelta(minutes=45),
NameError: name 'timedelta' is not defined
[2025-11-14T00:14:39.495+0000] {processor.py:842} WARNING - No viable dags retrieved from /opt/airflow/dags/firstdag.py
[2025-11-14T00:14:39.518+0000] {processor.py:183} INFO - Processing /opt/airflow/dags/firstdag.py took 0.052 seconds
[2025-11-14T00:15:09.793+0000] {processor.py:161} INFO - Started process (PID=1565) to work on /opt/airflow/dags/firstdag.py
[2025-11-14T00:15:09.797+0000] {processor.py:830} INFO - Processing file /opt/airflow/dags/firstdag.py for tasks to queue
[2025-11-14T00:15:09.801+0000] {logging_mixin.py:188} INFO - [2025-11-14T00:15:09.800+0000] {dagbag.py:540} INFO - Filling up the DagBag from /opt/airflow/dags/firstdag.py
[2025-11-14T00:15:09.837+0000] {logging_mixin.py:188} INFO - [2025-11-14T00:15:09.829+0000] {dagbag.py:350} ERROR - Failed to import: /opt/airflow/dags/firstdag.py
Traceback (most recent call last):
  File "/home/airflow/.local/lib/python3.8/site-packages/airflow/models/dagbag.py", line 346, in parse
    loader.exec_module(new_module)
  File "<frozen importlib._bootstrap_external>", line 843, in exec_module
  File "<frozen importlib._bootstrap>", line 219, in _call_with_frames_removed
  File "/opt/airflow/dags/firstdag.py", line 19, in <module>
    dagrun_timeout=timedelta(minutes=45),
NameError: name 'timedelta' is not defined
[2025-11-14T00:15:09.840+0000] {processor.py:842} WARNING - No viable dags retrieved from /opt/airflow/dags/firstdag.py
[2025-11-14T00:15:09.898+0000] {processor.py:183} INFO - Processing /opt/airflow/dags/firstdag.py took 0.118 seconds
[2025-11-14T00:15:40.134+0000] {processor.py:161} INFO - Started process (PID=1572) to work on /opt/airflow/dags/firstdag.py
[2025-11-14T00:15:40.136+0000] {processor.py:830} INFO - Processing file /opt/airflow/dags/firstdag.py for tasks to queue
[2025-11-14T00:15:40.137+0000] {logging_mixin.py:188} INFO - [2025-11-14T00:15:40.137+0000] {dagbag.py:540} INFO - Filling up the DagBag from /opt/airflow/dags/firstdag.py
[2025-11-14T00:15:40.158+0000] {logging_mixin.py:188} INFO - [2025-11-14T00:15:40.154+0000] {dagbag.py:350} ERROR - Failed to import: /opt/airflow/dags/firstdag.py
Traceback (most recent call last):
  File "/home/airflow/.local/lib/python3.8/site-packages/airflow/models/dagbag.py", line 346, in parse
    loader.exec_module(new_module)
  File "<frozen importlib._bootstrap_external>", line 843, in exec_module
  File "<frozen importlib._bootstrap>", line 219, in _call_with_frames_removed
  File "/opt/airflow/dags/firstdag.py", line 19, in <module>
    dagrun_timeout=timedelta(minutes=45),
NameError: name 'timedelta' is not defined
[2025-11-14T00:15:40.159+0000] {processor.py:842} WARNING - No viable dags retrieved from /opt/airflow/dags/firstdag.py
[2025-11-14T00:15:40.233+0000] {processor.py:183} INFO - Processing /opt/airflow/dags/firstdag.py took 0.103 seconds
[2025-11-14T00:16:10.542+0000] {processor.py:161} INFO - Started process (PID=1579) to work on /opt/airflow/dags/firstdag.py
[2025-11-14T00:16:10.545+0000] {processor.py:830} INFO - Processing file /opt/airflow/dags/firstdag.py for tasks to queue
[2025-11-14T00:16:10.548+0000] {logging_mixin.py:188} INFO - [2025-11-14T00:16:10.547+0000] {dagbag.py:540} INFO - Filling up the DagBag from /opt/airflow/dags/firstdag.py
[2025-11-14T00:16:10.581+0000] {logging_mixin.py:188} INFO - [2025-11-14T00:16:10.574+0000] {dagbag.py:350} ERROR - Failed to import: /opt/airflow/dags/firstdag.py
Traceback (most recent call last):
  File "/home/airflow/.local/lib/python3.8/site-packages/airflow/models/dagbag.py", line 346, in parse
    loader.exec_module(new_module)
  File "<frozen importlib._bootstrap_external>", line 843, in exec_module
  File "<frozen importlib._bootstrap>", line 219, in _call_with_frames_removed
  File "/opt/airflow/dags/firstdag.py", line 19, in <module>
    dagrun_timeout=timedelta(minutes=45),
NameError: name 'timedelta' is not defined
[2025-11-14T00:16:10.583+0000] {processor.py:842} WARNING - No viable dags retrieved from /opt/airflow/dags/firstdag.py
[2025-11-14T00:16:10.627+0000] {processor.py:183} INFO - Processing /opt/airflow/dags/firstdag.py took 0.093 seconds
[2025-11-14T00:16:40.916+0000] {processor.py:161} INFO - Started process (PID=1586) to work on /opt/airflow/dags/firstdag.py
[2025-11-14T00:16:40.919+0000] {processor.py:830} INFO - Processing file /opt/airflow/dags/firstdag.py for tasks to queue
[2025-11-14T00:16:40.921+0000] {logging_mixin.py:188} INFO - [2025-11-14T00:16:40.921+0000] {dagbag.py:540} INFO - Filling up the DagBag from /opt/airflow/dags/firstdag.py
[2025-11-14T00:16:40.960+0000] {logging_mixin.py:188} INFO - [2025-11-14T00:16:40.951+0000] {dagbag.py:350} ERROR - Failed to import: /opt/airflow/dags/firstdag.py
Traceback (most recent call last):
  File "/home/airflow/.local/lib/python3.8/site-packages/airflow/models/dagbag.py", line 346, in parse
    loader.exec_module(new_module)
  File "<frozen importlib._bootstrap_external>", line 843, in exec_module
  File "<frozen importlib._bootstrap>", line 219, in _call_with_frames_removed
  File "/opt/airflow/dags/firstdag.py", line 19, in <module>
    dagrun_timeout=timedelta(minutes=45),
NameError: name 'timedelta' is not defined
[2025-11-14T00:16:40.964+0000] {processor.py:842} WARNING - No viable dags retrieved from /opt/airflow/dags/firstdag.py
[2025-11-14T00:16:41.006+0000] {processor.py:183} INFO - Processing /opt/airflow/dags/firstdag.py took 0.097 seconds
[2025-11-14T00:17:11.359+0000] {processor.py:161} INFO - Started process (PID=1593) to work on /opt/airflow/dags/firstdag.py
[2025-11-14T00:17:11.363+0000] {processor.py:830} INFO - Processing file /opt/airflow/dags/firstdag.py for tasks to queue
[2025-11-14T00:17:11.366+0000] {logging_mixin.py:188} INFO - [2025-11-14T00:17:11.366+0000] {dagbag.py:540} INFO - Filling up the DagBag from /opt/airflow/dags/firstdag.py
[2025-11-14T00:17:11.414+0000] {logging_mixin.py:188} INFO - [2025-11-14T00:17:11.405+0000] {dagbag.py:350} ERROR - Failed to import: /opt/airflow/dags/firstdag.py
Traceback (most recent call last):
  File "/home/airflow/.local/lib/python3.8/site-packages/airflow/models/dagbag.py", line 346, in parse
    loader.exec_module(new_module)
  File "<frozen importlib._bootstrap_external>", line 843, in exec_module
  File "<frozen importlib._bootstrap>", line 219, in _call_with_frames_removed
  File "/opt/airflow/dags/firstdag.py", line 19, in <module>
    dagrun_timeout=timedelta(minutes=45),
NameError: name 'timedelta' is not defined
[2025-11-14T00:17:11.418+0000] {processor.py:842} WARNING - No viable dags retrieved from /opt/airflow/dags/firstdag.py
[2025-11-14T00:17:11.460+0000] {processor.py:183} INFO - Processing /opt/airflow/dags/firstdag.py took 0.108 seconds
[2025-11-14T00:17:41.704+0000] {processor.py:161} INFO - Started process (PID=1600) to work on /opt/airflow/dags/firstdag.py
[2025-11-14T00:17:41.707+0000] {processor.py:830} INFO - Processing file /opt/airflow/dags/firstdag.py for tasks to queue
[2025-11-14T00:17:41.710+0000] {logging_mixin.py:188} INFO - [2025-11-14T00:17:41.709+0000] {dagbag.py:540} INFO - Filling up the DagBag from /opt/airflow/dags/firstdag.py
[2025-11-14T00:17:41.751+0000] {logging_mixin.py:188} INFO - [2025-11-14T00:17:41.743+0000] {dagbag.py:350} ERROR - Failed to import: /opt/airflow/dags/firstdag.py
Traceback (most recent call last):
  File "/home/airflow/.local/lib/python3.8/site-packages/airflow/models/dagbag.py", line 346, in parse
    loader.exec_module(new_module)
  File "<frozen importlib._bootstrap_external>", line 843, in exec_module
  File "<frozen importlib._bootstrap>", line 219, in _call_with_frames_removed
  File "/opt/airflow/dags/firstdag.py", line 19, in <module>
    dagrun_timeout=timedelta(minutes=45),
NameError: name 'timedelta' is not defined
[2025-11-14T00:17:41.755+0000] {processor.py:842} WARNING - No viable dags retrieved from /opt/airflow/dags/firstdag.py
[2025-11-14T00:17:41.800+0000] {processor.py:183} INFO - Processing /opt/airflow/dags/firstdag.py took 0.104 seconds
[2025-11-14T00:18:12.055+0000] {processor.py:161} INFO - Started process (PID=1607) to work on /opt/airflow/dags/firstdag.py
[2025-11-14T00:18:12.058+0000] {processor.py:830} INFO - Processing file /opt/airflow/dags/firstdag.py for tasks to queue
[2025-11-14T00:18:12.061+0000] {logging_mixin.py:188} INFO - [2025-11-14T00:18:12.060+0000] {dagbag.py:540} INFO - Filling up the DagBag from /opt/airflow/dags/firstdag.py
[2025-11-14T00:18:12.104+0000] {logging_mixin.py:188} INFO - [2025-11-14T00:18:12.095+0000] {dagbag.py:350} ERROR - Failed to import: /opt/airflow/dags/firstdag.py
Traceback (most recent call last):
  File "/home/airflow/.local/lib/python3.8/site-packages/airflow/models/dagbag.py", line 346, in parse
    loader.exec_module(new_module)
  File "<frozen importlib._bootstrap_external>", line 843, in exec_module
  File "<frozen importlib._bootstrap>", line 219, in _call_with_frames_removed
  File "/opt/airflow/dags/firstdag.py", line 19, in <module>
    dagrun_timeout=timedelta(minutes=45),
NameError: name 'timedelta' is not defined
[2025-11-14T00:18:12.107+0000] {processor.py:842} WARNING - No viable dags retrieved from /opt/airflow/dags/firstdag.py
[2025-11-14T00:18:12.164+0000] {processor.py:183} INFO - Processing /opt/airflow/dags/firstdag.py took 0.118 seconds
[2025-11-14T00:18:42.375+0000] {processor.py:161} INFO - Started process (PID=1614) to work on /opt/airflow/dags/firstdag.py
[2025-11-14T00:18:42.377+0000] {processor.py:830} INFO - Processing file /opt/airflow/dags/firstdag.py for tasks to queue
[2025-11-14T00:18:42.379+0000] {logging_mixin.py:188} INFO - [2025-11-14T00:18:42.378+0000] {dagbag.py:540} INFO - Filling up the DagBag from /opt/airflow/dags/firstdag.py
[2025-11-14T00:18:42.397+0000] {logging_mixin.py:188} INFO - [2025-11-14T00:18:42.394+0000] {dagbag.py:350} ERROR - Failed to import: /opt/airflow/dags/firstdag.py
Traceback (most recent call last):
  File "/home/airflow/.local/lib/python3.8/site-packages/airflow/models/dagbag.py", line 346, in parse
    loader.exec_module(new_module)
  File "<frozen importlib._bootstrap_external>", line 843, in exec_module
  File "<frozen importlib._bootstrap>", line 219, in _call_with_frames_removed
  File "/opt/airflow/dags/firstdag.py", line 19, in <module>
    dagrun_timeout=timedelta(minutes=45),
NameError: name 'timedelta' is not defined
[2025-11-14T00:18:42.398+0000] {processor.py:842} WARNING - No viable dags retrieved from /opt/airflow/dags/firstdag.py
[2025-11-14T00:18:42.423+0000] {processor.py:183} INFO - Processing /opt/airflow/dags/firstdag.py took 0.052 seconds
[2025-11-14T00:19:12.712+0000] {processor.py:161} INFO - Started process (PID=1622) to work on /opt/airflow/dags/firstdag.py
[2025-11-14T00:19:12.716+0000] {processor.py:830} INFO - Processing file /opt/airflow/dags/firstdag.py for tasks to queue
[2025-11-14T00:19:12.719+0000] {logging_mixin.py:188} INFO - [2025-11-14T00:19:12.718+0000] {dagbag.py:540} INFO - Filling up the DagBag from /opt/airflow/dags/firstdag.py
[2025-11-14T00:19:12.759+0000] {logging_mixin.py:188} INFO - [2025-11-14T00:19:12.751+0000] {dagbag.py:350} ERROR - Failed to import: /opt/airflow/dags/firstdag.py
Traceback (most recent call last):
  File "/home/airflow/.local/lib/python3.8/site-packages/airflow/models/dagbag.py", line 346, in parse
    loader.exec_module(new_module)
  File "<frozen importlib._bootstrap_external>", line 843, in exec_module
  File "<frozen importlib._bootstrap>", line 219, in _call_with_frames_removed
  File "/opt/airflow/dags/firstdag.py", line 19, in <module>
    dagrun_timeout=timedelta(minutes=45),
NameError: name 'timedelta' is not defined
[2025-11-14T00:19:12.762+0000] {processor.py:842} WARNING - No viable dags retrieved from /opt/airflow/dags/firstdag.py
[2025-11-14T00:19:12.813+0000] {processor.py:183} INFO - Processing /opt/airflow/dags/firstdag.py took 0.112 seconds
[2025-11-14T00:19:43.024+0000] {processor.py:161} INFO - Started process (PID=1629) to work on /opt/airflow/dags/firstdag.py
[2025-11-14T00:19:43.025+0000] {processor.py:830} INFO - Processing file /opt/airflow/dags/firstdag.py for tasks to queue
[2025-11-14T00:19:43.027+0000] {logging_mixin.py:188} INFO - [2025-11-14T00:19:43.026+0000] {dagbag.py:540} INFO - Filling up the DagBag from /opt/airflow/dags/firstdag.py
[2025-11-14T00:19:43.043+0000] {logging_mixin.py:188} INFO - [2025-11-14T00:19:43.040+0000] {dagbag.py:350} ERROR - Failed to import: /opt/airflow/dags/firstdag.py
Traceback (most recent call last):
  File "/home/airflow/.local/lib/python3.8/site-packages/airflow/models/dagbag.py", line 346, in parse
    loader.exec_module(new_module)
  File "<frozen importlib._bootstrap_external>", line 843, in exec_module
  File "<frozen importlib._bootstrap>", line 219, in _call_with_frames_removed
  File "/opt/airflow/dags/firstdag.py", line 19, in <module>
    dagrun_timeout=timedelta(minutes=45),
NameError: name 'timedelta' is not defined
[2025-11-14T00:19:43.045+0000] {processor.py:842} WARNING - No viable dags retrieved from /opt/airflow/dags/firstdag.py
[2025-11-14T00:19:43.079+0000] {processor.py:183} INFO - Processing /opt/airflow/dags/firstdag.py took 0.061 seconds
[2025-11-14T00:20:13.394+0000] {processor.py:161} INFO - Started process (PID=1636) to work on /opt/airflow/dags/firstdag.py
[2025-11-14T00:20:13.397+0000] {processor.py:830} INFO - Processing file /opt/airflow/dags/firstdag.py for tasks to queue
[2025-11-14T00:20:13.400+0000] {logging_mixin.py:188} INFO - [2025-11-14T00:20:13.400+0000] {dagbag.py:540} INFO - Filling up the DagBag from /opt/airflow/dags/firstdag.py
[2025-11-14T00:20:13.427+0000] {logging_mixin.py:188} INFO - [2025-11-14T00:20:13.421+0000] {dagbag.py:350} ERROR - Failed to import: /opt/airflow/dags/firstdag.py
Traceback (most recent call last):
  File "/home/airflow/.local/lib/python3.8/site-packages/airflow/models/dagbag.py", line 346, in parse
    loader.exec_module(new_module)
  File "<frozen importlib._bootstrap_external>", line 843, in exec_module
  File "<frozen importlib._bootstrap>", line 219, in _call_with_frames_removed
  File "/opt/airflow/dags/firstdag.py", line 19, in <module>
    dagrun_timeout=timedelta(minutes=45),
NameError: name 'timedelta' is not defined
[2025-11-14T00:20:13.430+0000] {processor.py:842} WARNING - No viable dags retrieved from /opt/airflow/dags/firstdag.py
[2025-11-14T00:20:13.470+0000] {processor.py:183} INFO - Processing /opt/airflow/dags/firstdag.py took 0.084 seconds
[2025-11-14T00:20:43.727+0000] {processor.py:161} INFO - Started process (PID=1643) to work on /opt/airflow/dags/firstdag.py
[2025-11-14T00:20:43.730+0000] {processor.py:830} INFO - Processing file /opt/airflow/dags/firstdag.py for tasks to queue
[2025-11-14T00:20:43.732+0000] {logging_mixin.py:188} INFO - [2025-11-14T00:20:43.732+0000] {dagbag.py:540} INFO - Filling up the DagBag from /opt/airflow/dags/firstdag.py
[2025-11-14T00:20:43.772+0000] {logging_mixin.py:188} INFO - [2025-11-14T00:20:43.763+0000] {dagbag.py:350} ERROR - Failed to import: /opt/airflow/dags/firstdag.py
Traceback (most recent call last):
  File "/home/airflow/.local/lib/python3.8/site-packages/airflow/models/dagbag.py", line 346, in parse
    loader.exec_module(new_module)
  File "<frozen importlib._bootstrap_external>", line 843, in exec_module
  File "<frozen importlib._bootstrap>", line 219, in _call_with_frames_removed
  File "/opt/airflow/dags/firstdag.py", line 19, in <module>
    dagrun_timeout=timedelta(minutes=45),
NameError: name 'timedelta' is not defined
[2025-11-14T00:20:43.775+0000] {processor.py:842} WARNING - No viable dags retrieved from /opt/airflow/dags/firstdag.py
[2025-11-14T00:20:43.816+0000] {processor.py:183} INFO - Processing /opt/airflow/dags/firstdag.py took 0.097 seconds
[2025-11-14T00:21:14.153+0000] {processor.py:161} INFO - Started process (PID=1650) to work on /opt/airflow/dags/firstdag.py
[2025-11-14T00:21:14.157+0000] {processor.py:830} INFO - Processing file /opt/airflow/dags/firstdag.py for tasks to queue
[2025-11-14T00:21:14.159+0000] {logging_mixin.py:188} INFO - [2025-11-14T00:21:14.159+0000] {dagbag.py:540} INFO - Filling up the DagBag from /opt/airflow/dags/firstdag.py
[2025-11-14T00:21:14.189+0000] {logging_mixin.py:188} INFO - [2025-11-14T00:21:14.182+0000] {dagbag.py:350} ERROR - Failed to import: /opt/airflow/dags/firstdag.py
Traceback (most recent call last):
  File "/home/airflow/.local/lib/python3.8/site-packages/airflow/models/dagbag.py", line 346, in parse
    loader.exec_module(new_module)
  File "<frozen importlib._bootstrap_external>", line 843, in exec_module
  File "<frozen importlib._bootstrap>", line 219, in _call_with_frames_removed
  File "/opt/airflow/dags/firstdag.py", line 19, in <module>
    dagrun_timeout=timedelta(minutes=45),
NameError: name 'timedelta' is not defined
[2025-11-14T00:21:14.192+0000] {processor.py:842} WARNING - No viable dags retrieved from /opt/airflow/dags/firstdag.py
[2025-11-14T00:21:14.245+0000] {processor.py:183} INFO - Processing /opt/airflow/dags/firstdag.py took 0.099 seconds
[2025-11-14T00:21:44.477+0000] {processor.py:161} INFO - Started process (PID=1657) to work on /opt/airflow/dags/firstdag.py
[2025-11-14T00:21:44.478+0000] {processor.py:830} INFO - Processing file /opt/airflow/dags/firstdag.py for tasks to queue
[2025-11-14T00:21:44.480+0000] {logging_mixin.py:188} INFO - [2025-11-14T00:21:44.479+0000] {dagbag.py:540} INFO - Filling up the DagBag from /opt/airflow/dags/firstdag.py
[2025-11-14T00:21:44.498+0000] {logging_mixin.py:188} INFO - [2025-11-14T00:21:44.495+0000] {dagbag.py:350} ERROR - Failed to import: /opt/airflow/dags/firstdag.py
Traceback (most recent call last):
  File "/home/airflow/.local/lib/python3.8/site-packages/airflow/models/dagbag.py", line 346, in parse
    loader.exec_module(new_module)
  File "<frozen importlib._bootstrap_external>", line 843, in exec_module
  File "<frozen importlib._bootstrap>", line 219, in _call_with_frames_removed
  File "/opt/airflow/dags/firstdag.py", line 19, in <module>
    dagrun_timeout=timedelta(minutes=45),
NameError: name 'timedelta' is not defined
[2025-11-14T00:21:44.499+0000] {processor.py:842} WARNING - No viable dags retrieved from /opt/airflow/dags/firstdag.py
[2025-11-14T00:21:44.567+0000] {processor.py:183} INFO - Processing /opt/airflow/dags/firstdag.py took 0.094 seconds
[2025-11-14T00:22:14.905+0000] {processor.py:161} INFO - Started process (PID=1664) to work on /opt/airflow/dags/firstdag.py
[2025-11-14T00:22:14.908+0000] {processor.py:830} INFO - Processing file /opt/airflow/dags/firstdag.py for tasks to queue
[2025-11-14T00:22:14.910+0000] {logging_mixin.py:188} INFO - [2025-11-14T00:22:14.910+0000] {dagbag.py:540} INFO - Filling up the DagBag from /opt/airflow/dags/firstdag.py
[2025-11-14T00:22:14.952+0000] {logging_mixin.py:188} INFO - [2025-11-14T00:22:14.944+0000] {dagbag.py:350} ERROR - Failed to import: /opt/airflow/dags/firstdag.py
Traceback (most recent call last):
  File "/home/airflow/.local/lib/python3.8/site-packages/airflow/models/dagbag.py", line 346, in parse
    loader.exec_module(new_module)
  File "<frozen importlib._bootstrap_external>", line 843, in exec_module
  File "<frozen importlib._bootstrap>", line 219, in _call_with_frames_removed
  File "/opt/airflow/dags/firstdag.py", line 19, in <module>
    dagrun_timeout=timedelta(minutes=45),
NameError: name 'timedelta' is not defined
[2025-11-14T00:22:14.956+0000] {processor.py:842} WARNING - No viable dags retrieved from /opt/airflow/dags/firstdag.py
[2025-11-14T00:22:14.999+0000] {processor.py:183} INFO - Processing /opt/airflow/dags/firstdag.py took 0.101 seconds
[2025-11-14T00:22:45.326+0000] {processor.py:161} INFO - Started process (PID=1671) to work on /opt/airflow/dags/firstdag.py
[2025-11-14T00:22:45.329+0000] {processor.py:830} INFO - Processing file /opt/airflow/dags/firstdag.py for tasks to queue
[2025-11-14T00:22:45.332+0000] {logging_mixin.py:188} INFO - [2025-11-14T00:22:45.331+0000] {dagbag.py:540} INFO - Filling up the DagBag from /opt/airflow/dags/firstdag.py
[2025-11-14T00:22:45.371+0000] {logging_mixin.py:188} INFO - [2025-11-14T00:22:45.364+0000] {dagbag.py:350} ERROR - Failed to import: /opt/airflow/dags/firstdag.py
Traceback (most recent call last):
  File "/home/airflow/.local/lib/python3.8/site-packages/airflow/models/dagbag.py", line 346, in parse
    loader.exec_module(new_module)
  File "<frozen importlib._bootstrap_external>", line 843, in exec_module
  File "<frozen importlib._bootstrap>", line 219, in _call_with_frames_removed
  File "/opt/airflow/dags/firstdag.py", line 19, in <module>
    dagrun_timeout=timedelta(minutes=45),
NameError: name 'timedelta' is not defined
[2025-11-14T00:22:45.374+0000] {processor.py:842} WARNING - No viable dags retrieved from /opt/airflow/dags/firstdag.py
[2025-11-14T00:22:45.420+0000] {processor.py:183} INFO - Processing /opt/airflow/dags/firstdag.py took 0.102 seconds
[2025-11-14T00:23:15.692+0000] {processor.py:161} INFO - Started process (PID=1678) to work on /opt/airflow/dags/firstdag.py
[2025-11-14T00:23:15.695+0000] {processor.py:830} INFO - Processing file /opt/airflow/dags/firstdag.py for tasks to queue
[2025-11-14T00:23:15.699+0000] {logging_mixin.py:188} INFO - [2025-11-14T00:23:15.698+0000] {dagbag.py:540} INFO - Filling up the DagBag from /opt/airflow/dags/firstdag.py
[2025-11-14T00:23:15.743+0000] {logging_mixin.py:188} INFO - [2025-11-14T00:23:15.734+0000] {dagbag.py:350} ERROR - Failed to import: /opt/airflow/dags/firstdag.py
Traceback (most recent call last):
  File "/home/airflow/.local/lib/python3.8/site-packages/airflow/models/dagbag.py", line 346, in parse
    loader.exec_module(new_module)
  File "<frozen importlib._bootstrap_external>", line 843, in exec_module
  File "<frozen importlib._bootstrap>", line 219, in _call_with_frames_removed
  File "/opt/airflow/dags/firstdag.py", line 19, in <module>
    dagrun_timeout=timedelta(minutes=45),
NameError: name 'timedelta' is not defined
[2025-11-14T00:23:15.747+0000] {processor.py:842} WARNING - No viable dags retrieved from /opt/airflow/dags/firstdag.py
[2025-11-14T00:23:15.799+0000] {processor.py:183} INFO - Processing /opt/airflow/dags/firstdag.py took 0.118 seconds
[2025-11-14T00:23:46.248+0000] {processor.py:161} INFO - Started process (PID=1685) to work on /opt/airflow/dags/firstdag.py
[2025-11-14T00:23:46.251+0000] {processor.py:830} INFO - Processing file /opt/airflow/dags/firstdag.py for tasks to queue
[2025-11-14T00:23:46.254+0000] {logging_mixin.py:188} INFO - [2025-11-14T00:23:46.253+0000] {dagbag.py:540} INFO - Filling up the DagBag from /opt/airflow/dags/firstdag.py
[2025-11-14T00:23:46.293+0000] {logging_mixin.py:188} INFO - [2025-11-14T00:23:46.285+0000] {dagbag.py:350} ERROR - Failed to import: /opt/airflow/dags/firstdag.py
Traceback (most recent call last):
  File "/home/airflow/.local/lib/python3.8/site-packages/airflow/models/dagbag.py", line 346, in parse
    loader.exec_module(new_module)
  File "<frozen importlib._bootstrap_external>", line 843, in exec_module
  File "<frozen importlib._bootstrap>", line 219, in _call_with_frames_removed
  File "/opt/airflow/dags/firstdag.py", line 19, in <module>
    dagrun_timeout=timedelta(minutes=45),
NameError: name 'timedelta' is not defined
[2025-11-14T00:23:46.296+0000] {processor.py:842} WARNING - No viable dags retrieved from /opt/airflow/dags/firstdag.py
[2025-11-14T00:23:46.343+0000] {processor.py:183} INFO - Processing /opt/airflow/dags/firstdag.py took 0.104 seconds
[2025-11-14T00:24:16.580+0000] {processor.py:161} INFO - Started process (PID=1692) to work on /opt/airflow/dags/firstdag.py
[2025-11-14T00:24:16.583+0000] {processor.py:830} INFO - Processing file /opt/airflow/dags/firstdag.py for tasks to queue
[2025-11-14T00:24:16.586+0000] {logging_mixin.py:188} INFO - [2025-11-14T00:24:16.586+0000] {dagbag.py:540} INFO - Filling up the DagBag from /opt/airflow/dags/firstdag.py
[2025-11-14T00:24:16.629+0000] {logging_mixin.py:188} INFO - [2025-11-14T00:24:16.621+0000] {dagbag.py:350} ERROR - Failed to import: /opt/airflow/dags/firstdag.py
Traceback (most recent call last):
  File "/home/airflow/.local/lib/python3.8/site-packages/airflow/models/dagbag.py", line 346, in parse
    loader.exec_module(new_module)
  File "<frozen importlib._bootstrap_external>", line 843, in exec_module
  File "<frozen importlib._bootstrap>", line 219, in _call_with_frames_removed
  File "/opt/airflow/dags/firstdag.py", line 19, in <module>
    dagrun_timeout=timedelta(minutes=45),
NameError: name 'timedelta' is not defined
[2025-11-14T00:24:16.632+0000] {processor.py:842} WARNING - No viable dags retrieved from /opt/airflow/dags/firstdag.py
[2025-11-14T00:24:16.673+0000] {processor.py:183} INFO - Processing /opt/airflow/dags/firstdag.py took 0.105 seconds
[2025-11-14T00:24:47.060+0000] {processor.py:161} INFO - Started process (PID=1699) to work on /opt/airflow/dags/firstdag.py
[2025-11-14T00:24:47.063+0000] {processor.py:830} INFO - Processing file /opt/airflow/dags/firstdag.py for tasks to queue
[2025-11-14T00:24:47.065+0000] {logging_mixin.py:188} INFO - [2025-11-14T00:24:47.064+0000] {dagbag.py:540} INFO - Filling up the DagBag from /opt/airflow/dags/firstdag.py
[2025-11-14T00:24:47.106+0000] {logging_mixin.py:188} INFO - [2025-11-14T00:24:47.098+0000] {dagbag.py:350} ERROR - Failed to import: /opt/airflow/dags/firstdag.py
Traceback (most recent call last):
  File "/home/airflow/.local/lib/python3.8/site-packages/airflow/models/dagbag.py", line 346, in parse
    loader.exec_module(new_module)
  File "<frozen importlib._bootstrap_external>", line 843, in exec_module
  File "<frozen importlib._bootstrap>", line 219, in _call_with_frames_removed
  File "/opt/airflow/dags/firstdag.py", line 19, in <module>
    dagrun_timeout=timedelta(minutes=45),
NameError: name 'timedelta' is not defined
[2025-11-14T00:24:47.110+0000] {processor.py:842} WARNING - No viable dags retrieved from /opt/airflow/dags/firstdag.py
[2025-11-14T00:24:47.154+0000] {processor.py:183} INFO - Processing /opt/airflow/dags/firstdag.py took 0.102 seconds
[2025-11-14T00:25:17.475+0000] {processor.py:161} INFO - Started process (PID=1706) to work on /opt/airflow/dags/firstdag.py
[2025-11-14T00:25:17.478+0000] {processor.py:830} INFO - Processing file /opt/airflow/dags/firstdag.py for tasks to queue
[2025-11-14T00:25:17.481+0000] {logging_mixin.py:188} INFO - [2025-11-14T00:25:17.480+0000] {dagbag.py:540} INFO - Filling up the DagBag from /opt/airflow/dags/firstdag.py
[2025-11-14T00:25:17.520+0000] {logging_mixin.py:188} INFO - [2025-11-14T00:25:17.512+0000] {dagbag.py:350} ERROR - Failed to import: /opt/airflow/dags/firstdag.py
Traceback (most recent call last):
  File "/home/airflow/.local/lib/python3.8/site-packages/airflow/models/dagbag.py", line 346, in parse
    loader.exec_module(new_module)
  File "<frozen importlib._bootstrap_external>", line 843, in exec_module
  File "<frozen importlib._bootstrap>", line 219, in _call_with_frames_removed
  File "/opt/airflow/dags/firstdag.py", line 19, in <module>
    dagrun_timeout=timedelta(minutes=45),
NameError: name 'timedelta' is not defined
[2025-11-14T00:25:17.522+0000] {processor.py:842} WARNING - No viable dags retrieved from /opt/airflow/dags/firstdag.py
[2025-11-14T00:25:17.565+0000] {processor.py:183} INFO - Processing /opt/airflow/dags/firstdag.py took 0.098 seconds
[2025-11-14T00:25:47.815+0000] {processor.py:161} INFO - Started process (PID=1713) to work on /opt/airflow/dags/firstdag.py
[2025-11-14T00:25:47.818+0000] {processor.py:830} INFO - Processing file /opt/airflow/dags/firstdag.py for tasks to queue
[2025-11-14T00:25:47.820+0000] {logging_mixin.py:188} INFO - [2025-11-14T00:25:47.820+0000] {dagbag.py:540} INFO - Filling up the DagBag from /opt/airflow/dags/firstdag.py
[2025-11-14T00:25:47.864+0000] {logging_mixin.py:188} INFO - [2025-11-14T00:25:47.855+0000] {dagbag.py:350} ERROR - Failed to import: /opt/airflow/dags/firstdag.py
Traceback (most recent call last):
  File "/home/airflow/.local/lib/python3.8/site-packages/airflow/models/dagbag.py", line 346, in parse
    loader.exec_module(new_module)
  File "<frozen importlib._bootstrap_external>", line 843, in exec_module
  File "<frozen importlib._bootstrap>", line 219, in _call_with_frames_removed
  File "/opt/airflow/dags/firstdag.py", line 19, in <module>
    dagrun_timeout=timedelta(minutes=45),
NameError: name 'timedelta' is not defined
[2025-11-14T00:25:47.868+0000] {processor.py:842} WARNING - No viable dags retrieved from /opt/airflow/dags/firstdag.py
[2025-11-14T00:25:47.912+0000] {processor.py:183} INFO - Processing /opt/airflow/dags/firstdag.py took 0.106 seconds
[2025-11-14T00:26:18.225+0000] {processor.py:161} INFO - Started process (PID=1720) to work on /opt/airflow/dags/firstdag.py
[2025-11-14T00:26:18.228+0000] {processor.py:830} INFO - Processing file /opt/airflow/dags/firstdag.py for tasks to queue
[2025-11-14T00:26:18.231+0000] {logging_mixin.py:188} INFO - [2025-11-14T00:26:18.230+0000] {dagbag.py:540} INFO - Filling up the DagBag from /opt/airflow/dags/firstdag.py
[2025-11-14T00:26:18.270+0000] {logging_mixin.py:188} INFO - [2025-11-14T00:26:18.262+0000] {dagbag.py:350} ERROR - Failed to import: /opt/airflow/dags/firstdag.py
Traceback (most recent call last):
  File "/home/airflow/.local/lib/python3.8/site-packages/airflow/models/dagbag.py", line 346, in parse
    loader.exec_module(new_module)
  File "<frozen importlib._bootstrap_external>", line 843, in exec_module
  File "<frozen importlib._bootstrap>", line 219, in _call_with_frames_removed
  File "/opt/airflow/dags/firstdag.py", line 19, in <module>
    dagrun_timeout=timedelta(minutes=45),
NameError: name 'timedelta' is not defined
[2025-11-14T00:26:18.273+0000] {processor.py:842} WARNING - No viable dags retrieved from /opt/airflow/dags/firstdag.py
[2025-11-14T00:26:18.317+0000] {processor.py:183} INFO - Processing /opt/airflow/dags/firstdag.py took 0.101 seconds
[2025-11-14T00:26:48.581+0000] {processor.py:161} INFO - Started process (PID=1727) to work on /opt/airflow/dags/firstdag.py
[2025-11-14T00:26:48.585+0000] {processor.py:830} INFO - Processing file /opt/airflow/dags/firstdag.py for tasks to queue
[2025-11-14T00:26:48.587+0000] {logging_mixin.py:188} INFO - [2025-11-14T00:26:48.587+0000] {dagbag.py:540} INFO - Filling up the DagBag from /opt/airflow/dags/firstdag.py
[2025-11-14T00:26:48.623+0000] {logging_mixin.py:188} INFO - [2025-11-14T00:26:48.616+0000] {dagbag.py:350} ERROR - Failed to import: /opt/airflow/dags/firstdag.py
Traceback (most recent call last):
  File "/home/airflow/.local/lib/python3.8/site-packages/airflow/models/dagbag.py", line 346, in parse
    loader.exec_module(new_module)
  File "<frozen importlib._bootstrap_external>", line 843, in exec_module
  File "<frozen importlib._bootstrap>", line 219, in _call_with_frames_removed
  File "/opt/airflow/dags/firstdag.py", line 19, in <module>
    dagrun_timeout=timedelta(minutes=45),
NameError: name 'timedelta' is not defined
[2025-11-14T00:26:48.625+0000] {processor.py:842} WARNING - No viable dags retrieved from /opt/airflow/dags/firstdag.py
[2025-11-14T00:26:48.675+0000] {processor.py:183} INFO - Processing /opt/airflow/dags/firstdag.py took 0.105 seconds
[2025-11-14T00:27:18.977+0000] {processor.py:161} INFO - Started process (PID=1734) to work on /opt/airflow/dags/firstdag.py
[2025-11-14T00:27:18.978+0000] {processor.py:830} INFO - Processing file /opt/airflow/dags/firstdag.py for tasks to queue
[2025-11-14T00:27:18.980+0000] {logging_mixin.py:188} INFO - [2025-11-14T00:27:18.979+0000] {dagbag.py:540} INFO - Filling up the DagBag from /opt/airflow/dags/firstdag.py
[2025-11-14T00:27:19.000+0000] {logging_mixin.py:188} INFO - [2025-11-14T00:27:18.997+0000] {dagbag.py:350} ERROR - Failed to import: /opt/airflow/dags/firstdag.py
Traceback (most recent call last):
  File "/home/airflow/.local/lib/python3.8/site-packages/airflow/models/dagbag.py", line 346, in parse
    loader.exec_module(new_module)
  File "<frozen importlib._bootstrap_external>", line 843, in exec_module
  File "<frozen importlib._bootstrap>", line 219, in _call_with_frames_removed
  File "/opt/airflow/dags/firstdag.py", line 19, in <module>
    dagrun_timeout=timedelta(minutes=45),
NameError: name 'timedelta' is not defined
[2025-11-14T00:27:19.001+0000] {processor.py:842} WARNING - No viable dags retrieved from /opt/airflow/dags/firstdag.py
[2025-11-14T00:27:19.023+0000] {processor.py:183} INFO - Processing /opt/airflow/dags/firstdag.py took 0.051 seconds
[2025-11-14T00:27:49.288+0000] {processor.py:161} INFO - Started process (PID=1741) to work on /opt/airflow/dags/firstdag.py
[2025-11-14T00:27:49.290+0000] {processor.py:830} INFO - Processing file /opt/airflow/dags/firstdag.py for tasks to queue
[2025-11-14T00:27:49.291+0000] {logging_mixin.py:188} INFO - [2025-11-14T00:27:49.291+0000] {dagbag.py:540} INFO - Filling up the DagBag from /opt/airflow/dags/firstdag.py
[2025-11-14T00:27:49.308+0000] {logging_mixin.py:188} INFO - [2025-11-14T00:27:49.305+0000] {dagbag.py:350} ERROR - Failed to import: /opt/airflow/dags/firstdag.py
Traceback (most recent call last):
  File "/home/airflow/.local/lib/python3.8/site-packages/airflow/models/dagbag.py", line 346, in parse
    loader.exec_module(new_module)
  File "<frozen importlib._bootstrap_external>", line 843, in exec_module
  File "<frozen importlib._bootstrap>", line 219, in _call_with_frames_removed
  File "/opt/airflow/dags/firstdag.py", line 19, in <module>
    dagrun_timeout=timedelta(minutes=45),
NameError: name 'timedelta' is not defined
[2025-11-14T00:27:49.309+0000] {processor.py:842} WARNING - No viable dags retrieved from /opt/airflow/dags/firstdag.py
[2025-11-14T00:27:49.331+0000] {processor.py:183} INFO - Processing /opt/airflow/dags/firstdag.py took 0.047 seconds
[2025-11-14T00:28:19.591+0000] {processor.py:161} INFO - Started process (PID=1748) to work on /opt/airflow/dags/firstdag.py
[2025-11-14T00:28:19.592+0000] {processor.py:830} INFO - Processing file /opt/airflow/dags/firstdag.py for tasks to queue
[2025-11-14T00:28:19.593+0000] {logging_mixin.py:188} INFO - [2025-11-14T00:28:19.593+0000] {dagbag.py:540} INFO - Filling up the DagBag from /opt/airflow/dags/firstdag.py
[2025-11-14T00:28:19.609+0000] {logging_mixin.py:188} INFO - [2025-11-14T00:28:19.606+0000] {dagbag.py:350} ERROR - Failed to import: /opt/airflow/dags/firstdag.py
Traceback (most recent call last):
  File "/home/airflow/.local/lib/python3.8/site-packages/airflow/models/dagbag.py", line 346, in parse
    loader.exec_module(new_module)
  File "<frozen importlib._bootstrap_external>", line 843, in exec_module
  File "<frozen importlib._bootstrap>", line 219, in _call_with_frames_removed
  File "/opt/airflow/dags/firstdag.py", line 19, in <module>
    dagrun_timeout=timedelta(minutes=45),
NameError: name 'timedelta' is not defined
[2025-11-14T00:28:19.610+0000] {processor.py:842} WARNING - No viable dags retrieved from /opt/airflow/dags/firstdag.py
[2025-11-14T00:28:19.633+0000] {processor.py:183} INFO - Processing /opt/airflow/dags/firstdag.py took 0.046 seconds
[2025-11-14T00:28:49.936+0000] {processor.py:161} INFO - Started process (PID=1755) to work on /opt/airflow/dags/firstdag.py
[2025-11-14T00:28:49.939+0000] {processor.py:830} INFO - Processing file /opt/airflow/dags/firstdag.py for tasks to queue
[2025-11-14T00:28:49.941+0000] {logging_mixin.py:188} INFO - [2025-11-14T00:28:49.940+0000] {dagbag.py:540} INFO - Filling up the DagBag from /opt/airflow/dags/firstdag.py
[2025-11-14T00:28:49.982+0000] {logging_mixin.py:188} INFO - [2025-11-14T00:28:49.974+0000] {dagbag.py:350} ERROR - Failed to import: /opt/airflow/dags/firstdag.py
Traceback (most recent call last):
  File "/home/airflow/.local/lib/python3.8/site-packages/airflow/models/dagbag.py", line 346, in parse
    loader.exec_module(new_module)
  File "<frozen importlib._bootstrap_external>", line 843, in exec_module
  File "<frozen importlib._bootstrap>", line 219, in _call_with_frames_removed
  File "/opt/airflow/dags/firstdag.py", line 19, in <module>
    dagrun_timeout=timedelta(minutes=45),
NameError: name 'timedelta' is not defined
[2025-11-14T00:28:49.986+0000] {processor.py:842} WARNING - No viable dags retrieved from /opt/airflow/dags/firstdag.py
[2025-11-14T00:28:50.031+0000] {processor.py:183} INFO - Processing /opt/airflow/dags/firstdag.py took 0.103 seconds
